#
# A fatal error has been detected by the Java Runtime Environment:
#
#  EXCEPTION_ACCESS_VIOLATION (0xc0000005) at pc=0x00007fff5000e0a9, pid=7432, tid=14312
#
# JRE version: OpenJDK Runtime Environment Microsoft-8035246 (17.0.8+7) (build 17.0.8+7-LTS)
# Java VM: OpenJDK 64-Bit Server VM Microsoft-8035246 (17.0.8+7-LTS, mixed mode, sharing, tiered, compressed oops, compressed class ptrs, g1 gc, windows-amd64)
# Problematic frame:
# V  [jvm.dll+0x2be0a9]
#
# No core dump will be written. Minidumps are not enabled by default on client versions of Windows
#
# If you would like to submit a bug report, please visit:
#   https://github.com/microsoft/openjdk/issues
#

---------------  S U M M A R Y ------------

Command Line: -XX:MaxMetaspaceSize=512m --add-opens=java.base/java.util=ALL-UNNAMED --add-opens=java.base/java.lang=ALL-UNNAMED --add-opens=java.base/java.lang.invoke=ALL-UNNAMED --add-opens=java.prefs/java.util.prefs=ALL-UNNAMED --add-opens=java.base/java.nio.charset=ALL-UNNAMED --add-opens=java.base/java.net=ALL-UNNAMED --add-opens=java.base/java.util.concurrent.atomic=ALL-UNNAMED -Xmx2048m -Dfile.encoding=windows-1252 -Duser.country=US -Duser.language=en -Duser.variant -javaagent:C:\Users\Hamza Pervaiz\.gradle\wrapper\dists\gradle-8.3-all\6en3ugtfdg5xnpx44z4qbwgas\gradle-8.3\lib\agents\gradle-instrumentation-agent-8.3.jar org.gradle.launcher.daemon.bootstrap.GradleDaemon 8.3

Host: Intel(R) Core(TM) i7-7500U CPU @ 2.70GHz, 4 cores, 15G,  Windows 10 , 64 bit Build 19041 (10.0.19041.3636)
Time: Thu Apr 18 15:28:43 2024 Pakistan Standard Time elapsed time: 84.640075 seconds (0d 0h 1m 24s)

---------------  T H R E A D  ---------------

Current thread (0x00000137caa321e0):  JavaThread "C2 CompilerThread1" daemon [_thread_in_native, id=14312, stack(0x00000022d9600000,0x00000022d9700000)]


Current CompileTask:
C2:  84640 16374   !   4       org.gradle.cache.internal.DefaultMultiProcessSafeIndexedCache::getIfPresent (25 bytes)

Stack: [0x00000022d9600000,0x00000022d9700000],  sp=0x00000022d96fb570,  free space=1005k
Native frames: (J=compiled Java code, j=interpreted, Vv=VM code, C=native code)
V  [jvm.dll+0x2be0a9]
V  [jvm.dll+0x21ba8b]
V  [jvm.dll+0x21944b]
V  [jvm.dll+0x1a56b6]
V  [jvm.dll+0x2291ea]
V  [jvm.dll+0x22724c]
V  [jvm.dll+0x7efd0c]
V  [jvm.dll+0x7ea13a]
V  [jvm.dll+0x67ad85]
C  [ucrtbase.dll+0x21bb2]
C  [KERNEL32.DLL+0x17344]
C  [ntdll.dll+0x526b1]


siginfo: EXCEPTION_ACCESS_VIOLATION (0xc0000005), reading address 0x0000000000000028


Register to memory mapping:

RIP=0x00007fff5000e0a9 jvm.dll
RAX=0x00000137d71288d0 points into unknown readable memory: 0x0000000000000000 | 00 00 00 00 00 00 00 00
RBX=0x00000000000017a9 is an unknown value
RCX=0x0 is NULL
RDX=0x0 is NULL
RSP=0x00000022d96fb570 is pointing into the stack for thread: 0x00000137caa321e0
RBP=0x00000022d96fb5e0 is pointing into the stack for thread: 0x00000137caa321e0
RSI=0x0 is NULL
RDI=0x0000000000000049 is an unknown value
R8 =0x000000000000ffe0 is an unknown value
R9 =0x0 is NULL
R10=0x00007fffe9640000 VCRUNTIME140.dll
R11=0x00000137d71288f0 points into unknown readable memory: 0x0000000000000000 | 00 00 00 00 00 00 00 00
R12=0x0000000000000050 is an unknown value
R13=0x0 is NULL
R14=0x0 is NULL
R15=0x00000022d96fe790 is pointing into the stack for thread: 0x00000137caa321e0


Registers:
RAX=0x00000137d71288d0, RBX=0x00000000000017a9, RCX=0x0000000000000000, RDX=0x0000000000000000
RSP=0x00000022d96fb570, RBP=0x00000022d96fb5e0, RSI=0x0000000000000000, RDI=0x0000000000000049
R8 =0x000000000000ffe0, R9 =0x0000000000000000, R10=0x00007fffe9640000, R11=0x00000137d71288f0
R12=0x0000000000000050, R13=0x0000000000000000, R14=0x0000000000000000, R15=0x00000022d96fe790
RIP=0x00007fff5000e0a9, EFLAGS=0x0000000000010202

Top of Stack: (sp=0x00000022d96fb570)
0x00000022d96fb570:   00000000000017a9 0000000000000000
0x00000022d96fb580:   00000022d96fe790 00007fff4ff738d1
0x00000022d96fb590:   00000137d6fabdd0 00007fff00002000
0x00000022d96fb5a0:   00000137d71288d0 0000000000000000
0x00000022d96fb5b0:   0000000000000002 00000137d77b7ac0
0x00000022d96fb5c0:   0000000000000002 00000137d6fabdd0
0x00000022d96fb5d0:   0000000000000000 0000000000000000
0x00000022d96fb5e0:   00000137d063f0d0 000001378b31cc40
0x00000022d96fb5f0:   0000000000000049 00007fff50694c08
0x00000022d96fb600:   00000022d96fb710 00007fff4ff6ba8b
0x00000022d96fb610:   00000022d96fe790 00007fff50694c08
0x00000022d96fb620:   00000022d96fe790 00000022d96fb710
0x00000022d96fb630:   0000013700000000 00007fff5036b7fb
0x00000022d96fb640:   000000220000000f 00000022d96fe790
0x00000022d96fb650:   00000022d96fb7c0 0000000000000000
0x00000022d96fb660:   0000013700000100 00007fff50694c08 

Instructions: (pc=0x00007fff5000e0a9)
0x00007fff5000dfa9:   3b d0 75 0b ff c1 41 3b c9 7c dc 48 8b c2 c3 33
0x00007fff5000dfb9:   c0 c3 cc cc cc cc cc 48 89 5c 24 18 55 56 57 41
0x00007fff5000dfc9:   55 41 57 48 8b ec 48 83 ec 70 65 48 8b 04 25 58
0x00007fff5000dfd9:   00 00 00 48 8b f2 44 8b 05 d2 8b 90 00 4c 8b f9
0x00007fff5000dfe9:   4a 8b 1c c0 b8 50 00 00 00 80 3c 18 00 75 05 e8
0x00007fff5000dff9:   8b 6f 5d 00 b8 20 00 00 00 48 8b 04 18 48 8b 98
0x00007fff5000e009:   38 02 00 00 48 89 5d b0 c7 45 b8 04 00 00 00 48
0x00007fff5000e019:   8b 43 18 48 83 f8 df 76 18 4c 8d 05 37 a9 65 00
0x00007fff5000e029:   ba 20 00 00 00 48 8b cb e8 5a eb de ff 48 8b 43
0x00007fff5000e039:   18 48 8d 48 20 48 3b 4b 20 76 11 45 33 c0 48 8b
0x00007fff5000e049:   cb 41 8d 50 20 e8 fd e8 de ff eb 04 48 89 4b 18
0x00007fff5000e059:   44 8b 45 b8 33 d2 49 c1 e0 03 48 8b c8 48 89 45
0x00007fff5000e069:   c0 e8 e3 80 5d 00 45 33 ed 48 8d 4d d0 44 89 6d
0x00007fff5000e079:   c8 e8 01 59 56 00 41 8b 9f 40 02 00 00 41 2b 9f
0x00007fff5000e089:   68 02 00 00 44 89 6d f0 3b 5d b8 72 0b 8b d3 48
0x00007fff5000e099:   8d 4d b0 e8 6f b3 39 00 48 8b 45 c0 4c 89 2c d8
0x00007fff5000e0a9:   8b 7e 28 8b df c1 eb 05 3b 5d d0 72 0b 8b d3 48
0x00007fff5000e0b9:   8d 4d d0 e8 1f 59 56 00 48 8b 45 d8 83 e7 1f 48
0x00007fff5000e0c9:   8d 14 98 40 0f b6 cf 41 b8 01 00 00 00 41 d3 e0
0x00007fff5000e0d9:   8b 0a 8b c1 41 0b c0 89 02 41 85 c8 75 21 8b 5d
0x00007fff5000e0e9:   c8 8d 43 01 89 45 c8 3b 5d b8 72 0b 8b d3 48 8d
0x00007fff5000e0f9:   4d b0 e8 10 b3 39 00 48 8b 45 c0 48 89 34 d8 44
0x00007fff5000e109:   39 6d c8 0f 86 77 01 00 00 4c 89 a4 24 a0 00 00
0x00007fff5000e119:   00 4c 89 b4 24 a8 00 00 00 48 8b 45 c0 41 8b cd
0x00007fff5000e129:   48 8b 34 c8 8b 46 2c 25 ff 1f 00 00 3d 04 10 00
0x00007fff5000e139:   00 0f 85 a7 00 00 00 bb 01 00 00 00 39 5e 18 76
0x00007fff5000e149:   39 66 0f 1f 44 00 00 48 8b 46 08 8b cb 48 8b 14
0x00007fff5000e159:   c8 48 85 d2 74 1d 48 83 7a 10 00 74 16 80 7a 2c
0x00007fff5000e169:   84 74 10 e8 7f 7e ee ff 48 8b d0 49 8b cf e8 a4
0x00007fff5000e179:   61 f6 ff ff c3 3b 5e 18 72 cd 48 8b 5e 10 8b 46
0x00007fff5000e189:   20 4c 8d 34 c3 49 3b de 73 54 48 8b 3b 8b 47 2c
0x00007fff5000e199:   83 e0 03 3c 03 75 2e 48 8b 07 48 8b cf ff 90 88 


Stack slot to memory mapping:
stack at sp + 0 slots: 0x00000000000017a9 is an unknown value
stack at sp + 1 slots: 0x0 is NULL
stack at sp + 2 slots: 0x00000022d96fe790 is pointing into the stack for thread: 0x00000137caa321e0
stack at sp + 3 slots: 0x00007fff4ff738d1 jvm.dll
stack at sp + 4 slots: 0x00000137d6fabdd0 points into unknown readable memory: 0x0000000c00000006 | 06 00 00 00 0c 00 00 00
stack at sp + 5 slots: 0x00007fff00002000 is an unknown value
stack at sp + 6 slots: 0x00000137d71288d0 points into unknown readable memory: 0x0000000000000000 | 00 00 00 00 00 00 00 00
stack at sp + 7 slots: 0x0 is NULL


---------------  P R O C E S S  ---------------

Threads class SMR info:
_java_thread_list=0x00000137caaabb90, length=92, elements={
0x000001378b305a30, 0x00000137aae58910, 0x00000137aae59e40, 0x00000137aae6e4b0,
0x00000137aae71150, 0x00000137aae72b90, 0x00000137aae73460, 0x00000137aae74110,
0x00000137aae75270, 0x00000137aae8e7a0, 0x00000137aae42e50, 0x00000137ca1b6a90,
0x00000137cba6a650, 0x00000137cb258220, 0x00000137caa57f70, 0x00000137cc316010,
0x00000137cb88d8f0, 0x00000137ca297250, 0x00000137ca295e10, 0x00000137ca2990b0,
0x00000137ca298690, 0x00000137ca297760, 0x00000137ca298180, 0x00000137ca296320,
0x00000137ca297c70, 0x00000137ca298ba0, 0x00000137ca296830, 0x00000137ca296d40,
0x00000137cc4c3b20, 0x00000137cc4c0880, 0x00000137cc4c5980, 0x00000137cc4c0d90,
0x00000137cc4c3610, 0x00000137cc4c0370, 0x00000137cc4bf440, 0x00000137cc4c12a0,
0x00000137cc4c4030, 0x00000137cc4c26e0, 0x00000137cc4c1cc0, 0x00000137cc4c17b0,
0x00000137cc4c4f60, 0x00000137cc4c5e90, 0x00000137cc4c2bf0, 0x00000137cc4bef30,
0x00000137cc4c3100, 0x00000137cc4c68b0, 0x00000137cc4c63a0, 0x00000137cc4c5470,
0x00000137cd5f9500, 0x00000137cd600970, 0x00000137cd600e80, 0x00000137cd5feb10,
0x00000137cd5fff50, 0x00000137cd5f9f20, 0x00000137cd5fccb0, 0x00000137cd5f9a10,
0x00000137cd5fb360, 0x00000137cd5fc290, 0x00000137cd5fb870, 0x00000137cd5fa940,
0x00000137cd5fae50, 0x00000137cd5fbd80, 0x00000137cd5fa430, 0x00000137cd5fd6d0,
0x00000137cd5fe600, 0x00000137cd5ff020, 0x00000137cd5ff530, 0x00000137d01138b0,
0x00000137d010e2a0, 0x00000137d010ecc0, 0x00000137d010f1d0, 0x00000137d01147e0,
0x00000137d010f6e0, 0x00000137d0111a50, 0x00000137d0110100, 0x00000137d0114cf0,
0x00000137d0110610, 0x00000137d0115200, 0x00000137d0110b20, 0x00000137d0111f60,
0x00000137d0112470, 0x00000137d0112980, 0x00000137d0115710, 0x00000137d0115c20,
0x00000137d010e7b0, 0x00000137d0111030, 0x00000137ca295900, 0x00000137cc3fb500,
0x00000137cc3fdd80, 0x00000137cc3fe290, 0x00000137cc3fecb0, 0x00000137caa321e0
}

Java Threads: ( => current thread )
  0x000001378b305a30 JavaThread "main" [_thread_blocked, id=1932, stack(0x00000022d9900000,0x00000022d9a00000)]
  0x00000137aae58910 JavaThread "Reference Handler" daemon [_thread_blocked, id=10836, stack(0x00000022da000000,0x00000022da100000)]
  0x00000137aae59e40 JavaThread "Finalizer" daemon [_thread_blocked, id=8704, stack(0x00000022da100000,0x00000022da200000)]
  0x00000137aae6e4b0 JavaThread "Signal Dispatcher" daemon [_thread_blocked, id=4948, stack(0x00000022da200000,0x00000022da300000)]
  0x00000137aae71150 JavaThread "Attach Listener" daemon [_thread_blocked, id=9980, stack(0x00000022da300000,0x00000022da400000)]
  0x00000137aae72b90 JavaThread "Service Thread" daemon [_thread_blocked, id=1712, stack(0x00000022da400000,0x00000022da500000)]
  0x00000137aae73460 JavaThread "Monitor Deflation Thread" daemon [_thread_blocked, id=8500, stack(0x00000022da500000,0x00000022da600000)]
  0x00000137aae74110 JavaThread "C2 CompilerThread0" daemon [_thread_in_native, id=7808, stack(0x00000022da600000,0x00000022da700000)]
  0x00000137aae75270 JavaThread "C1 CompilerThread0" daemon [_thread_blocked, id=7036, stack(0x00000022da700000,0x00000022da800000)]
  0x00000137aae8e7a0 JavaThread "Sweeper thread" daemon [_thread_blocked, id=10468, stack(0x00000022da800000,0x00000022da900000)]
  0x00000137aae42e50 JavaThread "Common-Cleaner" daemon [_thread_blocked, id=9412, stack(0x00000022da900000,0x00000022daa00000)]
  0x00000137ca1b6a90 JavaThread "Notification Thread" daemon [_thread_blocked, id=10108, stack(0x00000022daa00000,0x00000022dab00000)]
  0x00000137cba6a650 JavaThread "Daemon health stats" [_thread_blocked, id=13348, stack(0x00000022db000000,0x00000022db100000)]
  0x00000137cb258220 JavaThread "Incoming local TCP Connector on port 58661" [_thread_in_native, id=13352, stack(0x00000022dac00000,0x00000022dad00000)]
  0x00000137caa57f70 JavaThread "Daemon periodic checks" [_thread_blocked, id=13360, stack(0x00000022db100000,0x00000022db200000)]
  0x00000137cc316010 JavaThread "Daemon" [_thread_blocked, id=13368, stack(0x00000022db200000,0x00000022db300000)]
  0x00000137cb88d8f0 JavaThread "Handler for socket connection from /127.0.0.1:58661 to /127.0.0.1:58662" [_thread_in_native, id=13372, stack(0x00000022db300000,0x00000022db400000)]
  0x00000137ca297250 JavaThread "Cancel handler" [_thread_blocked, id=13376, stack(0x00000022db400000,0x00000022db500000)]
  0x00000137ca295e10 JavaThread "Daemon worker" [_thread_blocked, id=13380, stack(0x00000022db500000,0x00000022db600000)]
  0x00000137ca2990b0 JavaThread "Asynchronous log dispatcher for DefaultDaemonConnection: socket connection from /127.0.0.1:58661 to /127.0.0.1:58662" [_thread_blocked, id=13392, stack(0x00000022db600000,0x00000022db700000)]
  0x00000137ca298690 JavaThread "Stdin handler" [_thread_blocked, id=13396, stack(0x00000022db700000,0x00000022db800000)]
  0x00000137ca297760 JavaThread "Daemon client event forwarder" [_thread_blocked, id=13400, stack(0x00000022db800000,0x00000022db900000)]
  0x00000137ca298180 JavaThread "Cache worker for journal cache (C:\Users\Hamza Pervaiz\.gradle\caches\journal-1)" [_thread_blocked, id=13408, stack(0x00000022db900000,0x00000022dba00000)]
  0x00000137ca296320 JavaThread "File lock request listener" [_thread_in_native, id=13412, stack(0x00000022dba00000,0x00000022dbb00000)]
  0x00000137ca297c70 JavaThread "Cache worker for file hash cache (C:\Users\Hamza Pervaiz\.gradle\caches\8.3\fileHashes)" [_thread_blocked, id=13416, stack(0x00000022dbb00000,0x00000022dbc00000)]
  0x00000137ca298ba0 JavaThread "File watcher server" daemon [_thread_in_native, id=13432, stack(0x00000022dbc00000,0x00000022dbd00000)]
  0x00000137ca296830 JavaThread "File watcher consumer" daemon [_thread_blocked, id=13440, stack(0x00000022dbd00000,0x00000022dbe00000)]
  0x00000137ca296d40 JavaThread "Cache worker for checksums cache (E:\React Project\DigitalDynasty\android\.gradle\8.3\checksums)" [_thread_blocked, id=13444, stack(0x00000022dbe00000,0x00000022dbf00000)]
  0x00000137cc4c3b20 JavaThread "Cache worker for file hash cache (E:\React Project\DigitalDynasty\android\.gradle\8.3\fileHashes)" [_thread_blocked, id=13448, stack(0x00000022dbf00000,0x00000022dc000000)]
  0x00000137cc4c0880 JavaThread "Cache worker for cache directory md-supplier (C:\Users\Hamza Pervaiz\.gradle\caches\8.3\md-supplier)" [_thread_blocked, id=13452, stack(0x00000022dc000000,0x00000022dc100000)]
  0x00000137cc4c5980 JavaThread "Cache worker for file content cache (C:\Users\Hamza Pervaiz\.gradle\caches\8.3\fileContent)" [_thread_blocked, id=13456, stack(0x00000022dc100000,0x00000022dc200000)]
  0x00000137cc4c0d90 JavaThread "Cache worker for cache directory md-rule (C:\Users\Hamza Pervaiz\.gradle\caches\8.3\md-rule)" [_thread_blocked, id=13460, stack(0x00000022dc200000,0x00000022dc300000)]
  0x00000137cc4c3610 JavaThread "Cache worker for execution history cache (C:\Users\Hamza Pervaiz\.gradle\caches\8.3\executionHistory)" [_thread_blocked, id=13464, stack(0x00000022dc300000,0x00000022dc400000)]
  0x00000137cc4c0370 JavaThread "jar transforms" [_thread_blocked, id=13488, stack(0x00000022dc500000,0x00000022dc600000)]
  0x00000137cc4bf440 JavaThread "jar transforms Thread 2" [_thread_blocked, id=13492, stack(0x00000022dc600000,0x00000022dc700000)]
  0x00000137cc4c12a0 JavaThread "jar transforms Thread 3" [_thread_blocked, id=13496, stack(0x00000022dc700000,0x00000022dc800000)]
  0x00000137cc4c4030 JavaThread "jar transforms Thread 4" [_thread_blocked, id=13500, stack(0x00000022dc800000,0x00000022dc900000)]
  0x00000137cc4c26e0 JavaThread "Cache worker for kotlin-dsl (C:\Users\Hamza Pervaiz\.gradle\caches\8.3\kotlin-dsl)" [_thread_blocked, id=13792, stack(0x00000022dc900000,0x00000022dca00000)]
  0x00000137cc4c1cc0 JavaThread "Unconstrained build operations" [_thread_blocked, id=13960, stack(0x00000022d9700000,0x00000022d9800000)]
  0x00000137cc4c17b0 JavaThread "Unconstrained build operations Thread 2" [_thread_blocked, id=13964, stack(0x00000022dc400000,0x00000022dc500000)]
  0x00000137cc4c4f60 JavaThread "Cache worker for dependencies-accessors (E:\React Project\DigitalDynasty\android\.gradle\8.3\dependencies-accessors)" [_thread_blocked, id=13972, stack(0x00000022dcc00000,0x00000022dcd00000)]
  0x00000137cc4c5e90 JavaThread "Cache worker for Build Output Cleanup Cache (E:\React Project\DigitalDynasty\node_modules\@react-native\gradle-plugin\.gradle\buildOutputCleanup)" [_thread_blocked, id=14012, stack(0x00000022dcd00000,0x00000022dce00000)]
  0x00000137cc4c2bf0 JavaThread "Unconstrained build operations Thread 3" [_thread_blocked, id=14068, stack(0x00000022dcf00000,0x00000022dd000000)]
  0x00000137cc4bef30 JavaThread "Unconstrained build operations Thread 4" [_thread_blocked, id=14072, stack(0x00000022dd000000,0x00000022dd100000)]
  0x00000137cc4c3100 JavaThread "Unconstrained build operations Thread 5" [_thread_blocked, id=14076, stack(0x00000022dd100000,0x00000022dd200000)]
  0x00000137cc4c68b0 JavaThread "Memory manager" [_thread_blocked, id=14132, stack(0x00000022dd300000,0x00000022dd400000)]
  0x00000137cc4c63a0 JavaThread "Cache worker for Build Output Cleanup Cache (E:\React Project\DigitalDynasty\android\.gradle\buildOutputCleanup)" [_thread_blocked, id=14148, stack(0x00000022dd200000,0x00000022dd300000)]
  0x00000137cc4c5470 JavaThread "ForkJoinPool.commonPool-worker-1" daemon [_thread_blocked, id=14176, stack(0x00000022dd500000,0x00000022dd600000)]
  0x00000137cd5f9500 JavaThread "ForkJoinPool.commonPool-worker-2" daemon [_thread_blocked, id=14180, stack(0x00000022dd600000,0x00000022dd700000)]
  0x00000137cd600970 JavaThread "ForkJoinPool.commonPool-worker-3" daemon [_thread_blocked, id=14184, stack(0x00000022dd700000,0x00000022dd800000)]
  0x00000137cd600e80 JavaThread "included builds" [_thread_blocked, id=14188, stack(0x00000022dd800000,0x00000022dd900000)]
  0x00000137cd5feb10 JavaThread "Execution worker" [_thread_blocked, id=14192, stack(0x00000022dd900000,0x00000022dda00000)]
  0x00000137cd5fff50 JavaThread "Execution worker Thread 2" [_thread_blocked, id=14196, stack(0x00000022dda00000,0x00000022ddb00000)]
  0x00000137cd5f9f20 JavaThread "Execution worker Thread 3" [_thread_blocked, id=14200, stack(0x00000022ddb00000,0x00000022ddc00000)]
  0x00000137cd5fccb0 JavaThread "Cache worker for execution history cache (E:\React Project\DigitalDynasty\node_modules\@react-native\gradle-plugin\.gradle\8.3\executionHistory)" [_thread_blocked, id=14204, stack(0x00000022ddc00000,0x00000022ddd00000)]
  0x00000137cd5f9a10 JavaThread "Unconstrained build operations Thread 6" [_thread_blocked, id=14216, stack(0x00000022ddd00000,0x00000022dde00000)]
  0x00000137cd5fb360 JavaThread "Unconstrained build operations Thread 7" [_thread_in_vm, id=14220, stack(0x00000022dde00000,0x00000022ddf00000)] _threads_hazard_ptr=0x00000137caaabb90
  0x00000137cd5fc290 JavaThread "Unconstrained build operations Thread 8" [_thread_blocked, id=14224, stack(0x00000022ddf00000,0x00000022de000000)]
  0x00000137cd5fb870 JavaThread "Unconstrained build operations Thread 9" [_thread_blocked, id=14232, stack(0x00000022de000000,0x00000022de100000)]
  0x00000137cd5fa940 JavaThread "Unconstrained build operations Thread 10" [_thread_blocked, id=14236, stack(0x00000022de100000,0x00000022de200000)]
  0x00000137cd5fae50 JavaThread "Unconstrained build operations Thread 11" [_thread_blocked, id=14244, stack(0x00000022de200000,0x00000022de300000)]
  0x00000137cd5fbd80 JavaThread "Unconstrained build operations Thread 12" [_thread_blocked, id=14248, stack(0x00000022de300000,0x00000022de400000)]
  0x00000137cd5fa430 JavaThread "Unconstrained build operations Thread 13" [_thread_blocked, id=14252, stack(0x00000022de400000,0x00000022de500000)]
  0x00000137cd5fd6d0 JavaThread "Unconstrained build operations Thread 14" [_thread_blocked, id=10892, stack(0x00000022d9800000,0x00000022d9900000)]
  0x00000137cd5fe600 JavaThread "Unconstrained build operations Thread 15" [_thread_blocked, id=7200, stack(0x00000022dd400000,0x00000022dd500000)]
  0x00000137cd5ff020 JavaThread "Unconstrained build operations Thread 16" [_thread_blocked, id=2040, stack(0x00000022de500000,0x00000022de600000)]
  0x00000137cd5ff530 JavaThread "Unconstrained build operations Thread 17" [_thread_blocked, id=2468, stack(0x00000022de600000,0x00000022de700000)]
  0x00000137d01138b0 JavaThread "Unconstrained build operations Thread 18" [_thread_blocked, id=12800, stack(0x00000022de700000,0x00000022de800000)]
  0x00000137d010e2a0 JavaThread "Unconstrained build operations Thread 19" [_thread_blocked, id=14164, stack(0x00000022de800000,0x00000022de900000)]
  0x00000137d010ecc0 JavaThread "Unconstrained build operations Thread 20" [_thread_blocked, id=12940, stack(0x00000022de900000,0x00000022dea00000)]
  0x00000137d010f1d0 JavaThread "Unconstrained build operations Thread 21" [_thread_blocked, id=10880, stack(0x00000022dea00000,0x00000022deb00000)]
  0x00000137d01147e0 JavaThread "Unconstrained build operations Thread 22" [_thread_blocked, id=6496, stack(0x00000022deb00000,0x00000022dec00000)]
  0x00000137d010f6e0 JavaThread "Unconstrained build operations Thread 23" [_thread_blocked, id=12404, stack(0x00000022dec00000,0x00000022ded00000)]
  0x00000137d0111a50 JavaThread "Unconstrained build operations Thread 24" [_thread_blocked, id=3280, stack(0x00000022ded00000,0x00000022dee00000)]
  0x00000137d0110100 JavaThread "Unconstrained build operations Thread 25" [_thread_blocked, id=12532, stack(0x00000022dee00000,0x00000022def00000)]
  0x00000137d0114cf0 JavaThread "Unconstrained build operations Thread 26" [_thread_blocked, id=11412, stack(0x00000022def00000,0x00000022df000000)]
  0x00000137d0110610 JavaThread "Unconstrained build operations Thread 27" [_thread_blocked, id=4484, stack(0x00000022df000000,0x00000022df100000)]
  0x00000137d0115200 JavaThread "Unconstrained build operations Thread 28" [_thread_blocked, id=12868, stack(0x00000022df100000,0x00000022df200000)]
  0x00000137d0110b20 JavaThread "Unconstrained build operations Thread 29" [_thread_blocked, id=2760, stack(0x00000022df200000,0x00000022df300000)]
  0x00000137d0111f60 JavaThread "Unconstrained build operations Thread 30" [_thread_blocked, id=9772, stack(0x00000022df300000,0x00000022df400000)]
  0x00000137d0112470 JavaThread "Unconstrained build operations Thread 31" [_thread_blocked, id=10536, stack(0x00000022df400000,0x00000022df500000)]
  0x00000137d0112980 JavaThread "Unconstrained build operations Thread 32" [_thread_blocked, id=4732, stack(0x00000022df500000,0x00000022df600000)]
  0x00000137d0115710 JavaThread "Unconstrained build operations Thread 33" [_thread_blocked, id=12732, stack(0x00000022df600000,0x00000022df700000)]
  0x00000137d0115c20 JavaThread "Unconstrained build operations Thread 34" [_thread_blocked, id=4936, stack(0x00000022df700000,0x00000022df800000)]
  0x00000137d010e7b0 JavaThread "Unconstrained build operations Thread 35" [_thread_blocked, id=13240, stack(0x00000022df800000,0x00000022df900000)]
  0x00000137d0111030 JavaThread "Unconstrained build operations Thread 36" [_thread_blocked, id=13292, stack(0x00000022df900000,0x00000022dfa00000)]
  0x00000137ca295900 JavaThread "Unconstrained build operations Thread 37" [_thread_blocked, id=12640, stack(0x00000022dfa00000,0x00000022dfb00000)]
  0x00000137cc3fb500 JavaThread "Unconstrained build operations Thread 38" [_thread_blocked, id=12408, stack(0x00000022dfb00000,0x00000022dfc00000)]
  0x00000137cc3fdd80 JavaThread "Unconstrained build operations Thread 39" [_thread_blocked, id=12056, stack(0x00000022dfc00000,0x00000022dfd00000)]
  0x00000137cc3fe290 JavaThread "Unconstrained build operations Thread 40" [_thread_blocked, id=8180, stack(0x00000022dfd00000,0x00000022dfe00000)]
  0x00000137cc3fecb0 JavaThread "Cache worker for execution history cache (E:\React Project\DigitalDynasty\android\.gradle\8.3\executionHistory)" [_thread_blocked, id=3664, stack(0x00000022dfe00000,0x00000022dff00000)]
=>0x00000137caa321e0 JavaThread "C2 CompilerThread1" daemon [_thread_in_native, id=14312, stack(0x00000022d9600000,0x00000022d9700000)]

Other Threads:
  0x00000137aae53d90 VMThread "VM Thread" [stack: 0x00000022d9f00000,0x00000022da000000] [id=13116]
  0x00000137ca1a7b60 WatcherThread [stack: 0x00000022dab00000,0x00000022dac00000] [id=6672]
  0x000001378b2be7c0 GCTaskThread "GC Thread#0" [stack: 0x00000022d9a00000,0x00000022d9b00000] [id=3008]
  0x00000137ca4068a0 GCTaskThread "GC Thread#1" [stack: 0x00000022dad00000,0x00000022dae00000] [id=6600]
  0x00000137ca4a4c20 GCTaskThread "GC Thread#2" [stack: 0x00000022dae00000,0x00000022daf00000] [id=5444]
  0x00000137ca4a4ee0 GCTaskThread "GC Thread#3" [stack: 0x00000022daf00000,0x00000022db000000] [id=7048]
  0x000001378b36eda0 ConcurrentGCThread "G1 Main Marker" [stack: 0x00000022d9b00000,0x00000022d9c00000] [id=10024]
  0x000001378b36f6c0 ConcurrentGCThread "G1 Conc#0" [stack: 0x00000022d9c00000,0x00000022d9d00000] [id=11456]
  0x000001378b3bea80 ConcurrentGCThread "G1 Refine#0" [stack: 0x00000022d9d00000,0x00000022d9e00000] [id=7084]
  0x00000137aad0dd50 ConcurrentGCThread "G1 Service" [stack: 0x00000022d9e00000,0x00000022d9f00000] [id=10796]

Threads with active compile tasks:
C2 CompilerThread0    84772 16379   !   4       java.util.concurrent.ArrayBlockingQueue::poll (83 bytes)
C2 CompilerThread1    84772 16374   !   4       org.gradle.cache.internal.DefaultMultiProcessSafeIndexedCache::getIfPresent (25 bytes)

VM state: not at safepoint (normal execution)

VM Mutex/Monitor currently owned by a thread: None

Heap address: 0x0000000080000000, size: 2048 MB, Compressed Oops mode: 32-bit

CDS archive(s) mapped at: [0x00000137ab000000-0x00000137abbd0000-0x00000137abbd0000), size 12386304, SharedBaseAddress: 0x00000137ab000000, ArchiveRelocationMode: 1.
Compressed class space mapped at: 0x00000137ac000000-0x00000137c6000000, reserved size: 436207616
Narrow klass base: 0x00000137ab000000, Narrow klass shift: 0, Narrow klass range: 0x100000000

GC Precious Log:
 CPUs: 4 total, 4 available
 Memory: 16169M
 Large Page Support: Disabled
 NUMA Support: Disabled
 Compressed Oops: Enabled (32-bit)
 Heap Region Size: 1M
 Heap Min Capacity: 8M
 Heap Initial Capacity: 254M
 Heap Max Capacity: 2G
 Pre-touch: Disabled
 Parallel Workers: 4
 Concurrent Workers: 1
 Concurrent Refinement Workers: 4
 Periodic GC: Disabled

Heap:
 garbage-first heap   total 249856K, used 191295K [0x0000000080000000, 0x0000000100000000)
  region size 1024K, 6 young (6144K), 4 survivors (4096K)
 Metaspace       used 108776K, committed 110016K, reserved 557056K
  class space    used 15081K, committed 15616K, reserved 425984K

Heap Regions: E=young(eden), S=young(survivor), O=old, HS=humongous(starts), HC=humongous(continues), CS=collection set, F=free, OA=open archive, CA=closed archive, TAMS=top-at-mark-start (previous, next)
|   0|0x0000000080000000, 0x0000000080100000, 0x0000000080100000|100%| O|  |TAMS 0x0000000080100000, 0x0000000080000000| Untracked 
|   1|0x0000000080100000, 0x0000000080200000, 0x0000000080200000|100%| O|  |TAMS 0x0000000080200000, 0x0000000080100000| Untracked 
|   2|0x0000000080200000, 0x0000000080300000, 0x0000000080300000|100%|HS|  |TAMS 0x0000000080300000, 0x0000000080200000| Complete 
|   3|0x0000000080300000, 0x0000000080400000, 0x0000000080400000|100%|HC|  |TAMS 0x0000000080400000, 0x0000000080300000| Complete 
|   4|0x0000000080400000, 0x0000000080500000, 0x0000000080500000|100%|HC|  |TAMS 0x0000000080500000, 0x0000000080400000| Complete 
|   5|0x0000000080500000, 0x0000000080600000, 0x0000000080600000|100%|HC|  |TAMS 0x0000000080600000, 0x0000000080500000| Complete 
|   6|0x0000000080600000, 0x0000000080700000, 0x0000000080700000|100%| O|  |TAMS 0x0000000080700000, 0x0000000080600000| Untracked 
|   7|0x0000000080700000, 0x0000000080800000, 0x0000000080800000|100%| O|  |TAMS 0x0000000080800000, 0x0000000080700000| Untracked 
|   8|0x0000000080800000, 0x0000000080900000, 0x0000000080900000|100%| O|  |TAMS 0x0000000080900000, 0x0000000080800000| Untracked 
|   9|0x0000000080900000, 0x0000000080a00000, 0x0000000080a00000|100%| O|  |TAMS 0x0000000080a00000, 0x0000000080900000| Untracked 
|  10|0x0000000080a00000, 0x0000000080b00000, 0x0000000080b00000|100%| O|  |TAMS 0x0000000080b00000, 0x0000000080a00000| Untracked 
|  11|0x0000000080b00000, 0x0000000080c00000, 0x0000000080c00000|100%| O|  |TAMS 0x0000000080b00000, 0x0000000080b00000| Untracked 
|  12|0x0000000080c00000, 0x0000000080d00000, 0x0000000080d00000|100%| O|  |TAMS 0x0000000080d00000, 0x0000000080c00000| Untracked 
|  13|0x0000000080d00000, 0x0000000080e00000, 0x0000000080e00000|100%| O|  |TAMS 0x0000000080e00000, 0x0000000080d00000| Untracked 
|  14|0x0000000080e00000, 0x0000000080f00000, 0x0000000080f00000|100%| O|  |TAMS 0x0000000080f00000, 0x0000000080e00000| Untracked 
|  15|0x0000000080f00000, 0x0000000081000000, 0x0000000081000000|100%| O|  |TAMS 0x0000000081000000, 0x0000000080f00000| Untracked 
|  16|0x0000000081000000, 0x0000000081100000, 0x0000000081100000|100%| O|  |TAMS 0x0000000081100000, 0x0000000081000000| Untracked 
|  17|0x0000000081100000, 0x0000000081200000, 0x0000000081200000|100%| O|  |TAMS 0x0000000081200000, 0x0000000081100000| Untracked 
|  18|0x0000000081200000, 0x0000000081300000, 0x0000000081300000|100%| O|  |TAMS 0x0000000081300000, 0x0000000081200000| Untracked 
|  19|0x0000000081300000, 0x0000000081400000, 0x0000000081400000|100%| O|  |TAMS 0x0000000081400000, 0x0000000081300000| Untracked 
|  20|0x0000000081400000, 0x0000000081500000, 0x0000000081500000|100%| O|  |TAMS 0x0000000081500000, 0x0000000081400000| Untracked 
|  21|0x0000000081500000, 0x0000000081600000, 0x0000000081600000|100%| O|  |TAMS 0x0000000081600000, 0x0000000081500000| Untracked 
|  22|0x0000000081600000, 0x0000000081700000, 0x0000000081700000|100%| O|  |TAMS 0x0000000081700000, 0x0000000081600000| Untracked 
|  23|0x0000000081700000, 0x0000000081800000, 0x0000000081800000|100%| O|  |TAMS 0x0000000081800000, 0x0000000081700000| Untracked 
|  24|0x0000000081800000, 0x0000000081900000, 0x0000000081900000|100%| O|  |TAMS 0x0000000081900000, 0x0000000081800000| Untracked 
|  25|0x0000000081900000, 0x0000000081a00000, 0x0000000081a00000|100%| O|  |TAMS 0x0000000081a00000, 0x0000000081900000| Untracked 
|  26|0x0000000081a00000, 0x0000000081b00000, 0x0000000081b00000|100%| O|  |TAMS 0x0000000081b00000, 0x0000000081a00000| Untracked 
|  27|0x0000000081b00000, 0x0000000081c00000, 0x0000000081c00000|100%| O|  |TAMS 0x0000000081c00000, 0x0000000081b00000| Untracked 
|  28|0x0000000081c00000, 0x0000000081d00000, 0x0000000081d00000|100%| O|  |TAMS 0x0000000081d00000, 0x0000000081c00000| Untracked 
|  29|0x0000000081d00000, 0x0000000081e00000, 0x0000000081e00000|100%| O|  |TAMS 0x0000000081e00000, 0x0000000081d00000| Untracked 
|  30|0x0000000081e00000, 0x0000000081f00000, 0x0000000081f00000|100%| O|  |TAMS 0x0000000081e00000, 0x0000000081e00000| Untracked 
|  31|0x0000000081f00000, 0x0000000082000000, 0x0000000082000000|100%| O|  |TAMS 0x0000000082000000, 0x0000000081f00000| Untracked 
|  32|0x0000000082000000, 0x0000000082100000, 0x0000000082100000|100%| O|  |TAMS 0x0000000082100000, 0x0000000082000000| Untracked 
|  33|0x0000000082100000, 0x0000000082200000, 0x0000000082200000|100%| O|  |TAMS 0x0000000082200000, 0x0000000082100000| Untracked 
|  34|0x0000000082200000, 0x0000000082300000, 0x0000000082300000|100%| O|  |TAMS 0x0000000082300000, 0x0000000082200000| Untracked 
|  35|0x0000000082300000, 0x0000000082400000, 0x0000000082400000|100%| O|  |TAMS 0x0000000082400000, 0x0000000082300000| Untracked 
|  36|0x0000000082400000, 0x0000000082500000, 0x0000000082500000|100%| O|  |TAMS 0x0000000082500000, 0x0000000082400000| Untracked 
|  37|0x0000000082500000, 0x0000000082600000, 0x0000000082600000|100%| O|  |TAMS 0x0000000082600000, 0x0000000082500000| Untracked 
|  38|0x0000000082600000, 0x0000000082700000, 0x0000000082700000|100%| O|  |TAMS 0x0000000082700000, 0x0000000082600000| Untracked 
|  39|0x0000000082700000, 0x0000000082800000, 0x0000000082800000|100%| O|  |TAMS 0x0000000082800000, 0x0000000082700000| Untracked 
|  40|0x0000000082800000, 0x0000000082900000, 0x0000000082900000|100%|HS|  |TAMS 0x0000000082900000, 0x0000000082800000| Complete 
|  41|0x0000000082900000, 0x0000000082a00000, 0x0000000082a00000|100%|HC|  |TAMS 0x0000000082a00000, 0x0000000082900000| Complete 
|  42|0x0000000082a00000, 0x0000000082b00000, 0x0000000082b00000|100%|HS|  |TAMS 0x0000000082b00000, 0x0000000082a00000| Complete 
|  43|0x0000000082b00000, 0x0000000082c00000, 0x0000000082c00000|100%|HC|  |TAMS 0x0000000082c00000, 0x0000000082b00000| Complete 
|  44|0x0000000082c00000, 0x0000000082d00000, 0x0000000082d00000|100%| O|  |TAMS 0x0000000082d00000, 0x0000000082c00000| Untracked 
|  45|0x0000000082d00000, 0x0000000082e00000, 0x0000000082e00000|100%| O|  |TAMS 0x0000000082e00000, 0x0000000082d00000| Untracked 
|  46|0x0000000082e00000, 0x0000000082f00000, 0x0000000082f00000|100%|HS|  |TAMS 0x0000000082f00000, 0x0000000082e00000| Complete 
|  47|0x0000000082f00000, 0x0000000083000000, 0x0000000083000000|100%|HC|  |TAMS 0x0000000083000000, 0x0000000082f00000| Complete 
|  48|0x0000000083000000, 0x0000000083100000, 0x0000000083100000|100%|HC|  |TAMS 0x0000000083100000, 0x0000000083000000| Complete 
|  49|0x0000000083100000, 0x0000000083200000, 0x0000000083200000|100%|HC|  |TAMS 0x0000000083200000, 0x0000000083100000| Complete 
|  50|0x0000000083200000, 0x0000000083300000, 0x0000000083300000|100%| O|  |TAMS 0x0000000083300000, 0x0000000083200000| Untracked 
|  51|0x0000000083300000, 0x0000000083400000, 0x0000000083400000|100%| O|  |TAMS 0x0000000083400000, 0x0000000083300000| Untracked 
|  52|0x0000000083400000, 0x0000000083500000, 0x0000000083500000|100%| O|  |TAMS 0x0000000083500000, 0x0000000083400000| Untracked 
|  53|0x0000000083500000, 0x0000000083600000, 0x0000000083600000|100%| O|  |TAMS 0x0000000083600000, 0x0000000083500000| Untracked 
|  54|0x0000000083600000, 0x0000000083700000, 0x0000000083700000|100%|HS|  |TAMS 0x0000000083700000, 0x0000000083600000| Complete 
|  55|0x0000000083700000, 0x0000000083800000, 0x0000000083800000|100%|HC|  |TAMS 0x0000000083800000, 0x0000000083700000| Complete 
|  56|0x0000000083800000, 0x0000000083900000, 0x0000000083900000|100%|HC|  |TAMS 0x0000000083900000, 0x0000000083800000| Complete 
|  57|0x0000000083900000, 0x0000000083a00000, 0x0000000083a00000|100%|HC|  |TAMS 0x0000000083a00000, 0x0000000083900000| Complete 
|  58|0x0000000083a00000, 0x0000000083b00000, 0x0000000083b00000|100%| O|  |TAMS 0x0000000083b00000, 0x0000000083a00000| Untracked 
|  59|0x0000000083b00000, 0x0000000083c00000, 0x0000000083c00000|100%| O|  |TAMS 0x0000000083c00000, 0x0000000083b00000| Untracked 
|  60|0x0000000083c00000, 0x0000000083d00000, 0x0000000083d00000|100%| O|  |TAMS 0x0000000083d00000, 0x0000000083c00000| Untracked 
|  61|0x0000000083d00000, 0x0000000083e00000, 0x0000000083e00000|100%| O|  |TAMS 0x0000000083e00000, 0x0000000083d00000| Untracked 
|  62|0x0000000083e00000, 0x0000000083f00000, 0x0000000083f00000|100%| O|  |TAMS 0x0000000083f00000, 0x0000000083e00000| Untracked 
|  63|0x0000000083f00000, 0x0000000084000000, 0x0000000084000000|100%| O|  |TAMS 0x0000000084000000, 0x0000000083f00000| Untracked 
|  64|0x0000000084000000, 0x0000000084100000, 0x0000000084100000|100%| O|  |TAMS 0x0000000084100000, 0x0000000084000000| Untracked 
|  65|0x0000000084100000, 0x0000000084200000, 0x0000000084200000|100%| O|  |TAMS 0x0000000084200000, 0x0000000084100000| Untracked 
|  66|0x0000000084200000, 0x0000000084300000, 0x0000000084300000|100%| O|  |TAMS 0x0000000084300000, 0x0000000084200000| Untracked 
|  67|0x0000000084300000, 0x0000000084400000, 0x0000000084400000|100%| O|  |TAMS 0x0000000084400000, 0x0000000084300000| Untracked 
|  68|0x0000000084400000, 0x0000000084500000, 0x0000000084500000|100%|HS|  |TAMS 0x0000000084500000, 0x0000000084400000| Complete 
|  69|0x0000000084500000, 0x0000000084600000, 0x0000000084600000|100%|HS|  |TAMS 0x0000000084600000, 0x0000000084500000| Complete 
|  70|0x0000000084600000, 0x0000000084700000, 0x0000000084700000|100%|HS|  |TAMS 0x0000000084700000, 0x0000000084600000| Complete 
|  71|0x0000000084700000, 0x0000000084800000, 0x0000000084800000|100%| O|  |TAMS 0x0000000084800000, 0x0000000084700000| Untracked 
|  72|0x0000000084800000, 0x0000000084900000, 0x0000000084900000|100%|HS|  |TAMS 0x0000000084900000, 0x0000000084800000| Complete 
|  73|0x0000000084900000, 0x0000000084a00000, 0x0000000084a00000|100%| O|  |TAMS 0x0000000084a00000, 0x0000000084900000| Untracked 
|  74|0x0000000084a00000, 0x0000000084b00000, 0x0000000084b00000|100%| O|  |TAMS 0x0000000084b00000, 0x0000000084a00000| Untracked 
|  75|0x0000000084b00000, 0x0000000084c00000, 0x0000000084c00000|100%| O|  |TAMS 0x0000000084c00000, 0x0000000084b00000| Untracked 
|  76|0x0000000084c00000, 0x0000000084d00000, 0x0000000084d00000|100%| O|  |TAMS 0x0000000084d00000, 0x0000000084c00000| Untracked 
|  77|0x0000000084d00000, 0x0000000084e00000, 0x0000000084e00000|100%| O|  |TAMS 0x0000000084e00000, 0x0000000084d00000| Untracked 
|  78|0x0000000084e00000, 0x0000000084f00000, 0x0000000084f00000|100%| O|  |TAMS 0x0000000084f00000, 0x0000000084e00000| Untracked 
|  79|0x0000000084f00000, 0x0000000085000000, 0x0000000085000000|100%| O|  |TAMS 0x0000000085000000, 0x0000000084f00000| Untracked 
|  80|0x0000000085000000, 0x0000000085100000, 0x0000000085100000|100%| O|  |TAMS 0x0000000085100000, 0x0000000085000000| Untracked 
|  81|0x0000000085100000, 0x0000000085200000, 0x0000000085200000|100%| O|  |TAMS 0x0000000085200000, 0x0000000085100000| Untracked 
|  82|0x0000000085200000, 0x0000000085300000, 0x0000000085300000|100%| O|  |TAMS 0x0000000085300000, 0x0000000085200000| Untracked 
|  83|0x0000000085300000, 0x0000000085400000, 0x0000000085400000|100%| O|  |TAMS 0x0000000085400000, 0x0000000085300000| Untracked 
|  84|0x0000000085400000, 0x0000000085500000, 0x0000000085500000|100%| O|  |TAMS 0x0000000085500000, 0x0000000085400000| Untracked 
|  85|0x0000000085500000, 0x0000000085600000, 0x0000000085600000|100%| O|  |TAMS 0x0000000085600000, 0x0000000085500000| Untracked 
|  86|0x0000000085600000, 0x0000000085700000, 0x0000000085700000|100%| O|  |TAMS 0x0000000085700000, 0x0000000085600000| Untracked 
|  87|0x0000000085700000, 0x0000000085800000, 0x0000000085800000|100%| O|  |TAMS 0x0000000085800000, 0x0000000085700000| Untracked 
|  88|0x0000000085800000, 0x0000000085900000, 0x0000000085900000|100%| O|  |TAMS 0x00000000858dd200, 0x0000000085800000| Untracked 
|  89|0x0000000085900000, 0x0000000085a00000, 0x0000000085a00000|100%| O|  |TAMS 0x0000000085900000, 0x0000000085900000| Untracked 
|  90|0x0000000085a00000, 0x0000000085b00000, 0x0000000085b00000|100%| O|  |TAMS 0x0000000085a00000, 0x0000000085a00000| Untracked 
|  91|0x0000000085b00000, 0x0000000085c00000, 0x0000000085c00000|100%| O|  |TAMS 0x0000000085b00000, 0x0000000085b00000| Untracked 
|  92|0x0000000085c00000, 0x0000000085d00000, 0x0000000085d00000|100%| O|  |TAMS 0x0000000085c00000, 0x0000000085c00000| Untracked 
|  93|0x0000000085d00000, 0x0000000085e00000, 0x0000000085e00000|100%| O|  |TAMS 0x0000000085d00000, 0x0000000085d00000| Untracked 
|  94|0x0000000085e00000, 0x0000000085f00000, 0x0000000085f00000|100%| O|  |TAMS 0x0000000085e00000, 0x0000000085e00000| Untracked 
|  95|0x0000000085f00000, 0x0000000086000000, 0x0000000086000000|100%| O|  |TAMS 0x0000000085f00000, 0x0000000085f00000| Untracked 
|  96|0x0000000086000000, 0x0000000086100000, 0x0000000086100000|100%| O|  |TAMS 0x0000000086000000, 0x0000000086000000| Untracked 
|  97|0x0000000086100000, 0x0000000086200000, 0x0000000086200000|100%| O|  |TAMS 0x0000000086100000, 0x0000000086100000| Untracked 
|  98|0x0000000086200000, 0x0000000086300000, 0x0000000086300000|100%| O|  |TAMS 0x0000000086200000, 0x0000000086200000| Untracked 
|  99|0x0000000086300000, 0x0000000086400000, 0x0000000086400000|100%| O|  |TAMS 0x0000000086300000, 0x0000000086300000| Untracked 
| 100|0x0000000086400000, 0x0000000086500000, 0x0000000086500000|100%| O|  |TAMS 0x0000000086400000, 0x0000000086400000| Untracked 
| 101|0x0000000086500000, 0x0000000086600000, 0x0000000086600000|100%| O|  |TAMS 0x0000000086500000, 0x0000000086500000| Untracked 
| 102|0x0000000086600000, 0x0000000086700000, 0x0000000086700000|100%|HS|  |TAMS 0x0000000086600000, 0x0000000086600000| Complete 
| 103|0x0000000086700000, 0x0000000086800000, 0x0000000086800000|100%|HS|  |TAMS 0x0000000086700000, 0x0000000086700000| Complete 
| 104|0x0000000086800000, 0x0000000086900000, 0x0000000086900000|100%| O|  |TAMS 0x0000000086800000, 0x0000000086800000| Untracked 
| 105|0x0000000086900000, 0x0000000086a00000, 0x0000000086a00000|100%|HS|  |TAMS 0x0000000086900000, 0x0000000086900000| Complete 
| 106|0x0000000086a00000, 0x0000000086b00000, 0x0000000086b00000|100%|HC|  |TAMS 0x0000000086a00000, 0x0000000086a00000| Complete 
| 107|0x0000000086b00000, 0x0000000086c00000, 0x0000000086c00000|100%| O|  |TAMS 0x0000000086b00000, 0x0000000086b00000| Untracked 
| 108|0x0000000086c00000, 0x0000000086d00000, 0x0000000086d00000|100%| O|  |TAMS 0x0000000086c00000, 0x0000000086c00000| Untracked 
| 109|0x0000000086d00000, 0x0000000086e00000, 0x0000000086e00000|100%| O|  |TAMS 0x0000000086d00000, 0x0000000086d00000| Untracked 
| 110|0x0000000086e00000, 0x0000000086f00000, 0x0000000086f00000|100%| O|  |TAMS 0x0000000086e00000, 0x0000000086e00000| Untracked 
| 111|0x0000000086f00000, 0x0000000087000000, 0x0000000087000000|100%| O|  |TAMS 0x0000000086f00000, 0x0000000086f00000| Untracked 
| 112|0x0000000087000000, 0x0000000087100000, 0x0000000087100000|100%| O|  |TAMS 0x0000000087000000, 0x0000000087000000| Untracked 
| 113|0x0000000087100000, 0x0000000087200000, 0x0000000087200000|100%| O|  |TAMS 0x0000000087100000, 0x0000000087100000| Untracked 
| 114|0x0000000087200000, 0x0000000087300000, 0x0000000087300000|100%| O|  |TAMS 0x0000000087200000, 0x0000000087200000| Untracked 
| 115|0x0000000087300000, 0x0000000087400000, 0x0000000087400000|100%| O|  |TAMS 0x0000000087300000, 0x0000000087300000| Untracked 
| 116|0x0000000087400000, 0x0000000087500000, 0x0000000087500000|100%| O|  |TAMS 0x0000000087400000, 0x0000000087400000| Untracked 
| 117|0x0000000087500000, 0x0000000087600000, 0x0000000087600000|100%| O|  |TAMS 0x0000000087500000, 0x0000000087500000| Untracked 
| 118|0x0000000087600000, 0x0000000087700000, 0x0000000087700000|100%| O|  |TAMS 0x0000000087600000, 0x0000000087600000| Untracked 
| 119|0x0000000087700000, 0x0000000087800000, 0x0000000087800000|100%| O|  |TAMS 0x0000000087700000, 0x0000000087700000| Untracked 
| 120|0x0000000087800000, 0x0000000087900000, 0x0000000087900000|100%| O|  |TAMS 0x0000000087800000, 0x0000000087800000| Untracked 
| 121|0x0000000087900000, 0x0000000087a00000, 0x0000000087a00000|100%| O|  |TAMS 0x0000000087900000, 0x0000000087900000| Untracked 
| 122|0x0000000087a00000, 0x0000000087b00000, 0x0000000087b00000|100%| O|  |TAMS 0x0000000087a00000, 0x0000000087a00000| Untracked 
| 123|0x0000000087b00000, 0x0000000087c00000, 0x0000000087c00000|100%| O|  |TAMS 0x0000000087b00000, 0x0000000087b00000| Untracked 
| 124|0x0000000087c00000, 0x0000000087d00000, 0x0000000087d00000|100%| O|  |TAMS 0x0000000087c00000, 0x0000000087c00000| Untracked 
| 125|0x0000000087d00000, 0x0000000087e00000, 0x0000000087e00000|100%| O|  |TAMS 0x0000000087d00000, 0x0000000087d00000| Untracked 
| 126|0x0000000087e00000, 0x0000000087f00000, 0x0000000087f00000|100%| O|  |TAMS 0x0000000087e00000, 0x0000000087e00000| Untracked 
| 127|0x0000000087f00000, 0x0000000088000000, 0x0000000088000000|100%| O|  |TAMS 0x0000000087f00000, 0x0000000087f00000| Untracked 
| 128|0x0000000088000000, 0x0000000088100000, 0x0000000088100000|100%| O|  |TAMS 0x0000000088000000, 0x0000000088000000| Untracked 
| 129|0x0000000088100000, 0x0000000088200000, 0x0000000088200000|100%| O|  |TAMS 0x0000000088100000, 0x0000000088100000| Untracked 
| 130|0x0000000088200000, 0x0000000088300000, 0x0000000088300000|100%| O|  |TAMS 0x0000000088200000, 0x0000000088200000| Untracked 
| 131|0x0000000088300000, 0x0000000088400000, 0x0000000088400000|100%| O|  |TAMS 0x0000000088300000, 0x0000000088300000| Untracked 
| 132|0x0000000088400000, 0x0000000088500000, 0x0000000088500000|100%| O|  |TAMS 0x0000000088400000, 0x0000000088400000| Untracked 
| 133|0x0000000088500000, 0x0000000088600000, 0x0000000088600000|100%| O|  |TAMS 0x0000000088500000, 0x0000000088500000| Untracked 
| 134|0x0000000088600000, 0x0000000088700000, 0x0000000088700000|100%| O|  |TAMS 0x0000000088600000, 0x0000000088600000| Untracked 
| 135|0x0000000088700000, 0x0000000088800000, 0x0000000088800000|100%| O|  |TAMS 0x0000000088700000, 0x0000000088700000| Untracked 
| 136|0x0000000088800000, 0x0000000088900000, 0x0000000088900000|100%| O|  |TAMS 0x0000000088800000, 0x0000000088800000| Untracked 
| 137|0x0000000088900000, 0x0000000088a00000, 0x0000000088a00000|100%| O|  |TAMS 0x0000000088900000, 0x0000000088900000| Untracked 
| 138|0x0000000088a00000, 0x0000000088b00000, 0x0000000088b00000|100%| O|  |TAMS 0x0000000088a00000, 0x0000000088a00000| Untracked 
| 139|0x0000000088b00000, 0x0000000088c00000, 0x0000000088c00000|100%|HS|  |TAMS 0x0000000088b00000, 0x0000000088b00000| Complete 
| 140|0x0000000088c00000, 0x0000000088d00000, 0x0000000088d00000|100%| O|  |TAMS 0x0000000088c00000, 0x0000000088c00000| Untracked 
| 141|0x0000000088d00000, 0x0000000088e00000, 0x0000000088e00000|100%| O|  |TAMS 0x0000000088d00000, 0x0000000088d00000| Untracked 
| 142|0x0000000088e00000, 0x0000000088f00000, 0x0000000088f00000|100%| O|  |TAMS 0x0000000088e00000, 0x0000000088e00000| Untracked 
| 143|0x0000000088f00000, 0x0000000089000000, 0x0000000089000000|100%| O|  |TAMS 0x0000000088f00000, 0x0000000088f00000| Untracked 
| 144|0x0000000089000000, 0x0000000089100000, 0x0000000089100000|100%| O|  |TAMS 0x0000000089000000, 0x0000000089000000| Untracked 
| 145|0x0000000089100000, 0x0000000089200000, 0x0000000089200000|100%| O|  |TAMS 0x0000000089100000, 0x0000000089100000| Untracked 
| 146|0x0000000089200000, 0x0000000089300000, 0x0000000089300000|100%| O|  |TAMS 0x0000000089200000, 0x0000000089200000| Untracked 
| 147|0x0000000089300000, 0x0000000089400000, 0x0000000089400000|100%| O|  |TAMS 0x0000000089300000, 0x0000000089300000| Untracked 
| 148|0x0000000089400000, 0x0000000089500000, 0x0000000089500000|100%| O|  |TAMS 0x0000000089400000, 0x0000000089400000| Untracked 
| 149|0x0000000089500000, 0x0000000089600000, 0x0000000089600000|100%| O|  |TAMS 0x0000000089500000, 0x0000000089500000| Untracked 
| 150|0x0000000089600000, 0x0000000089700000, 0x0000000089700000|100%| O|  |TAMS 0x0000000089600000, 0x0000000089600000| Untracked 
| 151|0x0000000089700000, 0x0000000089800000, 0x0000000089800000|100%| O|  |TAMS 0x0000000089700000, 0x0000000089700000| Untracked 
| 152|0x0000000089800000, 0x0000000089900000, 0x0000000089900000|100%| O|  |TAMS 0x0000000089800000, 0x0000000089800000| Untracked 
| 153|0x0000000089900000, 0x0000000089a00000, 0x0000000089a00000|100%| O|  |TAMS 0x0000000089900000, 0x0000000089900000| Untracked 
| 154|0x0000000089a00000, 0x0000000089b00000, 0x0000000089b00000|100%| O|  |TAMS 0x0000000089a00000, 0x0000000089a00000| Untracked 
| 155|0x0000000089b00000, 0x0000000089c00000, 0x0000000089c00000|100%| O|  |TAMS 0x0000000089b00000, 0x0000000089b00000| Untracked 
| 156|0x0000000089c00000, 0x0000000089d00000, 0x0000000089d00000|100%| O|  |TAMS 0x0000000089c00000, 0x0000000089c00000| Untracked 
| 157|0x0000000089d00000, 0x0000000089e00000, 0x0000000089e00000|100%| O|  |TAMS 0x0000000089d00000, 0x0000000089d00000| Untracked 
| 158|0x0000000089e00000, 0x0000000089f00000, 0x0000000089f00000|100%| O|  |TAMS 0x0000000089e00000, 0x0000000089e00000| Untracked 
| 159|0x0000000089f00000, 0x000000008a000000, 0x000000008a000000|100%| O|  |TAMS 0x0000000089f00000, 0x0000000089f00000| Untracked 
| 160|0x000000008a000000, 0x000000008a100000, 0x000000008a100000|100%| O|  |TAMS 0x000000008a000000, 0x000000008a000000| Untracked 
| 161|0x000000008a100000, 0x000000008a200000, 0x000000008a200000|100%| O|  |TAMS 0x000000008a100000, 0x000000008a100000| Untracked 
| 162|0x000000008a200000, 0x000000008a300000, 0x000000008a300000|100%| O|  |TAMS 0x000000008a200000, 0x000000008a200000| Untracked 
| 163|0x000000008a300000, 0x000000008a400000, 0x000000008a400000|100%| O|  |TAMS 0x000000008a300000, 0x000000008a300000| Untracked 
| 164|0x000000008a400000, 0x000000008a500000, 0x000000008a500000|100%| O|  |TAMS 0x000000008a400000, 0x000000008a400000| Untracked 
| 165|0x000000008a500000, 0x000000008a600000, 0x000000008a600000|100%| O|  |TAMS 0x000000008a500000, 0x000000008a500000| Untracked 
| 166|0x000000008a600000, 0x000000008a700000, 0x000000008a700000|100%| O|  |TAMS 0x000000008a600000, 0x000000008a600000| Untracked 
| 167|0x000000008a700000, 0x000000008a800000, 0x000000008a800000|100%| O|  |TAMS 0x000000008a700000, 0x000000008a700000| Untracked 
| 168|0x000000008a800000, 0x000000008a900000, 0x000000008a900000|100%| O|  |TAMS 0x000000008a800000, 0x000000008a800000| Untracked 
| 169|0x000000008a900000, 0x000000008aa00000, 0x000000008aa00000|100%| O|  |TAMS 0x000000008a900000, 0x000000008a900000| Untracked 
| 170|0x000000008aa00000, 0x000000008ab00000, 0x000000008ab00000|100%| O|  |TAMS 0x000000008aa00000, 0x000000008aa00000| Untracked 
| 171|0x000000008ab00000, 0x000000008ac00000, 0x000000008ac00000|100%| O|  |TAMS 0x000000008ab00000, 0x000000008ab00000| Untracked 
| 172|0x000000008ac00000, 0x000000008ad00000, 0x000000008ad00000|100%| O|  |TAMS 0x000000008ac00000, 0x000000008ac00000| Untracked 
| 173|0x000000008ad00000, 0x000000008ae00000, 0x000000008ae00000|100%| O|  |TAMS 0x000000008ad00000, 0x000000008ad00000| Untracked 
| 174|0x000000008ae00000, 0x000000008af00000, 0x000000008af00000|100%| O|  |TAMS 0x000000008ae00000, 0x000000008ae00000| Untracked 
| 175|0x000000008af00000, 0x000000008b000000, 0x000000008b000000|100%| O|  |TAMS 0x000000008af00000, 0x000000008af00000| Untracked 
| 176|0x000000008b000000, 0x000000008b100000, 0x000000008b100000|100%| O|  |TAMS 0x000000008b000000, 0x000000008b000000| Untracked 
| 177|0x000000008b100000, 0x000000008b200000, 0x000000008b200000|100%| O|  |TAMS 0x000000008b100000, 0x000000008b100000| Untracked 
| 178|0x000000008b200000, 0x000000008b300000, 0x000000008b300000|100%| O|  |TAMS 0x000000008b200000, 0x000000008b200000| Untracked 
| 179|0x000000008b300000, 0x000000008b400000, 0x000000008b400000|100%| O|  |TAMS 0x000000008b300000, 0x000000008b300000| Untracked 
| 180|0x000000008b400000, 0x000000008b500000, 0x000000008b500000|100%| O|  |TAMS 0x000000008b400000, 0x000000008b400000| Untracked 
| 181|0x000000008b500000, 0x000000008b600000, 0x000000008b600000|100%| O|  |TAMS 0x000000008b500000, 0x000000008b500000| Untracked 
| 182|0x000000008b600000, 0x000000008b700000, 0x000000008b700000|100%| O|  |TAMS 0x000000008b600000, 0x000000008b600000| Untracked 
| 183|0x000000008b700000, 0x000000008b7ae400, 0x000000008b800000| 68%| O|  |TAMS 0x000000008b700000, 0x000000008b700000| Untracked 
| 184|0x000000008b800000, 0x000000008b800000, 0x000000008b900000|  0%| F|  |TAMS 0x000000008b800000, 0x000000008b800000| Untracked 
| 185|0x000000008b900000, 0x000000008b900000, 0x000000008ba00000|  0%| F|  |TAMS 0x000000008b900000, 0x000000008b900000| Untracked 
| 186|0x000000008ba00000, 0x000000008ba00000, 0x000000008bb00000|  0%| F|  |TAMS 0x000000008ba00000, 0x000000008ba00000| Untracked 
| 187|0x000000008bb00000, 0x000000008bb00000, 0x000000008bc00000|  0%| F|  |TAMS 0x000000008bb00000, 0x000000008bb00000| Untracked 
| 188|0x000000008bc00000, 0x000000008bc00000, 0x000000008bd00000|  0%| F|  |TAMS 0x000000008bc00000, 0x000000008bc00000| Untracked 
| 189|0x000000008bd00000, 0x000000008bd00000, 0x000000008be00000|  0%| F|  |TAMS 0x000000008bd00000, 0x000000008bd00000| Untracked 
| 190|0x000000008be00000, 0x000000008be00000, 0x000000008bf00000|  0%| F|  |TAMS 0x000000008be00000, 0x000000008be00000| Untracked 
| 191|0x000000008bf00000, 0x000000008bf00000, 0x000000008c000000|  0%| F|  |TAMS 0x000000008bf00000, 0x000000008bf00000| Untracked 
| 192|0x000000008c000000, 0x000000008c000000, 0x000000008c100000|  0%| F|  |TAMS 0x000000008c000000, 0x000000008c000000| Untracked 
| 193|0x000000008c100000, 0x000000008c100000, 0x000000008c200000|  0%| F|  |TAMS 0x000000008c100000, 0x000000008c100000| Untracked 
| 194|0x000000008c200000, 0x000000008c200000, 0x000000008c300000|  0%| F|  |TAMS 0x000000008c200000, 0x000000008c200000| Untracked 
| 195|0x000000008c300000, 0x000000008c300000, 0x000000008c400000|  0%| F|  |TAMS 0x000000008c300000, 0x000000008c300000| Untracked 
| 196|0x000000008c400000, 0x000000008c400000, 0x000000008c500000|  0%| F|  |TAMS 0x000000008c400000, 0x000000008c400000| Untracked 
| 197|0x000000008c500000, 0x000000008c500000, 0x000000008c600000|  0%| F|  |TAMS 0x000000008c500000, 0x000000008c500000| Untracked 
| 198|0x000000008c600000, 0x000000008c600000, 0x000000008c700000|  0%| F|  |TAMS 0x000000008c600000, 0x000000008c600000| Untracked 
| 199|0x000000008c700000, 0x000000008c700000, 0x000000008c800000|  0%| F|  |TAMS 0x000000008c700000, 0x000000008c700000| Untracked 
| 200|0x000000008c800000, 0x000000008c800000, 0x000000008c900000|  0%| F|  |TAMS 0x000000008c800000, 0x000000008c800000| Untracked 
| 201|0x000000008c900000, 0x000000008c900000, 0x000000008ca00000|  0%| F|  |TAMS 0x000000008c900000, 0x000000008c900000| Untracked 
| 202|0x000000008ca00000, 0x000000008ca00000, 0x000000008cb00000|  0%| F|  |TAMS 0x000000008ca00000, 0x000000008ca00000| Untracked 
| 203|0x000000008cb00000, 0x000000008cb00000, 0x000000008cc00000|  0%| F|  |TAMS 0x000000008cb00000, 0x000000008cb00000| Untracked 
| 204|0x000000008cc00000, 0x000000008cc00000, 0x000000008cd00000|  0%| F|  |TAMS 0x000000008cc00000, 0x000000008cc00000| Untracked 
| 205|0x000000008cd00000, 0x000000008cd00000, 0x000000008ce00000|  0%| F|  |TAMS 0x000000008cd00000, 0x000000008cd00000| Untracked 
| 206|0x000000008ce00000, 0x000000008ce00000, 0x000000008cf00000|  0%| F|  |TAMS 0x000000008ce00000, 0x000000008ce00000| Untracked 
| 207|0x000000008cf00000, 0x000000008cf00000, 0x000000008d000000|  0%| F|  |TAMS 0x000000008cf00000, 0x000000008cf00000| Untracked 
| 208|0x000000008d000000, 0x000000008d000000, 0x000000008d100000|  0%| F|  |TAMS 0x000000008d000000, 0x000000008d000000| Untracked 
| 209|0x000000008d100000, 0x000000008d100000, 0x000000008d200000|  0%| F|  |TAMS 0x000000008d100000, 0x000000008d100000| Untracked 
| 210|0x000000008d200000, 0x000000008d221bd0, 0x000000008d300000| 13%| S|CS|TAMS 0x000000008d200000, 0x000000008d200000| Complete 
| 211|0x000000008d300000, 0x000000008d300000, 0x000000008d400000|  0%| F|  |TAMS 0x000000008d300000, 0x000000008d300000| Untracked 
| 212|0x000000008d400000, 0x000000008d400000, 0x000000008d500000|  0%| F|  |TAMS 0x000000008d400000, 0x000000008d400000| Untracked 
| 213|0x000000008d500000, 0x000000008d500000, 0x000000008d600000|  0%| F|  |TAMS 0x000000008d500000, 0x000000008d500000| Untracked 
| 214|0x000000008d600000, 0x000000008d600000, 0x000000008d700000|  0%| F|  |TAMS 0x000000008d600000, 0x000000008d600000| Untracked 
| 215|0x000000008d700000, 0x000000008d800000, 0x000000008d800000|100%| S|CS|TAMS 0x000000008d700000, 0x000000008d700000| Complete 
| 216|0x000000008d800000, 0x000000008d900000, 0x000000008d900000|100%| S|CS|TAMS 0x000000008d800000, 0x000000008d800000| Complete 
| 217|0x000000008d900000, 0x000000008da00000, 0x000000008da00000|100%| S|CS|TAMS 0x000000008d900000, 0x000000008d900000| Complete 
| 218|0x000000008da00000, 0x000000008da00000, 0x000000008db00000|  0%| F|  |TAMS 0x000000008da00000, 0x000000008da00000| Untracked 
| 219|0x000000008db00000, 0x000000008db00000, 0x000000008dc00000|  0%| F|  |TAMS 0x000000008db00000, 0x000000008db00000| Untracked 
| 220|0x000000008dc00000, 0x000000008dc00000, 0x000000008dd00000|  0%| F|  |TAMS 0x000000008dc00000, 0x000000008dc00000| Untracked 
| 221|0x000000008dd00000, 0x000000008dd00000, 0x000000008de00000|  0%| F|  |TAMS 0x000000008dd00000, 0x000000008dd00000| Untracked 
| 222|0x000000008de00000, 0x000000008de00000, 0x000000008df00000|  0%| F|  |TAMS 0x000000008de00000, 0x000000008de00000| Untracked 
| 223|0x000000008df00000, 0x000000008df00000, 0x000000008e000000|  0%| F|  |TAMS 0x000000008df00000, 0x000000008df00000| Untracked 
| 224|0x000000008e000000, 0x000000008e000000, 0x000000008e100000|  0%| F|  |TAMS 0x000000008e000000, 0x000000008e000000| Untracked 
| 225|0x000000008e100000, 0x000000008e100000, 0x000000008e200000|  0%| F|  |TAMS 0x000000008e100000, 0x000000008e100000| Untracked 
| 226|0x000000008e200000, 0x000000008e200000, 0x000000008e300000|  0%| F|  |TAMS 0x000000008e200000, 0x000000008e200000| Untracked 
| 227|0x000000008e300000, 0x000000008e300000, 0x000000008e400000|  0%| F|  |TAMS 0x000000008e300000, 0x000000008e300000| Untracked 
| 228|0x000000008e400000, 0x000000008e400000, 0x000000008e500000|  0%| F|  |TAMS 0x000000008e400000, 0x000000008e400000| Untracked 
| 229|0x000000008e500000, 0x000000008e500000, 0x000000008e600000|  0%| F|  |TAMS 0x000000008e500000, 0x000000008e500000| Untracked 
| 230|0x000000008e600000, 0x000000008e600000, 0x000000008e700000|  0%| F|  |TAMS 0x000000008e600000, 0x000000008e600000| Untracked 
| 231|0x000000008e700000, 0x000000008e700000, 0x000000008e800000|  0%| F|  |TAMS 0x000000008e700000, 0x000000008e700000| Untracked 
| 232|0x000000008e800000, 0x000000008e800000, 0x000000008e900000|  0%| F|  |TAMS 0x000000008e800000, 0x000000008e800000| Untracked 
| 233|0x000000008e900000, 0x000000008e900000, 0x000000008ea00000|  0%| F|  |TAMS 0x000000008e900000, 0x000000008e900000| Untracked 
| 234|0x000000008ea00000, 0x000000008ea00000, 0x000000008eb00000|  0%| F|  |TAMS 0x000000008ea00000, 0x000000008ea00000| Untracked 
| 235|0x000000008eb00000, 0x000000008eb00000, 0x000000008ec00000|  0%| F|  |TAMS 0x000000008eb00000, 0x000000008eb00000| Untracked 
| 236|0x000000008ec00000, 0x000000008ec00000, 0x000000008ed00000|  0%| F|  |TAMS 0x000000008ec00000, 0x000000008ec00000| Untracked 
| 237|0x000000008ed00000, 0x000000008ed00000, 0x000000008ee00000|  0%| F|  |TAMS 0x000000008ed00000, 0x000000008ed00000| Untracked 
| 238|0x000000008ee00000, 0x000000008ee00000, 0x000000008ef00000|  0%| F|  |TAMS 0x000000008ee00000, 0x000000008ee00000| Untracked 
| 239|0x000000008ef00000, 0x000000008ef00000, 0x000000008f000000|  0%| F|  |TAMS 0x000000008ef00000, 0x000000008ef00000| Untracked 
| 240|0x000000008f000000, 0x000000008f000000, 0x000000008f100000|  0%| F|  |TAMS 0x000000008f000000, 0x000000008f000000| Untracked 
| 241|0x000000008f100000, 0x000000008f100000, 0x000000008f200000|  0%| F|  |TAMS 0x000000008f100000, 0x000000008f100000| Untracked 
| 252|0x000000008fc00000, 0x000000008fca8148, 0x000000008fd00000| 65%| E|  |TAMS 0x000000008fc00000, 0x000000008fc00000| Complete 
| 253|0x000000008fd00000, 0x000000008fe00000, 0x000000008fe00000|100%| E|  |TAMS 0x000000008fd00000, 0x000000008fd00000| Complete 

Card table byte_map: [0x00000137a4050000,0x00000137a4450000] _byte_map_base: 0x00000137a3c50000

Marking Bits (Prev, Next): (CMBitMap*) 0x000001378b35e6f0, (CMBitMap*) 0x000001378b35e6b0
 Prev Bits: [0x00000137a6850000, 0x00000137a8850000)
 Next Bits: [0x00000137a4850000, 0x00000137a6850000)

Polling page: 0x000001378b160000

Metaspace:

Usage:
  Non-class:     91.50 MB used.
      Class:     14.73 MB used.
       Both:    106.23 MB used.

Virtual space:
  Non-class space:      128.00 MB reserved,      92.19 MB ( 72%) committed,  2 nodes.
      Class space:      416.00 MB reserved,      15.25 MB (  4%) committed,  1 nodes.
             Both:      544.00 MB reserved,     107.44 MB ( 20%) committed. 

Chunk freelists:
   Non-Class:  3.55 MB
       Class:  709.00 KB
        Both:  4.24 MB

MaxMetaspaceSize: 512.00 MB
CompressedClassSpaceSize: 416.00 MB
Initial GC threshold: 21.00 MB
Current GC threshold: 137.62 MB
CDS: on
MetaspaceReclaimPolicy: balanced
 - commit_granule_bytes: 65536.
 - commit_granule_words: 8192.
 - virtual_space_node_default_size: 8388608.
 - enlarge_chunks_in_place: 1.
 - new_chunks_are_fully_committed: 0.
 - uncommit_free_chunks: 1.
 - use_allocation_guard: 0.
 - handle_deallocations: 1.


Internal statistics:

num_allocs_failed_limit: 6.
num_arena_births: 1550.
num_arena_deaths: 0.
num_vsnodes_births: 3.
num_vsnodes_deaths: 0.
num_space_committed: 1719.
num_space_uncommitted: 0.
num_chunks_returned_to_freelist: 6.
num_chunks_taken_from_freelist: 6298.
num_chunk_merges: 6.
num_chunk_splits: 4003.
num_chunks_enlarged: 2514.
num_inconsistent_stats: 0.

CodeHeap 'non-profiled nmethods': size=120000Kb used=10744Kb max_used=10744Kb free=109255Kb
 bounds [0x000001379c100000, 0x000001379cb80000, 0x00000137a3630000]
CodeHeap 'profiled nmethods': size=120000Kb used=28368Kb max_used=28368Kb free=91631Kb
 bounds [0x0000013794630000, 0x00000137961f0000, 0x000001379bb60000]
CodeHeap 'non-nmethods': size=5760Kb used=2452Kb max_used=2560Kb free=3307Kb
 bounds [0x000001379bb60000, 0x000001379bdf0000, 0x000001379c100000]
 total_blobs=15236 nmethods=14242 adapters=906
 compilation: enabled
              stopped_count=0, restarted_count=0
 full_count=0

Compilation events (20 events):
Event: 84.446 Thread 0x00000137caa321e0 nmethod 16365 0x000001379cb69910 code [0x000001379cb69a80, 0x000001379cb69e18]
Event: 84.447 Thread 0x00000137caa321e0 16366       4       org.gradle.cache.internal.btree.KeyHasher$MessageDigestStream::getChecksum (41 bytes)
Event: 84.481 Thread 0x00000137caa321e0 nmethod 16366 0x000001379cb69e90 code [0x000001379cb6a060, 0x000001379cb6ad08]
Event: 84.481 Thread 0x00000137caa321e0 16367       4       org.gradle.cache.internal.btree.BTreePersistentIndexedCache$IndexRoot::getRoot (15 bytes)
Event: 84.484 Thread 0x00000137caa321e0 nmethod 16367 0x000001379cb6b690 code [0x000001379cb6b820, 0x000001379cb6bac8]
Event: 84.484 Thread 0x00000137caa321e0 16368       4       org.gradle.cache.internal.btree.KeyHasher$MessageDigestStream::write (11 bytes)
Event: 84.485 Thread 0x00000137caa321e0 nmethod 16368 0x000001379cb6bd10 code [0x000001379cb6bea0, 0x000001379cb6bfb8]
Event: 84.503 Thread 0x00000137caa321e0 16369       4       org.gradle.internal.io.StreamByteBuffer$StreamByteBufferInputStream::read (8 bytes)
Event: 84.503 Thread 0x00000137caa321e0 nmethod 16369 0x000001379cb6c110 code [0x000001379cb6c2a0, 0x000001379cb6c348]
Event: 84.503 Thread 0x00000137caa321e0 16370   !   4       java.nio.file.FileTreeWalker::visit (204 bytes)
Event: 84.523 Thread 0x00000137caa321e0 nmethod 16370 0x000001379cb6c410 code [0x000001379cb6c660, 0x000001379cb6d350]
Event: 84.523 Thread 0x00000137caa321e0 16371   !   4       java.nio.file.FileTreeWalker::getAttributes (94 bytes)
Event: 84.528 Thread 0x00000137caa321e0 nmethod 16371 0x000001379cb6dc10 code [0x000001379cb6ddc0, 0x000001379cb6e128]
Event: 84.528 Thread 0x00000137caa321e0 16372       4       sun.nio.fs.WindowsFileAttributes::isSymbolicLink (15 bytes)
Event: 84.528 Thread 0x00000137caa321e0 nmethod 16372 0x000001379cb6e410 code [0x000001379cb6e580, 0x000001379cb6e618]
Event: 84.532 Thread 0x00000137caa321e0 16373       4       org.gradle.cache.internal.DefaultFileLockManager$DefaultFileLock::assertOpenAndIntegral (41 bytes)
Event: 84.533 Thread 0x00000137caa321e0 nmethod 16373 0x000001379cb6e710 code [0x000001379cb6e8a0, 0x000001379cb6e9d8]
Event: 84.533 Thread 0x00000137caa321e0 16374   !   4       org.gradle.cache.internal.DefaultMultiProcessSafeIndexedCache::getIfPresent (25 bytes)
Event: 84.537 Thread 0x00000137aae75270 16377       3       org.gradle.api.internal.changedetection.state.SplitFileHasher::hash (44 bytes)
Event: 84.538 Thread 0x00000137aae75270 nmethod 16377 0x00000137961e3910 code [0x00000137961e3b00, 0x00000137961e4068]

GC Heap History (20 events):
Event: 73.195 GC heap before
{Heap before GC invocations=61 (full 0):
 garbage-first heap   total 207872K, used 173723K [0x0000000080000000, 0x0000000100000000)
  region size 1024K, 38 young (38912K), 6 survivors (6144K)
 Metaspace       used 101272K, committed 102336K, reserved 557056K
  class space    used 14152K, committed 14592K, reserved 425984K
}
Event: 73.209 GC heap after
{Heap after GC invocations=62 (full 0):
 garbage-first heap   total 207872K, used 147248K [0x0000000080000000, 0x0000000100000000)
  region size 1024K, 5 young (5120K), 5 survivors (5120K)
 Metaspace       used 101272K, committed 102336K, reserved 557056K
  class space    used 14152K, committed 14592K, reserved 425984K
}
Event: 74.274 GC heap before
{Heap before GC invocations=62 (full 0):
 garbage-first heap   total 207872K, used 173872K [0x0000000080000000, 0x0000000100000000)
  region size 1024K, 31 young (31744K), 5 survivors (5120K)
 Metaspace       used 101761K, committed 102848K, reserved 557056K
  class space    used 14212K, committed 14656K, reserved 425984K
}
Event: 74.287 GC heap after
{Heap after GC invocations=63 (full 0):
 garbage-first heap   total 249856K, used 152540K [0x0000000080000000, 0x0000000100000000)
  region size 1024K, 4 young (4096K), 4 survivors (4096K)
 Metaspace       used 101761K, committed 102848K, reserved 557056K
  class space    used 14212K, committed 14656K, reserved 425984K
}
Event: 76.027 GC heap before
{Heap before GC invocations=63 (full 0):
 garbage-first heap   total 249856K, used 202716K [0x0000000080000000, 0x0000000100000000)
  region size 1024K, 53 young (54272K), 4 survivors (4096K)
 Metaspace       used 102692K, committed 103808K, reserved 557056K
  class space    used 14305K, committed 14784K, reserved 425984K
}
Event: 76.043 GC heap after
{Heap after GC invocations=64 (full 0):
 garbage-first heap   total 249856K, used 164404K [0x0000000080000000, 0x0000000100000000)
  region size 1024K, 7 young (7168K), 7 survivors (7168K)
 Metaspace       used 102692K, committed 103808K, reserved 557056K
  class space    used 14305K, committed 14784K, reserved 425984K
}
Event: 76.934 GC heap before
{Heap before GC invocations=64 (full 0):
 garbage-first heap   total 249856K, used 203316K [0x0000000080000000, 0x0000000100000000)
  region size 1024K, 45 young (46080K), 7 survivors (7168K)
 Metaspace       used 106067K, committed 107264K, reserved 557056K
  class space    used 14808K, committed 15360K, reserved 425984K
}
Event: 76.950 GC heap after
{Heap after GC invocations=65 (full 0):
 garbage-first heap   total 249856K, used 167163K [0x0000000080000000, 0x0000000100000000)
  region size 1024K, 2 young (2048K), 2 survivors (2048K)
 Metaspace       used 106067K, committed 107264K, reserved 557056K
  class space    used 14808K, committed 15360K, reserved 425984K
}
Event: 78.639 GC heap before
{Heap before GC invocations=65 (full 0):
 garbage-first heap   total 249856K, used 206075K [0x0000000080000000, 0x0000000100000000)
  region size 1024K, 40 young (40960K), 2 survivors (2048K)
 Metaspace       used 106994K, committed 108160K, reserved 557056K
  class space    used 14906K, committed 15424K, reserved 425984K
}
Event: 78.659 GC heap after
{Heap after GC invocations=66 (full 0):
 garbage-first heap   total 249856K, used 174080K [0x0000000080000000, 0x0000000100000000)
  region size 1024K, 5 young (5120K), 5 survivors (5120K)
 Metaspace       used 106994K, committed 108160K, reserved 557056K
  class space    used 14906K, committed 15424K, reserved 425984K
}
Event: 79.749 GC heap before
{Heap before GC invocations=66 (full 0):
 garbage-first heap   total 249856K, used 207872K [0x0000000080000000, 0x0000000100000000)
  region size 1024K, 38 young (38912K), 5 survivors (5120K)
 Metaspace       used 107251K, committed 108480K, reserved 557056K
  class space    used 14918K, committed 15488K, reserved 425984K
}
Event: 79.763 GC heap after
{Heap after GC invocations=67 (full 0):
 garbage-first heap   total 249856K, used 177758K [0x0000000080000000, 0x0000000100000000)
  region size 1024K, 4 young (4096K), 4 survivors (4096K)
 Metaspace       used 107251K, committed 108480K, reserved 557056K
  class space    used 14918K, committed 15488K, reserved 425984K
}
Event: 81.055 GC heap before
{Heap before GC invocations=67 (full 0):
 garbage-first heap   total 249856K, used 209502K [0x0000000080000000, 0x0000000100000000)
  region size 1024K, 35 young (35840K), 4 survivors (4096K)
 Metaspace       used 107512K, committed 108672K, reserved 557056K
  class space    used 14938K, committed 15488K, reserved 425984K
}
Event: 81.067 GC heap after
{Heap after GC invocations=68 (full 0):
 garbage-first heap   total 249856K, used 181779K [0x0000000080000000, 0x0000000100000000)
  region size 1024K, 4 young (4096K), 4 survivors (4096K)
 Metaspace       used 107512K, committed 108672K, reserved 557056K
  class space    used 14938K, committed 15488K, reserved 425984K
}
Event: 81.808 GC heap before
{Heap before GC invocations=68 (full 0):
 garbage-first heap   total 249856K, used 211475K [0x0000000080000000, 0x0000000100000000)
  region size 1024K, 33 young (33792K), 4 survivors (4096K)
 Metaspace       used 108096K, committed 109376K, reserved 557056K
  class space    used 15023K, committed 15616K, reserved 425984K
}
Event: 81.822 GC heap after
{Heap after GC invocations=69 (full 0):
 garbage-first heap   total 249856K, used 185014K [0x0000000080000000, 0x0000000100000000)
  region size 1024K, 4 young (4096K), 4 survivors (4096K)
 Metaspace       used 108096K, committed 109376K, reserved 557056K
  class space    used 15023K, committed 15616K, reserved 425984K
}
Event: 82.621 GC heap before
{Heap before GC invocations=69 (full 0):
 garbage-first heap   total 249856K, used 211638K [0x0000000080000000, 0x0000000100000000)
  region size 1024K, 31 young (31744K), 4 survivors (4096K)
 Metaspace       used 108372K, committed 109632K, reserved 557056K
  class space    used 15030K, committed 15616K, reserved 425984K
}
Event: 82.629 GC heap after
{Heap after GC invocations=70 (full 0):
 garbage-first heap   total 249856K, used 186519K [0x0000000080000000, 0x0000000100000000)
  region size 1024K, 2 young (2048K), 2 survivors (2048K)
 Metaspace       used 108372K, committed 109632K, reserved 557056K
  class space    used 15030K, committed 15616K, reserved 425984K
}
Event: 83.659 GC heap before
{Heap before GC invocations=70 (full 0):
 garbage-first heap   total 249856K, used 213143K [0x0000000080000000, 0x0000000100000000)
  region size 1024K, 29 young (29696K), 2 survivors (2048K)
 Metaspace       used 108705K, committed 109888K, reserved 557056K
  class space    used 15080K, committed 15616K, reserved 425984K
}
Event: 83.666 GC heap after
{Heap after GC invocations=71 (full 0):
 garbage-first heap   total 249856K, used 188421K [0x0000000080000000, 0x0000000100000000)
  region size 1024K, 4 young (4096K), 4 survivors (4096K)
 Metaspace       used 108705K, committed 109888K, reserved 557056K
  class space    used 15080K, committed 15616K, reserved 425984K
}

Dll operation events (14 events):
Event: 0.016 Loaded shared library C:\Program Files\Microsoft\jdk-17.0.8.7-hotspot\bin\java.dll
Event: 0.038 Loaded shared library C:\Program Files\Microsoft\jdk-17.0.8.7-hotspot\bin\jsvml.dll
Event: 0.126 Loaded shared library C:\Program Files\Microsoft\jdk-17.0.8.7-hotspot\bin\zip.dll
Event: 0.129 Loaded shared library C:\Program Files\Microsoft\jdk-17.0.8.7-hotspot\bin\instrument.dll
Event: 0.141 Loaded shared library C:\Program Files\Microsoft\jdk-17.0.8.7-hotspot\bin\net.dll
Event: 0.143 Loaded shared library C:\Program Files\Microsoft\jdk-17.0.8.7-hotspot\bin\nio.dll
Event: 0.149 Loaded shared library C:\Program Files\Microsoft\jdk-17.0.8.7-hotspot\bin\zip.dll
Event: 0.748 Loaded shared library C:\Program Files\Microsoft\jdk-17.0.8.7-hotspot\bin\jimage.dll
Event: 1.051 Loaded shared library C:\Program Files\Microsoft\jdk-17.0.8.7-hotspot\bin\verify.dll
Event: 1.532 Loaded shared library C:\Users\Hamza Pervaiz\.gradle\native\68d5fa5c4cc2d200863cafc0d521ce42e7d3e7ee720ec0a83991735586a16f82\windows-amd64\native-platform.dll
Event: 1.539 Loaded shared library C:\Users\Hamza Pervaiz\.gradle\native\e376f236ea51e6404a007f0833ffe2c6e607c4080706a723a18a27aeea778392\windows-amd64\native-platform-file-events.dll
Event: 4.068 Loaded shared library C:\Program Files\Microsoft\jdk-17.0.8.7-hotspot\bin\management.dll
Event: 4.071 Loaded shared library C:\Program Files\Microsoft\jdk-17.0.8.7-hotspot\bin\management_ext.dll
Event: 5.149 Loaded shared library C:\Program Files\Microsoft\jdk-17.0.8.7-hotspot\bin\sunmscapi.dll

Deoptimization events (20 events):
Event: 83.700 Thread 0x00000137cc4bef30 Uncommon trap: trap_request=0xffffffbe fr.pc=0x000001379cb3d6f0 relative=0x00000000000009d0
Event: 83.700 Thread 0x00000137cc4bef30 Uncommon trap: reason=profile_predicate action=maybe_recompile pc=0x000001379cb3d6f0 method=java.util.Collections.indexedBinarySearch(Ljava/util/List;Ljava/lang/Object;Ljava/util/Comparator;)I @ 15 c2
Event: 83.700 Thread 0x00000137cc4bef30 DEOPT PACKING pc=0x000001379cb3d6f0 sp=0x00000022dd0fc380
Event: 83.700 Thread 0x00000137cc4bef30 DEOPT UNPACKING pc=0x000001379bbb69a3 sp=0x00000022dd0fc240 mode 2
Event: 83.700 Thread 0x00000137cc4bef30 Uncommon trap: trap_request=0xffffffbe fr.pc=0x000001379cb3aa00 relative=0x0000000000000980
Event: 83.700 Thread 0x00000137cc4bef30 Uncommon trap: reason=profile_predicate action=maybe_recompile pc=0x000001379cb3aa00 method=java.util.Collections.indexedBinarySearch(Ljava/util/List;Ljava/lang/Object;Ljava/util/Comparator;)I @ 15 c2
Event: 83.700 Thread 0x00000137cc4bef30 DEOPT PACKING pc=0x000001379cb3aa00 sp=0x00000022dd0fc270
Event: 83.700 Thread 0x00000137cc4bef30 DEOPT UNPACKING pc=0x000001379bbb69a3 sp=0x00000022dd0fc218 mode 2
Event: 83.703 Thread 0x00000137cc4bef30 Uncommon trap: trap_request=0xffffffd6 fr.pc=0x000001379cb4019c relative=0x000000000000067c
Event: 83.703 Thread 0x00000137cc4bef30 Uncommon trap: reason=array_check action=maybe_recompile pc=0x000001379cb4019c method=java.util.TimSort.reverseRange([Ljava/lang/Object;II)V @ 20 c2
Event: 83.703 Thread 0x00000137cc4bef30 DEOPT PACKING pc=0x000001379cb4019c sp=0x00000022dd0fd230
Event: 83.703 Thread 0x00000137cc4bef30 DEOPT UNPACKING pc=0x000001379bbb69a3 sp=0x00000022dd0fd160 mode 2
Event: 83.712 Thread 0x00000137cd5feb10 Uncommon trap: trap_request=0xffffffd6 fr.pc=0x000001379cb4019c relative=0x000000000000067c
Event: 83.712 Thread 0x00000137cd5feb10 Uncommon trap: reason=array_check action=maybe_recompile pc=0x000001379cb4019c method=java.util.TimSort.reverseRange([Ljava/lang/Object;II)V @ 20 c2
Event: 83.713 Thread 0x00000137cd5feb10 DEOPT PACKING pc=0x000001379cb4019c sp=0x00000022dd9f8c80
Event: 83.713 Thread 0x00000137cd5feb10 DEOPT UNPACKING pc=0x000001379bbb69a3 sp=0x00000022dd9f8bb0 mode 2
Event: 83.716 Thread 0x00000137cd5feb10 Uncommon trap: trap_request=0xffffffd6 fr.pc=0x000001379cb4019c relative=0x000000000000067c
Event: 83.716 Thread 0x00000137cd5feb10 Uncommon trap: reason=array_check action=maybe_recompile pc=0x000001379cb4019c method=java.util.TimSort.reverseRange([Ljava/lang/Object;II)V @ 20 c2
Event: 83.716 Thread 0x00000137cd5feb10 DEOPT PACKING pc=0x000001379cb4019c sp=0x00000022dd9f9e60
Event: 83.716 Thread 0x00000137cd5feb10 DEOPT UNPACKING pc=0x000001379bbb69a3 sp=0x00000022dd9f9d90 mode 2

Classes unloaded (0 events):
No events

Classes redefined (0 events):
No events

Internal exceptions (20 events):
Event: 76.705 Thread 0x00000137ca295e10 Exception <a 'sun/nio/fs/WindowsException'{0x000000008d55cfd0}> (0x000000008d55cfd0) 
thrown [s\src\hotspot\share\prims\jni.cpp, line 516]
Event: 76.950 Thread 0x00000137aae59e40 Implicit null exception at 0x000001379c86a800 to 0x000001379c86ae80
Event: 78.516 Thread 0x00000137ca295e10 Exception <a 'java/lang/IncompatibleClassChangeError'{0x000000008d1b01a8}: Found class java.lang.Object, but interface was expected> (0x000000008d1b01a8) 
thrown [s\src\hotspot\share\interpreter\linkResolver.cpp, line 826]
Event: 78.834 Thread 0x00000137ca295e10 Exception <a 'sun/nio/fs/WindowsException'{0x000000008ed37988}> (0x000000008ed37988) 
thrown [s\src\hotspot\share\prims\jni.cpp, line 516]
Event: 78.835 Thread 0x00000137ca295e10 Exception <a 'sun/nio/fs/WindowsException'{0x000000008ed38ff8}> (0x000000008ed38ff8) 
thrown [s\src\hotspot\share\prims\jni.cpp, line 516]
Event: 78.836 Thread 0x00000137ca295e10 Exception <a 'sun/nio/fs/WindowsException'{0x000000008ed3a6b8}> (0x000000008ed3a6b8) 
thrown [s\src\hotspot\share\prims\jni.cpp, line 516]
Event: 78.836 Thread 0x00000137ca295e10 Exception <a 'sun/nio/fs/WindowsException'{0x000000008ed3bd78}> (0x000000008ed3bd78) 
thrown [s\src\hotspot\share\prims\jni.cpp, line 516]
Event: 81.561 Thread 0x00000137cd600e80 Exception <a 'java/lang/NoSuchMethodError'{0x000000008de0d6f8}: 'void java.lang.invoke.DirectMethodHandle$Holder.invokeStatic(java.lang.Object, java.lang.Object, java.lang.Object, java.lang.Object, int, java.lang.Object, java.lang.Object)'> (0x000000008de0d6f8) 
thrown [s\src\hotspot\share\interpreter\linkResolver.cpp, line 759]
Event: 81.621 Thread 0x00000137cd600e80 Exception <a 'java/lang/NoSuchMethodError'{0x000000008dd91380}: 'java.lang.Object java.lang.invoke.DirectMethodHandle$Holder.invokeSpecialIFC(java.lang.Object, java.lang.Object, java.lang.Object)'> (0x000000008dd91380) 
thrown [s\src\hotspot\share\interpreter\linkResolver.cpp, line 759]
Event: 81.621 Thread 0x00000137d010f6e0 Exception <a 'java/lang/NoSuchMethodError'{0x000000008dd44230}: 'java.lang.Object java.lang.invoke.DirectMethodHandle$Holder.invokeSpecialIFC(java.lang.Object, java.lang.Object, java.lang.Object)'> (0x000000008dd44230) 
thrown [s\src\hotspot\share\interpreter\linkResolver.cpp, line 759]
Event: 81.622 Thread 0x00000137d01147e0 Exception <a 'java/lang/NoSuchMethodError'{0x000000008dd5ca78}: 'java.lang.Object java.lang.invoke.DirectMethodHandle$Holder.invokeSpecialIFC(java.lang.Object, java.lang.Object, java.lang.Object)'> (0x000000008dd5ca78) 
thrown [s\src\hotspot\share\interpreter\linkResolver.cpp, line 759]
Event: 81.622 Thread 0x00000137d0111a50 Exception <a 'java/lang/NoSuchMethodError'{0x000000008dd76ad0}: 'java.lang.Object java.lang.invoke.DirectMethodHandle$Holder.invokeSpecialIFC(java.lang.Object, java.lang.Object, java.lang.Object)'> (0x000000008dd76ad0) 
thrown [s\src\hotspot\share\interpreter\linkResolver.cpp, line 759]
Event: 81.805 Thread 0x00000137d0111a50 Exception <a 'java/lang/NoSuchMethodError'{0x000000008d73da20}: 'void java.lang.invoke.DirectMethodHandle$Holder.invokeVirtual(java.lang.Object, java.lang.Object)'> (0x000000008d73da20) 
thrown [s\src\hotspot\share\interpreter\linkResolver.cpp, line 759]
Event: 83.082 Thread 0x00000137cd5feb10 Exception <a 'java/lang/ClassNotFoundException'{0x000000008df2ba68}: groovy/util/FileTreeBuilderBeanInfo> (0x000000008df2ba68) 
thrown [s\src\hotspot\share\classfile\systemDictionary.cpp, line 256]
Event: 83.084 Thread 0x00000137cd5feb10 Exception <a 'java/lang/ClassNotFoundException'{0x000000008df8e5e8}: groovy/util/FileTreeBuilderCustomizer> (0x000000008df8e5e8) 
thrown [s\src\hotspot\share\classfile\systemDictionary.cpp, line 256]
Event: 83.096 Thread 0x00000137cd5feb10 Exception <a 'java/lang/ClassNotFoundException'{0x000000008dfc5870}: java/io/BufferedWriterBeanInfo> (0x000000008dfc5870) 
thrown [s\src\hotspot\share\classfile\systemDictionary.cpp, line 256]
Event: 83.096 Thread 0x00000137cd5feb10 Exception <a 'java/lang/ClassNotFoundException'{0x000000008dfcaeb8}: java/io/WriterBeanInfo> (0x000000008dfcaeb8) 
thrown [s\src\hotspot\share\classfile\systemDictionary.cpp, line 256]
Event: 83.097 Thread 0x00000137cd5feb10 Exception <a 'java/lang/ClassNotFoundException'{0x000000008dfd04f8}: java/io/WriterCustomizer> (0x000000008dfd04f8) 
thrown [s\src\hotspot\share\classfile\systemDictionary.cpp, line 256]
Event: 83.097 Thread 0x00000137cd5feb10 Exception <a 'java/lang/ClassNotFoundException'{0x000000008dfdea58}: java/io/BufferedWriterCustomizer> (0x000000008dfdea58) 
thrown [s\src\hotspot\share\classfile\systemDictionary.cpp, line 256]
Event: 83.379 Thread 0x00000137cd5feb10 Exception <a 'java/lang/NoSuchMethodError'{0x000000008de79018}: static Lcom/android/build/api/variant/BuildConfigField;.<clinit>()V> (0x000000008de79018) 
thrown [s\src\hotspot\share\prims\jni.cpp, line 1107]

VM Operations (20 events):
Event: 81.508 Executing VM operation: HandshakeAllThreads
Event: 81.508 Executing VM operation: HandshakeAllThreads done
Event: 81.571 Executing VM operation: HandshakeAllThreads
Event: 81.571 Executing VM operation: HandshakeAllThreads done
Event: 81.617 Executing VM operation: ICBufferFull
Event: 81.618 Executing VM operation: ICBufferFull done
Event: 81.665 Executing VM operation: HandshakeAllThreads
Event: 81.665 Executing VM operation: HandshakeAllThreads done
Event: 81.670 Executing VM operation: HandshakeAllThreads
Event: 81.670 Executing VM operation: HandshakeAllThreads done
Event: 81.808 Executing VM operation: G1CollectForAllocation
Event: 81.822 Executing VM operation: G1CollectForAllocation done
Event: 82.447 Executing VM operation: ICBufferFull
Event: 82.449 Executing VM operation: ICBufferFull done
Event: 82.621 Executing VM operation: G1CollectForAllocation
Event: 82.629 Executing VM operation: G1CollectForAllocation done
Event: 83.460 Executing VM operation: ICBufferFull
Event: 83.461 Executing VM operation: ICBufferFull done
Event: 83.659 Executing VM operation: G1CollectForAllocation
Event: 83.666 Executing VM operation: G1CollectForAllocation done

Events (20 events):
Event: 82.744 Thread 0x00000137cc3fe290 Thread added: 0x00000137cc3fe290
Event: 82.995 Thread 0x00000137cc3fecb0 Thread added: 0x00000137cc3fecb0
Event: 83.096 loading class java/io/BufferedWriterBeanInfo
Event: 83.096 loading class java/io/BufferedWriterBeanInfo done
Event: 83.096 loading class java/io/BufferedWriterBeanInfo
Event: 83.096 loading class java/io/BufferedWriterBeanInfo done
Event: 83.096 loading class java/io/WriterBeanInfo
Event: 83.096 loading class java/io/WriterBeanInfo done
Event: 83.096 loading class java/io/WriterBeanInfo
Event: 83.096 loading class java/io/WriterBeanInfo done
Event: 83.096 loading class java/io/WriterCustomizer
Event: 83.096 loading class java/io/WriterCustomizer done
Event: 83.097 loading class java/io/WriterCustomizer
Event: 83.097 loading class java/io/WriterCustomizer done
Event: 83.097 loading class java/io/BufferedWriterCustomizer
Event: 83.097 loading class java/io/BufferedWriterCustomizer done
Event: 83.097 loading class java/io/BufferedWriterCustomizer
Event: 83.097 loading class java/io/BufferedWriterCustomizer done
Event: 83.292 Thread 0x00000137caa321e0 Thread exited: 0x00000137caa321e0
Event: 83.538 Thread 0x00000137caa321e0 Thread added: 0x00000137caa321e0


Dynamic libraries:
0x00007ff6aaed0000 - 0x00007ff6aaede000 	C:\Program Files\Microsoft\jdk-17.0.8.7-hotspot\bin\java.exe
0x00007ffff0a50000 - 0x00007ffff0c48000 	C:\WINDOWS\SYSTEM32\ntdll.dll
0x00007fffeed20000 - 0x00007fffeeddd000 	C:\WINDOWS\System32\KERNEL32.DLL
0x00007fffee2b0000 - 0x00007fffee5a6000 	C:\WINDOWS\System32\KERNELBASE.dll
0x00007fffee700000 - 0x00007fffee800000 	C:\WINDOWS\System32\ucrtbase.dll
0x00007fffe9640000 - 0x00007fffe965b000 	C:\Program Files\Microsoft\jdk-17.0.8.7-hotspot\bin\VCRUNTIME140.dll
0x00007fffe9620000 - 0x00007fffe9637000 	C:\Program Files\Microsoft\jdk-17.0.8.7-hotspot\bin\jli.dll
0x00007fffeede0000 - 0x00007fffeef7f000 	C:\WINDOWS\System32\USER32.dll
0x00007fffeea50000 - 0x00007fffeea72000 	C:\WINDOWS\System32\win32u.dll
0x00007fffef0f0000 - 0x00007fffef11b000 	C:\WINDOWS\System32\GDI32.dll
0x00007fffee800000 - 0x00007fffee917000 	C:\WINDOWS\System32\gdi32full.dll
0x00007fffd5b60000 - 0x00007fffd5dfa000 	C:\WINDOWS\WinSxS\amd64_microsoft.windows.common-controls_6595b64144ccf1df_6.0.19041.3636_none_60b6a03d71f818d5\COMCTL32.dll
0x00007fffeeb10000 - 0x00007fffeebae000 	C:\WINDOWS\System32\msvcrt.dll
0x00007fffee660000 - 0x00007fffee6fd000 	C:\WINDOWS\System32\msvcp_win.dll
0x00007fffeef80000 - 0x00007fffeefb2000 	C:\WINDOWS\System32\IMM32.DLL
0x00007fffb5a20000 - 0x00007fffb5a2c000 	C:\Program Files\Microsoft\jdk-17.0.8.7-hotspot\bin\vcruntime140_1.dll
0x00007fffe9590000 - 0x00007fffe961d000 	C:\Program Files\Microsoft\jdk-17.0.8.7-hotspot\bin\msvcp140.dll
0x00007fff4fd50000 - 0x00007fff509b5000 	C:\Program Files\Microsoft\jdk-17.0.8.7-hotspot\bin\server\jvm.dll
0x00007fffef040000 - 0x00007fffef0f0000 	C:\WINDOWS\System32\ADVAPI32.dll
0x00007fffeec80000 - 0x00007fffeed20000 	C:\WINDOWS\System32\sechost.dll
0x00007ffff0300000 - 0x00007ffff0423000 	C:\WINDOWS\System32\RPCRT4.dll
0x00007fffee9b0000 - 0x00007fffee9d7000 	C:\WINDOWS\System32\bcrypt.dll
0x00007fffedf60000 - 0x00007fffedfab000 	C:\WINDOWS\SYSTEM32\POWRPROF.dll
0x00007fffe6e40000 - 0x00007fffe6e49000 	C:\WINDOWS\SYSTEM32\WSOCK32.dll
0x00007ffff07b0000 - 0x00007ffff081b000 	C:\WINDOWS\System32\WS2_32.dll
0x00007fffe5bf0000 - 0x00007fffe5c17000 	C:\WINDOWS\SYSTEM32\WINMM.dll
0x00007fffe68e0000 - 0x00007fffe68ea000 	C:\WINDOWS\SYSTEM32\VERSION.dll
0x00007fffedf40000 - 0x00007fffedf52000 	C:\WINDOWS\SYSTEM32\UMPDC.dll
0x00007fffec8e0000 - 0x00007fffec8f2000 	C:\WINDOWS\SYSTEM32\kernel.appcore.dll
0x00007fffe9580000 - 0x00007fffe958a000 	C:\Program Files\Microsoft\jdk-17.0.8.7-hotspot\bin\jimage.dll
0x00007fffebe30000 - 0x00007fffec014000 	C:\WINDOWS\SYSTEM32\DBGHELP.DLL
0x00007fffcc0d0000 - 0x00007fffcc104000 	C:\WINDOWS\SYSTEM32\dbgcore.DLL
0x00007fffee920000 - 0x00007fffee9a2000 	C:\WINDOWS\System32\bcryptPrimitives.dll
0x00007fffe6e50000 - 0x00007fffe6e5e000 	C:\Program Files\Microsoft\jdk-17.0.8.7-hotspot\bin\instrument.dll
0x00007fffe9520000 - 0x00007fffe9545000 	C:\Program Files\Microsoft\jdk-17.0.8.7-hotspot\bin\java.dll
0x00007fff79c10000 - 0x00007fff79ce7000 	C:\Program Files\Microsoft\jdk-17.0.8.7-hotspot\bin\jsvml.dll
0x00007fffef4e0000 - 0x00007fffefc4b000 	C:\WINDOWS\System32\SHELL32.dll
0x00007fffec130000 - 0x00007fffec8ce000 	C:\WINDOWS\SYSTEM32\windows.storage.dll
0x00007fffef180000 - 0x00007fffef4d3000 	C:\WINDOWS\System32\combase.dll
0x00007fffed980000 - 0x00007fffed9ae000 	C:\WINDOWS\SYSTEM32\Wldp.dll
0x00007fffeebb0000 - 0x00007fffeec7d000 	C:\WINDOWS\System32\OLEAUT32.dll
0x00007ffff0820000 - 0x00007ffff08cd000 	C:\WINDOWS\System32\SHCORE.dll
0x00007ffff06f0000 - 0x00007ffff0745000 	C:\WINDOWS\System32\shlwapi.dll
0x00007fffee030000 - 0x00007fffee053000 	C:\WINDOWS\SYSTEM32\profapi.dll
0x00007fffe6e60000 - 0x00007fffe6e78000 	C:\Program Files\Microsoft\jdk-17.0.8.7-hotspot\bin\zip.dll
0x00007fffe8450000 - 0x00007fffe8469000 	C:\Program Files\Microsoft\jdk-17.0.8.7-hotspot\bin\net.dll
0x00007fffdf4f0000 - 0x00007fffdf5fa000 	C:\WINDOWS\SYSTEM32\WINHTTP.dll
0x00007fffed760000 - 0x00007fffed7ca000 	C:\WINDOWS\system32\mswsock.dll
0x00007fffe6e80000 - 0x00007fffe6e96000 	C:\Program Files\Microsoft\jdk-17.0.8.7-hotspot\bin\nio.dll
0x00007fffe9510000 - 0x00007fffe9520000 	C:\Program Files\Microsoft\jdk-17.0.8.7-hotspot\bin\verify.dll
0x00007fffaa7c0000 - 0x00007fffaa7e7000 	C:\Users\Hamza Pervaiz\.gradle\native\68d5fa5c4cc2d200863cafc0d521ce42e7d3e7ee720ec0a83991735586a16f82\windows-amd64\native-platform.dll
0x00007fff4fc00000 - 0x00007fff4fd44000 	C:\Users\Hamza Pervaiz\.gradle\native\e376f236ea51e6404a007f0833ffe2c6e607c4080706a723a18a27aeea778392\windows-amd64\native-platform-file-events.dll
0x00007fffe8440000 - 0x00007fffe8449000 	C:\Program Files\Microsoft\jdk-17.0.8.7-hotspot\bin\management.dll
0x00007fffe7040000 - 0x00007fffe704b000 	C:\Program Files\Microsoft\jdk-17.0.8.7-hotspot\bin\management_ext.dll
0x00007ffff06e0000 - 0x00007ffff06e8000 	C:\WINDOWS\System32\PSAPI.DLL
0x00007fffedcd0000 - 0x00007fffedce8000 	C:\WINDOWS\SYSTEM32\CRYPTSP.dll
0x00007fffed0a0000 - 0x00007fffed0d4000 	C:\WINDOWS\system32\rsaenh.dll
0x00007fffedff0000 - 0x00007fffee01e000 	C:\WINDOWS\SYSTEM32\USERENV.dll
0x00007fffed8f0000 - 0x00007fffed8fc000 	C:\WINDOWS\SYSTEM32\CRYPTBASE.dll
0x00007fffed460000 - 0x00007fffed49b000 	C:\WINDOWS\SYSTEM32\IPHLPAPI.DLL
0x00007ffff08d0000 - 0x00007ffff08d8000 	C:\WINDOWS\System32\NSI.dll
0x00007fffe32f0000 - 0x00007fffe3307000 	C:\WINDOWS\SYSTEM32\dhcpcsvc6.DLL
0x00007fffe32d0000 - 0x00007fffe32ed000 	C:\WINDOWS\SYSTEM32\dhcpcsvc.DLL
0x00007fffed4a0000 - 0x00007fffed56b000 	C:\WINDOWS\SYSTEM32\DNSAPI.dll
0x00007fffaa7b0000 - 0x00007fffaa7be000 	C:\Program Files\Microsoft\jdk-17.0.8.7-hotspot\bin\sunmscapi.dll
0x00007fffee150000 - 0x00007fffee2ae000 	C:\WINDOWS\System32\CRYPT32.dll
0x00007fffed9f0000 - 0x00007fffeda18000 	C:\WINDOWS\SYSTEM32\ncrypt.dll
0x00007fffed9b0000 - 0x00007fffed9eb000 	C:\WINDOWS\SYSTEM32\NTASN1.dll
0x00007fffdea20000 - 0x00007fffdea27000 	C:\WINDOWS\system32\wshunix.dll
0x00007fffe45f0000 - 0x00007fffe45fa000 	C:\Windows\System32\rasadhlp.dll
0x00007fffdf250000 - 0x00007fffdf2d0000 	C:\WINDOWS\System32\fwpuclnt.dll
0x00007fffc8e50000 - 0x00007fffc8e67000 	C:\WINDOWS\system32\napinsp.dll
0x00007fffc5a50000 - 0x00007fffc5a6b000 	C:\WINDOWS\system32\pnrpnsp.dll
0x00007fffe89b0000 - 0x00007fffe89c5000 	C:\WINDOWS\system32\wshbth.dll
0x00007fffe9200000 - 0x00007fffe921d000 	C:\WINDOWS\system32\NLAapi.dll
0x00007fffbede0000 - 0x00007fffbedf2000 	C:\WINDOWS\System32\winrnr.dll

dbghelp: loaded successfully - version: 4.0.5 - missing functions: none
symbol engine: initialized successfully - sym options: 0x614 - pdb path: .;C:\Program Files\Microsoft\jdk-17.0.8.7-hotspot\bin;C:\WINDOWS\SYSTEM32;C:\WINDOWS\WinSxS\amd64_microsoft.windows.common-controls_6595b64144ccf1df_6.0.19041.3636_none_60b6a03d71f818d5;C:\Program Files\Microsoft\jdk-17.0.8.7-hotspot\bin\server;C:\Users\Hamza Pervaiz\.gradle\native\68d5fa5c4cc2d200863cafc0d521ce42e7d3e7ee720ec0a83991735586a16f82\windows-amd64;C:\Users\Hamza Pervaiz\.gradle\native\e376f236ea51e6404a007f0833ffe2c6e607c4080706a723a18a27aeea778392\windows-amd64

VM Arguments:
jvm_args: -XX:MaxMetaspaceSize=512m --add-opens=java.base/java.util=ALL-UNNAMED --add-opens=java.base/java.lang=ALL-UNNAMED --add-opens=java.base/java.lang.invoke=ALL-UNNAMED --add-opens=java.prefs/java.util.prefs=ALL-UNNAMED --add-opens=java.base/java.nio.charset=ALL-UNNAMED --add-opens=java.base/java.net=ALL-UNNAMED --add-opens=java.base/java.util.concurrent.atomic=ALL-UNNAMED -Xmx2048m -Dfile.encoding=windows-1252 -Duser.country=US -Duser.language=en -Duser.variant -javaagent:C:\Users\Hamza Pervaiz\.gradle\wrapper\dists\gradle-8.3-all\6en3ugtfdg5xnpx44z4qbwgas\gradle-8.3\lib\agents\gradle-instrumentation-agent-8.3.jar 
java_command: org.gradle.launcher.daemon.bootstrap.GradleDaemon 8.3
java_class_path (initial): C:\Users\Hamza Pervaiz\.gradle\wrapper\dists\gradle-8.3-all\6en3ugtfdg5xnpx44z4qbwgas\gradle-8.3\lib\gradle-launcher-8.3.jar
Launcher Type: SUN_STANDARD

[Global flags]
     intx CICompilerCount                          = 3                                         {product} {ergonomic}
   size_t CompressedClassSpaceSize                 = 436207616                                 {product} {ergonomic}
     uint ConcGCThreads                            = 1                                         {product} {ergonomic}
     uint G1ConcRefinementThreads                  = 4                                         {product} {ergonomic}
   size_t G1HeapRegionSize                         = 1048576                                   {product} {ergonomic}
    uintx GCDrainStackTargetSize                   = 64                                        {product} {ergonomic}
   size_t InitialHeapSize                          = 266338304                                 {product} {ergonomic}
   size_t MarkStackSize                            = 4194304                                   {product} {ergonomic}
   size_t MaxHeapSize                              = 2147483648                                {product} {command line}
   size_t MaxMetaspaceSize                         = 536870912                                 {product} {command line}
   size_t MaxNewSize                               = 1287651328                                {product} {ergonomic}
   size_t MinHeapDeltaBytes                        = 1048576                                   {product} {ergonomic}
   size_t MinHeapSize                              = 8388608                                   {product} {ergonomic}
    uintx NonNMethodCodeHeapSize                   = 5832780                                {pd product} {ergonomic}
    uintx NonProfiledCodeHeapSize                  = 122912730                              {pd product} {ergonomic}
    uintx ProfiledCodeHeapSize                     = 122912730                              {pd product} {ergonomic}
    uintx ReservedCodeCacheSize                    = 251658240                              {pd product} {ergonomic}
     bool SegmentedCodeCache                       = true                                      {product} {ergonomic}
   size_t SoftMaxHeapSize                          = 2147483648                             {manageable} {ergonomic}
     bool UseCompressedClassPointers               = true                           {product lp64_product} {ergonomic}
     bool UseCompressedOops                        = true                           {product lp64_product} {ergonomic}
     bool UseG1GC                                  = true                                      {product} {ergonomic}
     bool UseLargePagesIndividualAllocation        = false                                  {pd product} {ergonomic}

Logging:
Log output configuration:
 #0: stdout all=warning uptime,level,tags
 #1: stderr all=off uptime,level,tags

Environment Variables:
JAVA_HOME=C:\Program Files\Microsoft\jdk-17.0.8.7-hotspot\
CLASSPATH=E:\React Project\DigitalDynasty\android\\gradle\wrapper\gradle-wrapper.jar
PATH=E:\React Project\DigitalDynasty\node_modules\.bin;E:\React Project\DigitalDynasty\node_modules\.bin;E:\React Project\node_modules\.bin;E:\node_modules\.bin;C:\Program Files\nodejs\node_modules\npm\node_modules\@npmcli\run-script\lib\node-gyp-bin;E:\React Project\DigitalDynasty\node_modules\.bin;E:\React Project\node_modules\.bin;E:\node_modules\.bin;C:\Program Files\nodejs\node_modules\npm\node_modules\@npmcli\run-script\lib\node-gyp-bin;C:\Program Files\Microsoft\jdk-17.0.8.7-hotspot\bin;C:\WINDOWS\system32;C:\WINDOWS;C:\WINDOWS\System32\Wbem;C:\WINDOWS\System32\WindowsPowerShell\v1.0\;C:\WINDOWS\System32\OpenSSH\;C:\ProgramData\chocolatey\bin;C:\Program Files\nodejs\;C:\Users\Hamza Pervaiz\AppData\Local\Android\Sdk\tools;C:\Users\Hamza Pervaiz\AppData\Local\Microsoft\WindowsApps;C:\Users\Hamza Pervaiz\AppData\Roaming\npm;C:\Users\Hamza Pervaiz\AppData\Local\Android\Sdk;C:\Users\Hamza Pervaiz\AppData\Local\Android\Sdk\platform-tools;C:\Users\Hamza Pervaiz\AppData\Local\Android\Sdk\platforms;C:\Program Files\Microsoft\jdk-17.0.8.7-hotspot\bin;;C:\Users\Hamza Pervaiz\AppData\Local\Programs\Microsoft VS Code\bin
USERNAME=Hamza Pervaiz
LANG=en_US.UTF-8
OS=Windows_NT
PROCESSOR_IDENTIFIER=Intel64 Family 6 Model 142 Stepping 9, GenuineIntel
TMP=C:\Users\HAMZAP~1\AppData\Local\Temp
TEMP=C:\Users\HAMZAP~1\AppData\Local\Temp



---------------  S Y S T E M  ---------------

OS:
 Windows 10 , 64 bit Build 19041 (10.0.19041.3636)
OS uptime: 0 days 0:12 hours
Hyper-V role detected

CPU: total 4 (initial active 4) (2 cores per cpu, 2 threads per core) family 6 model 142 stepping 9 microcode 0xb4, cx8, cmov, fxsr, ht, mmx, 3dnowpref, sse, sse2, sse3, ssse3, sse4.1, sse4.2, popcnt, lzcnt, tsc, tscinvbit, avx, avx2, aes, erms, clmul, bmi1, bmi2, adx, fma, vzeroupper, clflush, clflushopt, hv
Processor Information for all 4 processors :
  Max Mhz: 2901, Current Mhz: 2901, Mhz Limit: 2901

Memory: 4k page, system-wide physical 16169M (3448M free)
TotalPageFile size 18601M (AvailPageFile size 6923M)
current process WorkingSet (physical memory assigned to process): 572M, peak: 575M
current process commit charge ("private bytes"): 609M, peak: 613M

vm_info: OpenJDK 64-Bit Server VM (17.0.8+7-LTS) for windows-amd64 JRE (17.0.8+7-LTS), built on Jul  7 2023 17:21:55 by "MicrosoftCorporation" with MS VC++ 16.10 / 16.11 (VS2019)

END.
