#
# A fatal error has been detected by the Java Runtime Environment:
#
#  EXCEPTION_ACCESS_VIOLATION (0xc0000005) at pc=0x00007ffd7d9be0a9, pid=10988, tid=1220
#
# JRE version: OpenJDK Runtime Environment Microsoft-8035246 (17.0.8+7) (build 17.0.8+7-LTS)
# Java VM: OpenJDK 64-Bit Server VM Microsoft-8035246 (17.0.8+7-LTS, mixed mode, sharing, tiered, compressed oops, compressed class ptrs, g1 gc, windows-amd64)
# Problematic frame:
# V  [jvm.dll+0x2be0a9]
#
# No core dump will be written. Minidumps are not enabled by default on client versions of Windows
#
# If you would like to submit a bug report, please visit:
#   https://github.com/microsoft/openjdk/issues
#

---------------  S U M M A R Y ------------

Command Line: -XX:MaxMetaspaceSize=512m --add-opens=java.base/java.util=ALL-UNNAMED --add-opens=java.base/java.lang=ALL-UNNAMED --add-opens=java.base/java.lang.invoke=ALL-UNNAMED --add-opens=java.prefs/java.util.prefs=ALL-UNNAMED --add-opens=java.base/java.nio.charset=ALL-UNNAMED --add-opens=java.base/java.net=ALL-UNNAMED --add-opens=java.base/java.util.concurrent.atomic=ALL-UNNAMED -Xmx2048m -Dfile.encoding=windows-1252 -Duser.country=US -Duser.language=en -Duser.variant -javaagent:C:\Users\Hamza Pervaiz\.gradle\wrapper\dists\gradle-8.3-all\6en3ugtfdg5xnpx44z4qbwgas\gradle-8.3\lib\agents\gradle-instrumentation-agent-8.3.jar org.gradle.launcher.daemon.bootstrap.GradleDaemon 8.3

Host: Intel(R) Core(TM) i7-7500U CPU @ 2.70GHz, 4 cores, 15G,  Windows 10 , 64 bit Build 18362 (10.0.18362.329)
Time: Mon Dec 25 10:20:45 2023 Pakistan Standard Time elapsed time: 51.745009 seconds (0d 0h 0m 51s)

---------------  T H R E A D  ---------------

Current thread (0x000002ac35ade5a0):  JavaThread "C2 CompilerThread1" daemon [_thread_in_native, id=1220, stack(0x000000aead700000,0x000000aead800000)]


Current CompileTask:
C2:  51745 14532   !   4       org.gradle.cache.internal.DefaultMultiProcessSafeIndexedCache::getIfPresent (25 bytes)

Stack: [0x000000aead700000,0x000000aead800000],  sp=0x000000aead7fb7c0,  free space=1005k
Native frames: (J=compiled Java code, j=interpreted, Vv=VM code, C=native code)
V  [jvm.dll+0x2be0a9]
V  [jvm.dll+0x21ba8b]
V  [jvm.dll+0x21944b]
V  [jvm.dll+0x1a56b6]
V  [jvm.dll+0x2291ea]
V  [jvm.dll+0x22724c]
V  [jvm.dll+0x7efd0c]
V  [jvm.dll+0x7ea13a]
V  [jvm.dll+0x67ad85]
C  [ucrtbase.dll+0x20e72]
C  [KERNEL32.DLL+0x17bd4]
C  [ntdll.dll+0x6ced1]


siginfo: EXCEPTION_ACCESS_VIOLATION (0xc0000005), reading address 0x0000000000000028


Register to memory mapping:

RIP=0x00007ffd7d9be0a9 jvm.dll
RAX=0x000002ac3c5758f0 points into unknown readable memory: 0x0000000000000000 | 00 00 00 00 00 00 00 00
RBX=0x0000000000001951 is an unknown value
RCX=0x0 is NULL
RDX=0x0 is NULL
RSP=0x000000aead7fb7c0 is pointing into the stack for thread: 0x000002ac35ade5a0
RBP=0x000000aead7fb830 is pointing into the stack for thread: 0x000002ac35ade5a0
RSI=0x0 is NULL
RDI=0x0000000000000052 is an unknown value
R8 =0x000000000000ffe0 is an unknown value
R9 =0x0 is NULL
R10=0x00007ffdcd420000 VCRUNTIME140.dll
R11=0x000002ac3c575910 points into unknown readable memory: 0x0000000000000000 | 00 00 00 00 00 00 00 00
R12=0x0000000000000050 is an unknown value
R13=0x0 is NULL
R14=0x0 is NULL
R15=0x000000aead7fe9e0 is pointing into the stack for thread: 0x000002ac35ade5a0


Registers:
RAX=0x000002ac3c5758f0, RBX=0x0000000000001951, RCX=0x0000000000000000, RDX=0x0000000000000000
RSP=0x000000aead7fb7c0, RBP=0x000000aead7fb830, RSI=0x0000000000000000, RDI=0x0000000000000052
R8 =0x000000000000ffe0, R9 =0x0000000000000000, R10=0x00007ffdcd420000, R11=0x000002ac3c575910
R12=0x0000000000000050, R13=0x0000000000000000, R14=0x0000000000000000, R15=0x000000aead7fe9e0
RIP=0x00007ffd7d9be0a9, EFLAGS=0x0000000000010202

Top of Stack: (sp=0x000000aead7fb7c0)
0x000000aead7fb7c0:   0000000000001951 0000000000000000
0x000000aead7fb7d0:   000000aead7fe9e0 00007ffd7d9238d1
0x000000aead7fb7e0:   000002ac31802ba0 00007ffd00002000
0x000000aead7fb7f0:   000002ac3c5758f0 0000000000000000
0x000000aead7fb800:   0000000000000002 000002ac319d57a0
0x000000aead7fb810:   0000000000000002 000002ac31802ba0
0x000000aead7fb820:   0000000000000000 0000000000000000
0x000000aead7fb830:   000002ac3451cb40 000002ac72a593f0
0x000000aead7fb840:   0000000000000052 00007ffd7e044c08
0x000000aead7fb850:   000000aead7fb960 00007ffd7d91ba8b
0x000000aead7fb860:   000000aead7fe9e0 00007ffd7e044c08
0x000000aead7fb870:   000000aead7fe9e0 000000aead7fb960
0x000000aead7fb880:   000002ac00000000 00007ffd7dd1b7fb
0x000000aead7fb890:   000000ae0000000f 000000aead7fe9e0
0x000000aead7fb8a0:   000000aead7fba10 0000000000000000
0x000000aead7fb8b0:   000002ac00000100 00007ffd7e044c08 

Instructions: (pc=0x00007ffd7d9be0a9)
0x00007ffd7d9bdfa9:   3b d0 75 0b ff c1 41 3b c9 7c dc 48 8b c2 c3 33
0x00007ffd7d9bdfb9:   c0 c3 cc cc cc cc cc 48 89 5c 24 18 55 56 57 41
0x00007ffd7d9bdfc9:   55 41 57 48 8b ec 48 83 ec 70 65 48 8b 04 25 58
0x00007ffd7d9bdfd9:   00 00 00 48 8b f2 44 8b 05 d2 8b 90 00 4c 8b f9
0x00007ffd7d9bdfe9:   4a 8b 1c c0 b8 50 00 00 00 80 3c 18 00 75 05 e8
0x00007ffd7d9bdff9:   8b 6f 5d 00 b8 20 00 00 00 48 8b 04 18 48 8b 98
0x00007ffd7d9be009:   38 02 00 00 48 89 5d b0 c7 45 b8 04 00 00 00 48
0x00007ffd7d9be019:   8b 43 18 48 83 f8 df 76 18 4c 8d 05 37 a9 65 00
0x00007ffd7d9be029:   ba 20 00 00 00 48 8b cb e8 5a eb de ff 48 8b 43
0x00007ffd7d9be039:   18 48 8d 48 20 48 3b 4b 20 76 11 45 33 c0 48 8b
0x00007ffd7d9be049:   cb 41 8d 50 20 e8 fd e8 de ff eb 04 48 89 4b 18
0x00007ffd7d9be059:   44 8b 45 b8 33 d2 49 c1 e0 03 48 8b c8 48 89 45
0x00007ffd7d9be069:   c0 e8 e3 80 5d 00 45 33 ed 48 8d 4d d0 44 89 6d
0x00007ffd7d9be079:   c8 e8 01 59 56 00 41 8b 9f 40 02 00 00 41 2b 9f
0x00007ffd7d9be089:   68 02 00 00 44 89 6d f0 3b 5d b8 72 0b 8b d3 48
0x00007ffd7d9be099:   8d 4d b0 e8 6f b3 39 00 48 8b 45 c0 4c 89 2c d8
0x00007ffd7d9be0a9:   8b 7e 28 8b df c1 eb 05 3b 5d d0 72 0b 8b d3 48
0x00007ffd7d9be0b9:   8d 4d d0 e8 1f 59 56 00 48 8b 45 d8 83 e7 1f 48
0x00007ffd7d9be0c9:   8d 14 98 40 0f b6 cf 41 b8 01 00 00 00 41 d3 e0
0x00007ffd7d9be0d9:   8b 0a 8b c1 41 0b c0 89 02 41 85 c8 75 21 8b 5d
0x00007ffd7d9be0e9:   c8 8d 43 01 89 45 c8 3b 5d b8 72 0b 8b d3 48 8d
0x00007ffd7d9be0f9:   4d b0 e8 10 b3 39 00 48 8b 45 c0 48 89 34 d8 44
0x00007ffd7d9be109:   39 6d c8 0f 86 77 01 00 00 4c 89 a4 24 a0 00 00
0x00007ffd7d9be119:   00 4c 89 b4 24 a8 00 00 00 48 8b 45 c0 41 8b cd
0x00007ffd7d9be129:   48 8b 34 c8 8b 46 2c 25 ff 1f 00 00 3d 04 10 00
0x00007ffd7d9be139:   00 0f 85 a7 00 00 00 bb 01 00 00 00 39 5e 18 76
0x00007ffd7d9be149:   39 66 0f 1f 44 00 00 48 8b 46 08 8b cb 48 8b 14
0x00007ffd7d9be159:   c8 48 85 d2 74 1d 48 83 7a 10 00 74 16 80 7a 2c
0x00007ffd7d9be169:   84 74 10 e8 7f 7e ee ff 48 8b d0 49 8b cf e8 a4
0x00007ffd7d9be179:   61 f6 ff ff c3 3b 5e 18 72 cd 48 8b 5e 10 8b 46
0x00007ffd7d9be189:   20 4c 8d 34 c3 49 3b de 73 54 48 8b 3b 8b 47 2c
0x00007ffd7d9be199:   83 e0 03 3c 03 75 2e 48 8b 07 48 8b cf ff 90 88 


Stack slot to memory mapping:
stack at sp + 0 slots: 0x0000000000001951 is an unknown value
stack at sp + 1 slots: 0x0 is NULL
stack at sp + 2 slots: 0x000000aead7fe9e0 is pointing into the stack for thread: 0x000002ac35ade5a0
stack at sp + 3 slots: 0x00007ffd7d9238d1 jvm.dll
stack at sp + 4 slots: 0x000002ac31802ba0 points into unknown readable memory: 0x0000000000000006 | 06 00 00 00 00 00 00 00
stack at sp + 5 slots: 0x00007ffd00002000 is an unknown value
stack at sp + 6 slots: 0x000002ac3c5758f0 points into unknown readable memory: 0x0000000000000000 | 00 00 00 00 00 00 00 00
stack at sp + 7 slots: 0x0 is NULL


---------------  P R O C E S S  ---------------

Threads class SMR info:
_java_thread_list=0x000002ac354a65e0, length=92, elements={
0x000002ac72a40020, 0x000002ac7f6410f0, 0x000002ac7f641e80, 0x000002ac7f65b580,
0x000002ac7f65c260, 0x000002ac7f65cb30, 0x000002ac7f65d400, 0x000002ac7f661500,
0x000002ac7f66bee0, 0x000002ac7f778460, 0x000002ac7f83c4b0, 0x000002ac7f8f7a20,
0x000002ac324d7990, 0x000002ac31339fe0, 0x000002ac31d6fe30, 0x000002ac31769de0,
0x000002ac30ca2560, 0x000002ac31c334b0, 0x000002ac31c339c0, 0x000002ac31c32580,
0x000002ac31c32070, 0x000002ac31c32fa0, 0x000002ac31c32a90, 0x000002ac320105b0,
0x000002ac32015bc0, 0x000002ac32012410, 0x000002ac3200ec60, 0x000002ac32012920,
0x000002ac32010ac0, 0x000002ac32010fd0, 0x000002ac32013850, 0x000002ac320165e0,
0x000002ac32013d60, 0x000002ac320151a0, 0x000002ac32014270, 0x000002ac3200f170,
0x000002ac320160d0, 0x000002ac32012e30, 0x000002ac32014780, 0x000002ac32011f00,
0x000002ac32014c90, 0x000002ac3200f680, 0x000002ac33372a10, 0x000002ac333710c0,
0x000002ac3336e330, 0x000002ac3336c4d0, 0x000002ac33373e50, 0x000002ac3336c9e0,
0x000002ac333706a0, 0x000002ac33372500, 0x000002ac3336ed50, 0x000002ac33373430,
0x000002ac3336de20, 0x000002ac3336e840, 0x000002ac33370bb0, 0x000002ac33371ff0,
0x000002ac33373940, 0x000002ac3336d400, 0x000002ac333715d0, 0x000002ac33371ae0,
0x000002ac3336d910, 0x000002ac32df9b60, 0x000002ac32df8210, 0x000002ac32df8720,
0x000002ac32df68c0, 0x000002ac32dfa580, 0x000002ac32dfaa90, 0x000002ac32df9140,
0x000002ac32dfafa0, 0x000002ac35ade5a0, 0x000002ac32df6dd0, 0x000002ac32df72e0,
0x000002ac32df77f0, 0x000002ac3336fc80, 0x000002ac35079530, 0x000002ac35076290,
0x000002ac35073500, 0x000002ac35079a40, 0x000002ac350780f0, 0x000002ac350771c0,
0x000002ac35075360, 0x000002ac3507a460, 0x000002ac35074430, 0x000002ac35073a10,
0x000002ac35078600, 0x000002ac35073f20, 0x000002ac35076cb0, 0x000002ac35077be0,
0x000002ac35075d80, 0x000002ac350776d0, 0x000002ac35078b10, 0x000002ac35079f50
}

Java Threads: ( => current thread )
  0x000002ac72a40020 JavaThread "main" [_thread_blocked, id=9264, stack(0x000000aea8a00000,0x000000aea8b00000)]
  0x000002ac7f6410f0 JavaThread "Reference Handler" daemon [_thread_blocked, id=6188, stack(0x000000aea9100000,0x000000aea9200000)]
  0x000002ac7f641e80 JavaThread "Finalizer" daemon [_thread_blocked, id=6320, stack(0x000000aea9200000,0x000000aea9300000)]
  0x000002ac7f65b580 JavaThread "Signal Dispatcher" daemon [_thread_blocked, id=9916, stack(0x000000aea9300000,0x000000aea9400000)]
  0x000002ac7f65c260 JavaThread "Attach Listener" daemon [_thread_blocked, id=12164, stack(0x000000aea9400000,0x000000aea9500000)]
  0x000002ac7f65cb30 JavaThread "Service Thread" daemon [_thread_blocked, id=9116, stack(0x000000aea9500000,0x000000aea9600000)]
  0x000002ac7f65d400 JavaThread "Monitor Deflation Thread" daemon [_thread_blocked, id=7036, stack(0x000000aea9600000,0x000000aea9700000)]
  0x000002ac7f661500 JavaThread "C2 CompilerThread0" daemon [_thread_in_native, id=1108, stack(0x000000aea9700000,0x000000aea9800000)]
  0x000002ac7f66bee0 JavaThread "C1 CompilerThread0" daemon [_thread_in_vm, id=6116, stack(0x000000aea9800000,0x000000aea9900000)]
  0x000002ac7f778460 JavaThread "Sweeper thread" daemon [_thread_blocked, id=8612, stack(0x000000aea9900000,0x000000aea9a00000)]
  0x000002ac7f83c4b0 JavaThread "Common-Cleaner" daemon [_thread_blocked, id=3896, stack(0x000000aea9a00000,0x000000aea9b00000)]
  0x000002ac7f8f7a20 JavaThread "Notification Thread" daemon [_thread_blocked, id=11444, stack(0x000000aea9b00000,0x000000aea9c00000)]
  0x000002ac324d7990 JavaThread "Daemon health stats" [_thread_blocked, id=8036, stack(0x000000aeaa100000,0x000000aeaa200000)]
  0x000002ac31339fe0 JavaThread "Incoming local TCP Connector on port 54051" [_thread_in_native, id=2876, stack(0x000000aeaa200000,0x000000aeaa300000)]
  0x000002ac31d6fe30 JavaThread "Daemon periodic checks" [_thread_blocked, id=348, stack(0x000000aeaa300000,0x000000aeaa400000)]
  0x000002ac31769de0 JavaThread "Daemon" [_thread_blocked, id=6524, stack(0x000000aeaa400000,0x000000aeaa500000)]
  0x000002ac30ca2560 JavaThread "Handler for socket connection from /127.0.0.1:54051 to /127.0.0.1:54052" [_thread_in_native, id=9164, stack(0x000000aeaa500000,0x000000aeaa600000)]
  0x000002ac31c334b0 JavaThread "Cancel handler" [_thread_blocked, id=12812, stack(0x000000aeaa600000,0x000000aeaa700000)]
  0x000002ac31c339c0 JavaThread "Daemon worker" [_thread_blocked, id=4032, stack(0x000000aeaa700000,0x000000aeaa800000)]
  0x000002ac31c32580 JavaThread "Asynchronous log dispatcher for DefaultDaemonConnection: socket connection from /127.0.0.1:54051 to /127.0.0.1:54052" [_thread_blocked, id=12112, stack(0x000000aeaa800000,0x000000aeaa900000)]
  0x000002ac31c32070 JavaThread "Stdin handler" [_thread_blocked, id=9368, stack(0x000000aeaa900000,0x000000aeaaa00000)]
  0x000002ac31c32fa0 JavaThread "Daemon client event forwarder" [_thread_blocked, id=4516, stack(0x000000aeaaa00000,0x000000aeaab00000)]
  0x000002ac31c32a90 JavaThread "Cache worker for journal cache (C:\Users\Hamza Pervaiz\.gradle\caches\journal-1)" [_thread_blocked, id=10976, stack(0x000000aeaab00000,0x000000aeaac00000)]
  0x000002ac320105b0 JavaThread "File lock request listener" [_thread_in_native, id=4544, stack(0x000000aeaac00000,0x000000aeaad00000)]
  0x000002ac32015bc0 JavaThread "Cache worker for file hash cache (C:\Users\Hamza Pervaiz\.gradle\caches\8.3\fileHashes)" [_thread_blocked, id=9152, stack(0x000000aeaad00000,0x000000aeaae00000)]
  0x000002ac32012410 JavaThread "File watcher server" daemon [_thread_in_native, id=5124, stack(0x000000aeaae00000,0x000000aeaaf00000)]
  0x000002ac3200ec60 JavaThread "File watcher consumer" daemon [_thread_blocked, id=2596, stack(0x000000aeaaf00000,0x000000aeab000000)]
  0x000002ac32012920 JavaThread "Cache worker for checksums cache (E:\React Project\BottomNavigation\android\.gradle\8.3\checksums)" [_thread_blocked, id=6692, stack(0x000000aeab000000,0x000000aeab100000)]
  0x000002ac32010ac0 JavaThread "Cache worker for file hash cache (E:\React Project\BottomNavigation\android\.gradle\8.3\fileHashes)" [_thread_blocked, id=1644, stack(0x000000aeab100000,0x000000aeab200000)]
  0x000002ac32010fd0 JavaThread "Cache worker for cache directory md-supplier (C:\Users\Hamza Pervaiz\.gradle\caches\8.3\md-supplier)" [_thread_blocked, id=4840, stack(0x000000aeab200000,0x000000aeab300000)]
  0x000002ac32013850 JavaThread "Cache worker for file content cache (C:\Users\Hamza Pervaiz\.gradle\caches\8.3\fileContent)" [_thread_blocked, id=2760, stack(0x000000aeab300000,0x000000aeab400000)]
  0x000002ac320165e0 JavaThread "Cache worker for cache directory md-rule (C:\Users\Hamza Pervaiz\.gradle\caches\8.3\md-rule)" [_thread_blocked, id=10484, stack(0x000000aeab400000,0x000000aeab500000)]
  0x000002ac32013d60 JavaThread "Cache worker for execution history cache (C:\Users\Hamza Pervaiz\.gradle\caches\8.3\executionHistory)" [_thread_blocked, id=5588, stack(0x000000aea9d00000,0x000000aea9e00000)]
  0x000002ac320151a0 JavaThread "jar transforms" [_thread_blocked, id=5496, stack(0x000000aeab700000,0x000000aeab800000)]
  0x000002ac32014270 JavaThread "jar transforms Thread 2" [_thread_blocked, id=2028, stack(0x000000aeab800000,0x000000aeab900000)]
  0x000002ac3200f170 JavaThread "jar transforms Thread 3" [_thread_blocked, id=11580, stack(0x000000aeab900000,0x000000aeaba00000)]
  0x000002ac320160d0 JavaThread "jar transforms Thread 4" [_thread_blocked, id=6276, stack(0x000000aeaba00000,0x000000aeabb00000)]
  0x000002ac32012e30 JavaThread "Cache worker for kotlin-dsl (C:\Users\Hamza Pervaiz\.gradle\caches\8.3\kotlin-dsl)" [_thread_blocked, id=12948, stack(0x000000aeabb00000,0x000000aeabc00000)]
  0x000002ac32014780 JavaThread "Unconstrained build operations" [_thread_blocked, id=3860, stack(0x000000aeab500000,0x000000aeab600000)]
  0x000002ac32011f00 JavaThread "Unconstrained build operations Thread 2" [_thread_blocked, id=8100, stack(0x000000aeabd00000,0x000000aeabe00000)]
  0x000002ac32014c90 JavaThread "Cache worker for dependencies-accessors (E:\React Project\BottomNavigation\android\.gradle\8.3\dependencies-accessors)" [_thread_blocked, id=5852, stack(0x000000aeabf00000,0x000000aeac000000)]
  0x000002ac3200f680 JavaThread "Cache worker for Build Output Cleanup Cache (E:\React Project\BottomNavigation\node_modules\@react-native\gradle-plugin\.gradle\buildOutputCleanup)" [_thread_blocked, id=7764, stack(0x000000aeac000000,0x000000aeac100000)]
  0x000002ac33372a10 JavaThread "Unconstrained build operations Thread 3" [_thread_blocked, id=3080, stack(0x000000aeac100000,0x000000aeac200000)]
  0x000002ac333710c0 JavaThread "Unconstrained build operations Thread 4" [_thread_blocked, id=5744, stack(0x000000aeac200000,0x000000aeac300000)]
  0x000002ac3336e330 JavaThread "Unconstrained build operations Thread 5" [_thread_blocked, id=10568, stack(0x000000aeac300000,0x000000aeac400000)]
  0x000002ac3336c4d0 JavaThread "Memory manager" [_thread_blocked, id=1340, stack(0x000000aeac400000,0x000000aeac500000)]
  0x000002ac33373e50 JavaThread "Cache worker for Build Output Cleanup Cache (E:\React Project\BottomNavigation\android\.gradle\buildOutputCleanup)" [_thread_blocked, id=5200, stack(0x000000aeabe00000,0x000000aeabf00000)]
  0x000002ac3336c9e0 JavaThread "ForkJoinPool.commonPool-worker-1" daemon [_thread_blocked, id=7476, stack(0x000000aeac600000,0x000000aeac700000)]
  0x000002ac333706a0 JavaThread "ForkJoinPool.commonPool-worker-2" daemon [_thread_blocked, id=5204, stack(0x000000aeac700000,0x000000aeac800000)]
  0x000002ac33372500 JavaThread "ForkJoinPool.commonPool-worker-3" daemon [_thread_blocked, id=1280, stack(0x000000aeac800000,0x000000aeac900000)]
  0x000002ac3336ed50 JavaThread "included builds" [_thread_blocked, id=6252, stack(0x000000aeac900000,0x000000aeaca00000)]
  0x000002ac33373430 JavaThread "Execution worker" [_thread_in_Java, id=1692, stack(0x000000aeaca00000,0x000000aeacb00000)]
  0x000002ac3336de20 JavaThread "Execution worker Thread 2" [_thread_blocked, id=11912, stack(0x000000aeacb00000,0x000000aeacc00000)]
  0x000002ac3336e840 JavaThread "Execution worker Thread 3" [_thread_blocked, id=7932, stack(0x000000aeacc00000,0x000000aeacd00000)]
  0x000002ac33370bb0 JavaThread "Cache worker for execution history cache (E:\React Project\BottomNavigation\node_modules\@react-native\gradle-plugin\.gradle\8.3\executionHistory)" [_thread_blocked, id=6424, stack(0x000000aeacd00000,0x000000aeace00000)]
  0x000002ac33371ff0 JavaThread "Unconstrained build operations Thread 6" [_thread_blocked, id=10288, stack(0x000000aeace00000,0x000000aeacf00000)]
  0x000002ac33373940 JavaThread "Unconstrained build operations Thread 7" [_thread_blocked, id=11104, stack(0x000000aeacf00000,0x000000aead000000)]
  0x000002ac3336d400 JavaThread "Unconstrained build operations Thread 8" [_thread_blocked, id=9888, stack(0x000000aead000000,0x000000aead100000)]
  0x000002ac333715d0 JavaThread "Unconstrained build operations Thread 9" [_thread_blocked, id=4152, stack(0x000000aead100000,0x000000aead200000)]
  0x000002ac33371ae0 JavaThread "Unconstrained build operations Thread 10" [_thread_blocked, id=12264, stack(0x000000aead200000,0x000000aead300000)]
  0x000002ac3336d910 JavaThread "Unconstrained build operations Thread 11" [_thread_blocked, id=1824, stack(0x000000aead300000,0x000000aead400000)]
  0x000002ac32df9b60 JavaThread "Unconstrained build operations Thread 12" [_thread_blocked, id=9460, stack(0x000000aead400000,0x000000aead500000)]
  0x000002ac32df8210 JavaThread "Unconstrained build operations Thread 13" [_thread_blocked, id=9656, stack(0x000000aead500000,0x000000aead600000)]
  0x000002ac32df8720 JavaThread "Unconstrained build operations Thread 14" [_thread_blocked, id=12320, stack(0x000000aead800000,0x000000aead900000)]
  0x000002ac32df68c0 JavaThread "Unconstrained build operations Thread 15" [_thread_blocked, id=7132, stack(0x000000aead900000,0x000000aeada00000)]
  0x000002ac32dfa580 JavaThread "Unconstrained build operations Thread 16" [_thread_blocked, id=9328, stack(0x000000aeada00000,0x000000aeadb00000)]
  0x000002ac32dfaa90 JavaThread "Unconstrained build operations Thread 17" [_thread_blocked, id=8156, stack(0x000000aeadb00000,0x000000aeadc00000)]
  0x000002ac32df9140 JavaThread "Unconstrained build operations Thread 18" [_thread_blocked, id=11324, stack(0x000000aeadc00000,0x000000aeadd00000)]
  0x000002ac32dfafa0 JavaThread "Unconstrained build operations Thread 19" [_thread_blocked, id=8844, stack(0x000000aeadd00000,0x000000aeade00000)]
=>0x000002ac35ade5a0 JavaThread "C2 CompilerThread1" daemon [_thread_in_native, id=1220, stack(0x000000aead700000,0x000000aead800000)]
  0x000002ac32df6dd0 JavaThread "Unconstrained build operations Thread 20" [_thread_blocked, id=9728, stack(0x000000aeade00000,0x000000aeadf00000)]
  0x000002ac32df72e0 JavaThread "Unconstrained build operations Thread 21" [_thread_blocked, id=1980, stack(0x000000aeadf00000,0x000000aeae000000)]
  0x000002ac32df77f0 JavaThread "Unconstrained build operations Thread 22" [_thread_blocked, id=3672, stack(0x000000aeae000000,0x000000aeae100000)]
  0x000002ac3336fc80 JavaThread "Unconstrained build operations Thread 23" [_thread_blocked, id=2440, stack(0x000000aeae100000,0x000000aeae200000)]
  0x000002ac35079530 JavaThread "Unconstrained build operations Thread 24" [_thread_blocked, id=11972, stack(0x000000aeae200000,0x000000aeae300000)]
  0x000002ac35076290 JavaThread "Unconstrained build operations Thread 25" [_thread_blocked, id=12052, stack(0x000000aeae300000,0x000000aeae400000)]
  0x000002ac35073500 JavaThread "Unconstrained build operations Thread 26" [_thread_blocked, id=5804, stack(0x000000aeae400000,0x000000aeae500000)]
  0x000002ac35079a40 JavaThread "Unconstrained build operations Thread 27" [_thread_blocked, id=10784, stack(0x000000aeae500000,0x000000aeae600000)]
  0x000002ac350780f0 JavaThread "Unconstrained build operations Thread 28" [_thread_blocked, id=11456, stack(0x000000aeae600000,0x000000aeae700000)]
  0x000002ac350771c0 JavaThread "Unconstrained build operations Thread 29" [_thread_blocked, id=11708, stack(0x000000aeae700000,0x000000aeae800000)]
  0x000002ac35075360 JavaThread "Unconstrained build operations Thread 30" [_thread_blocked, id=5704, stack(0x000000aeae800000,0x000000aeae900000)]
  0x000002ac3507a460 JavaThread "Unconstrained build operations Thread 31" [_thread_blocked, id=5004, stack(0x000000aeae900000,0x000000aeaea00000)]
  0x000002ac35074430 JavaThread "Unconstrained build operations Thread 32" [_thread_blocked, id=6864, stack(0x000000aeaea00000,0x000000aeaeb00000)]
  0x000002ac35073a10 JavaThread "Unconstrained build operations Thread 33" [_thread_blocked, id=11744, stack(0x000000aeaeb00000,0x000000aeaec00000)]
  0x000002ac35078600 JavaThread "Unconstrained build operations Thread 34" [_thread_blocked, id=11796, stack(0x000000aeaec00000,0x000000aeaed00000)]
  0x000002ac35073f20 JavaThread "Unconstrained build operations Thread 35" [_thread_blocked, id=9500, stack(0x000000aeaed00000,0x000000aeaee00000)]
  0x000002ac35076cb0 JavaThread "Unconstrained build operations Thread 36" [_thread_blocked, id=4604, stack(0x000000aeaee00000,0x000000aeaef00000)]
  0x000002ac35077be0 JavaThread "Unconstrained build operations Thread 37" [_thread_blocked, id=7524, stack(0x000000aeaef00000,0x000000aeaf000000)]
  0x000002ac35075d80 JavaThread "Unconstrained build operations Thread 38" [_thread_blocked, id=12776, stack(0x000000aeaf000000,0x000000aeaf100000)]
  0x000002ac350776d0 JavaThread "Unconstrained build operations Thread 39" [_thread_blocked, id=900, stack(0x000000aeaf100000,0x000000aeaf200000)]
  0x000002ac35078b10 JavaThread "Cache worker for execution history cache (E:\React Project\BottomNavigation\android\.gradle\8.3\executionHistory)" [_thread_blocked, id=3720, stack(0x000000aeaf200000,0x000000aeaf300000)]
  0x000002ac35079f50 JavaThread "Unconstrained build operations Thread 40" [_thread_blocked, id=11280, stack(0x000000aeaf300000,0x000000aeaf400000)]

Other Threads:
  0x000002ac7f63d1d0 VMThread "VM Thread" [stack: 0x000000aea9000000,0x000000aea9100000] [id=1420]
  0x000002ac7f99afb0 WatcherThread [stack: 0x000000aea9c00000,0x000000aea9d00000] [id=9896]
  0x000002ac70a4e8b0 GCTaskThread "GC Thread#0" [stack: 0x000000aea8b00000,0x000000aea8c00000] [id=4444]
  0x000002ac7fb6ed10 GCTaskThread "GC Thread#1" [stack: 0x000000aea9e00000,0x000000aea9f00000] [id=8172]
  0x000002ac30119080 GCTaskThread "GC Thread#2" [stack: 0x000000aea9f00000,0x000000aeaa000000] [id=6204]
  0x000002ac300c8ce0 GCTaskThread "GC Thread#3" [stack: 0x000000aeaa000000,0x000000aeaa100000] [id=12036]
  0x000002ac72aa7650 ConcurrentGCThread "G1 Main Marker" [stack: 0x000000aea8c00000,0x000000aea8d00000] [id=4080]
  0x000002ac72aa9620 ConcurrentGCThread "G1 Conc#0" [stack: 0x000000aea8d00000,0x000000aea8e00000] [id=9964]
  0x000002ac7f4f4980 ConcurrentGCThread "G1 Refine#0" [stack: 0x000000aea8e00000,0x000000aea8f00000] [id=8864]
  0x000002ac31d4e360 ConcurrentGCThread "G1 Refine#1" [stack: 0x000000aeab600000,0x000000aeab700000] [id=9824]
  0x000002ac7f4f52c0 ConcurrentGCThread "G1 Service" [stack: 0x000000aea8f00000,0x000000aea9000000] [id=11284]

Threads with active compile tasks:
C2 CompilerThread0    51840 14728   !   4       com.google.common.cache.LocalCache$Segment::storeLoadedValue (371 bytes)
C2 CompilerThread1    51840 14532   !   4       org.gradle.cache.internal.DefaultMultiProcessSafeIndexedCache::getIfPresent (25 bytes)

VM state: not at safepoint (normal execution)

VM Mutex/Monitor currently owned by a thread: None

Heap address: 0x0000000080000000, size: 2048 MB, Compressed Oops mode: 32-bit

CDS archive(s) mapped at: [0x000002ac11000000-0x000002ac11bd0000-0x000002ac11bd0000), size 12386304, SharedBaseAddress: 0x000002ac11000000, ArchiveRelocationMode: 1.
Compressed class space mapped at: 0x000002ac12000000-0x000002ac2c000000, reserved size: 436207616
Narrow klass base: 0x000002ac11000000, Narrow klass shift: 0, Narrow klass range: 0x100000000

GC Precious Log:
 CPUs: 4 total, 4 available
 Memory: 16169M
 Large Page Support: Disabled
 NUMA Support: Disabled
 Compressed Oops: Enabled (32-bit)
 Heap Region Size: 1M
 Heap Min Capacity: 8M
 Heap Initial Capacity: 254M
 Heap Max Capacity: 2G
 Pre-touch: Disabled
 Parallel Workers: 4
 Concurrent Workers: 1
 Concurrent Refinement Workers: 4
 Periodic GC: Disabled

Heap:
 garbage-first heap   total 204800K, used 152906K [0x0000000080000000, 0x0000000100000000)
  region size 1024K, 6 young (6144K), 3 survivors (3072K)
 Metaspace       used 102505K, committed 103360K, reserved 557056K
  class space    used 14232K, committed 14656K, reserved 425984K

Heap Regions: E=young(eden), S=young(survivor), O=old, HS=humongous(starts), HC=humongous(continues), CS=collection set, F=free, OA=open archive, CA=closed archive, TAMS=top-at-mark-start (previous, next)
|   0|0x0000000080000000, 0x0000000080100000, 0x0000000080100000|100%| O|  |TAMS 0x0000000080100000, 0x0000000080000000| Untracked 
|   1|0x0000000080100000, 0x0000000080200000, 0x0000000080200000|100%| O|  |TAMS 0x0000000080200000, 0x0000000080100000| Untracked 
|   2|0x0000000080200000, 0x0000000080300000, 0x0000000080300000|100%|HS|  |TAMS 0x0000000080300000, 0x0000000080200000| Complete 
|   3|0x0000000080300000, 0x0000000080400000, 0x0000000080400000|100%|HC|  |TAMS 0x0000000080400000, 0x0000000080300000| Complete 
|   4|0x0000000080400000, 0x0000000080500000, 0x0000000080500000|100%|HC|  |TAMS 0x0000000080500000, 0x0000000080400000| Complete 
|   5|0x0000000080500000, 0x0000000080600000, 0x0000000080600000|100%|HC|  |TAMS 0x0000000080600000, 0x0000000080500000| Complete 
|   6|0x0000000080600000, 0x0000000080700000, 0x0000000080700000|100%| O|  |TAMS 0x0000000080700000, 0x0000000080600000| Untracked 
|   7|0x0000000080700000, 0x0000000080800000, 0x0000000080800000|100%| O|  |TAMS 0x0000000080800000, 0x0000000080700000| Untracked 
|   8|0x0000000080800000, 0x0000000080900000, 0x0000000080900000|100%| O|  |TAMS 0x0000000080900000, 0x0000000080800000| Untracked 
|   9|0x0000000080900000, 0x0000000080a00000, 0x0000000080a00000|100%| O|  |TAMS 0x0000000080a00000, 0x0000000080900000| Untracked 
|  10|0x0000000080a00000, 0x0000000080b00000, 0x0000000080b00000|100%| O|  |TAMS 0x0000000080b00000, 0x0000000080a00000| Untracked 
|  11|0x0000000080b00000, 0x0000000080bb7e00, 0x0000000080c00000| 71%| O|  |TAMS 0x0000000080bb7e00, 0x0000000080b00000| Untracked 
|  12|0x0000000080c00000, 0x0000000080d00000, 0x0000000080d00000|100%| O|  |TAMS 0x0000000080d00000, 0x0000000080c00000| Untracked 
|  13|0x0000000080d00000, 0x0000000080e00000, 0x0000000080e00000|100%| O|  |TAMS 0x0000000080e00000, 0x0000000080d00000| Untracked 
|  14|0x0000000080e00000, 0x0000000080f00000, 0x0000000080f00000|100%| O|  |TAMS 0x0000000080f00000, 0x0000000080e00000| Untracked 
|  15|0x0000000080f00000, 0x0000000081000000, 0x0000000081000000|100%| O|  |TAMS 0x0000000081000000, 0x0000000080f00000| Untracked 
|  16|0x0000000081000000, 0x0000000081100000, 0x0000000081100000|100%| O|  |TAMS 0x0000000081100000, 0x0000000081000000| Untracked 
|  17|0x0000000081100000, 0x0000000081200000, 0x0000000081200000|100%| O|  |TAMS 0x0000000081200000, 0x0000000081100000| Untracked 
|  18|0x0000000081200000, 0x0000000081300000, 0x0000000081300000|100%| O|  |TAMS 0x0000000081300000, 0x0000000081200000| Untracked 
|  19|0x0000000081300000, 0x0000000081400000, 0x0000000081400000|100%| O|  |TAMS 0x0000000081400000, 0x0000000081300000| Untracked 
|  20|0x0000000081400000, 0x0000000081500000, 0x0000000081500000|100%| O|  |TAMS 0x0000000081500000, 0x0000000081400000| Untracked 
|  21|0x0000000081500000, 0x0000000081600000, 0x0000000081600000|100%| O|  |TAMS 0x0000000081600000, 0x0000000081500000| Untracked 
|  22|0x0000000081600000, 0x0000000081700000, 0x0000000081700000|100%| O|  |TAMS 0x0000000081700000, 0x0000000081600000| Untracked 
|  23|0x0000000081700000, 0x0000000081800000, 0x0000000081800000|100%| O|  |TAMS 0x0000000081800000, 0x0000000081700000| Untracked 
|  24|0x0000000081800000, 0x0000000081900000, 0x0000000081900000|100%| O|  |TAMS 0x0000000081900000, 0x0000000081800000| Untracked 
|  25|0x0000000081900000, 0x0000000081a00000, 0x0000000081a00000|100%| O|  |TAMS 0x0000000081a00000, 0x0000000081900000| Untracked 
|  26|0x0000000081a00000, 0x0000000081b00000, 0x0000000081b00000|100%| O|  |TAMS 0x0000000081b00000, 0x0000000081a00000| Untracked 
|  27|0x0000000081b00000, 0x0000000081c00000, 0x0000000081c00000|100%| O|  |TAMS 0x0000000081c00000, 0x0000000081b00000| Untracked 
|  28|0x0000000081c00000, 0x0000000081d00000, 0x0000000081d00000|100%| O|  |TAMS 0x0000000081d00000, 0x0000000081c00000| Untracked 
|  29|0x0000000081d00000, 0x0000000081e00000, 0x0000000081e00000|100%| O|  |TAMS 0x0000000081e00000, 0x0000000081d00000| Untracked 
|  30|0x0000000081e00000, 0x0000000081f00000, 0x0000000081f00000|100%| O|  |TAMS 0x0000000081f00000, 0x0000000081e00000| Untracked 
|  31|0x0000000081f00000, 0x0000000082000000, 0x0000000082000000|100%| O|  |TAMS 0x0000000082000000, 0x0000000081f00000| Untracked 
|  32|0x0000000082000000, 0x0000000082100000, 0x0000000082100000|100%| O|  |TAMS 0x0000000082100000, 0x0000000082000000| Untracked 
|  33|0x0000000082100000, 0x0000000082200000, 0x0000000082200000|100%| O|  |TAMS 0x0000000082200000, 0x0000000082100000| Untracked 
|  34|0x0000000082200000, 0x0000000082300000, 0x0000000082300000|100%| O|  |TAMS 0x0000000082300000, 0x0000000082200000| Untracked 
|  35|0x0000000082300000, 0x0000000082400000, 0x0000000082400000|100%| O|  |TAMS 0x0000000082400000, 0x0000000082300000| Untracked 
|  36|0x0000000082400000, 0x0000000082500000, 0x0000000082500000|100%| O|  |TAMS 0x0000000082500000, 0x0000000082400000| Untracked 
|  37|0x0000000082500000, 0x0000000082600000, 0x0000000082600000|100%| O|  |TAMS 0x0000000082600000, 0x0000000082500000| Untracked 
|  38|0x0000000082600000, 0x0000000082700000, 0x0000000082700000|100%| O|  |TAMS 0x0000000082700000, 0x0000000082600000| Untracked 
|  39|0x0000000082700000, 0x0000000082800000, 0x0000000082800000|100%|HS|  |TAMS 0x0000000082800000, 0x0000000082700000| Complete 
|  40|0x0000000082800000, 0x0000000082900000, 0x0000000082900000|100%|HC|  |TAMS 0x0000000082900000, 0x0000000082800000| Complete 
|  41|0x0000000082900000, 0x0000000082a00000, 0x0000000082a00000|100%|HS|  |TAMS 0x0000000082a00000, 0x0000000082900000| Complete 
|  42|0x0000000082a00000, 0x0000000082b00000, 0x0000000082b00000|100%|HC|  |TAMS 0x0000000082b00000, 0x0000000082a00000| Complete 
|  43|0x0000000082b00000, 0x0000000082c00000, 0x0000000082c00000|100%| O|  |TAMS 0x0000000082c00000, 0x0000000082b00000| Untracked 
|  44|0x0000000082c00000, 0x0000000082d00000, 0x0000000082d00000|100%|HS|  |TAMS 0x0000000082d00000, 0x0000000082c00000| Complete 
|  45|0x0000000082d00000, 0x0000000082e00000, 0x0000000082e00000|100%|HC|  |TAMS 0x0000000082e00000, 0x0000000082d00000| Complete 
|  46|0x0000000082e00000, 0x0000000082f00000, 0x0000000082f00000|100%|HC|  |TAMS 0x0000000082f00000, 0x0000000082e00000| Complete 
|  47|0x0000000082f00000, 0x0000000083000000, 0x0000000083000000|100%|HC|  |TAMS 0x0000000083000000, 0x0000000082f00000| Complete 
|  48|0x0000000083000000, 0x0000000083100000, 0x0000000083100000|100%| O|  |TAMS 0x0000000083100000, 0x0000000083000000| Untracked 
|  49|0x0000000083100000, 0x0000000083200000, 0x0000000083200000|100%| O|  |TAMS 0x0000000083200000, 0x0000000083100000| Untracked 
|  50|0x0000000083200000, 0x0000000083300000, 0x0000000083300000|100%| O|  |TAMS 0x0000000083300000, 0x0000000083200000| Untracked 
|  51|0x0000000083300000, 0x0000000083400000, 0x0000000083400000|100%| O|  |TAMS 0x0000000083400000, 0x0000000083300000| Untracked 
|  52|0x0000000083400000, 0x0000000083500000, 0x0000000083500000|100%| O|  |TAMS 0x0000000083500000, 0x0000000083400000| Untracked 
|  53|0x0000000083500000, 0x0000000083600000, 0x0000000083600000|100%|HS|  |TAMS 0x0000000083600000, 0x0000000083500000| Complete 
|  54|0x0000000083600000, 0x0000000083700000, 0x0000000083700000|100%|HC|  |TAMS 0x0000000083700000, 0x0000000083600000| Complete 
|  55|0x0000000083700000, 0x0000000083800000, 0x0000000083800000|100%|HC|  |TAMS 0x0000000083800000, 0x0000000083700000| Complete 
|  56|0x0000000083800000, 0x0000000083900000, 0x0000000083900000|100%|HC|  |TAMS 0x0000000083900000, 0x0000000083800000| Complete 
|  57|0x0000000083900000, 0x0000000083a00000, 0x0000000083a00000|100%| O|  |TAMS 0x0000000083a00000, 0x0000000083900000| Untracked 
|  58|0x0000000083a00000, 0x0000000083b00000, 0x0000000083b00000|100%| O|  |TAMS 0x0000000083b00000, 0x0000000083a00000| Untracked 
|  59|0x0000000083b00000, 0x0000000083c00000, 0x0000000083c00000|100%| O|  |TAMS 0x0000000083c00000, 0x0000000083b00000| Untracked 
|  60|0x0000000083c00000, 0x0000000083d00000, 0x0000000083d00000|100%| O|  |TAMS 0x0000000083d00000, 0x0000000083c00000| Untracked 
|  61|0x0000000083d00000, 0x0000000083e00000, 0x0000000083e00000|100%| O|  |TAMS 0x0000000083e00000, 0x0000000083d00000| Untracked 
|  62|0x0000000083e00000, 0x0000000083f00000, 0x0000000083f00000|100%| O|  |TAMS 0x0000000083f00000, 0x0000000083e00000| Untracked 
|  63|0x0000000083f00000, 0x0000000084000000, 0x0000000084000000|100%| O|  |TAMS 0x0000000084000000, 0x0000000083f00000| Untracked 
|  64|0x0000000084000000, 0x0000000084100000, 0x0000000084100000|100%| O|  |TAMS 0x0000000084100000, 0x0000000084000000| Untracked 
|  65|0x0000000084100000, 0x0000000084200000, 0x0000000084200000|100%| O|  |TAMS 0x0000000084200000, 0x0000000084100000| Untracked 
|  66|0x0000000084200000, 0x0000000084300000, 0x0000000084300000|100%| O|  |TAMS 0x0000000084300000, 0x0000000084200000| Untracked 
|  67|0x0000000084300000, 0x0000000084400000, 0x0000000084400000|100%|HS|  |TAMS 0x0000000084400000, 0x0000000084300000| Complete 
|  68|0x0000000084400000, 0x0000000084500000, 0x0000000084500000|100%|HS|  |TAMS 0x0000000084500000, 0x0000000084400000| Complete 
|  69|0x0000000084500000, 0x0000000084600000, 0x0000000084600000|100%|HS|  |TAMS 0x0000000084600000, 0x0000000084500000| Complete 
|  70|0x0000000084600000, 0x0000000084700000, 0x0000000084700000|100%| O|  |TAMS 0x0000000084700000, 0x0000000084600000| Untracked 
|  71|0x0000000084700000, 0x0000000084800000, 0x0000000084800000|100%|HS|  |TAMS 0x0000000084800000, 0x0000000084700000| Complete 
|  72|0x0000000084800000, 0x0000000084900000, 0x0000000084900000|100%| O|  |TAMS 0x0000000084900000, 0x0000000084800000| Untracked 
|  73|0x0000000084900000, 0x0000000084a00000, 0x0000000084a00000|100%| O|  |TAMS 0x0000000084a00000, 0x0000000084900000| Untracked 
|  74|0x0000000084a00000, 0x0000000084b00000, 0x0000000084b00000|100%| O|  |TAMS 0x0000000084b00000, 0x0000000084a00000| Untracked 
|  75|0x0000000084b00000, 0x0000000084c00000, 0x0000000084c00000|100%| O|  |TAMS 0x0000000084c00000, 0x0000000084b00000| Untracked 
|  76|0x0000000084c00000, 0x0000000084d00000, 0x0000000084d00000|100%| O|  |TAMS 0x0000000084d00000, 0x0000000084c00000| Untracked 
|  77|0x0000000084d00000, 0x0000000084e00000, 0x0000000084e00000|100%| O|  |TAMS 0x0000000084e00000, 0x0000000084d00000| Untracked 
|  78|0x0000000084e00000, 0x0000000084f00000, 0x0000000084f00000|100%| O|  |TAMS 0x0000000084f00000, 0x0000000084e00000| Untracked 
|  79|0x0000000084f00000, 0x0000000085000000, 0x0000000085000000|100%| O|  |TAMS 0x0000000085000000, 0x0000000084f00000| Untracked 
|  80|0x0000000085000000, 0x0000000085100000, 0x0000000085100000|100%| O|  |TAMS 0x0000000085100000, 0x0000000085000000| Untracked 
|  81|0x0000000085100000, 0x0000000085200000, 0x0000000085200000|100%| O|  |TAMS 0x0000000085200000, 0x0000000085100000| Untracked 
|  82|0x0000000085200000, 0x0000000085300000, 0x0000000085300000|100%| O|  |TAMS 0x0000000085300000, 0x0000000085200000| Untracked 
|  83|0x0000000085300000, 0x0000000085400000, 0x0000000085400000|100%| O|  |TAMS 0x0000000085400000, 0x0000000085300000| Untracked 
|  84|0x0000000085400000, 0x0000000085500000, 0x0000000085500000|100%| O|  |TAMS 0x0000000085500000, 0x0000000085400000| Untracked 
|  85|0x0000000085500000, 0x0000000085600000, 0x0000000085600000|100%| O|  |TAMS 0x0000000085600000, 0x0000000085500000| Untracked 
|  86|0x0000000085600000, 0x0000000085700000, 0x0000000085700000|100%| O|  |TAMS 0x00000000856fb000, 0x0000000085600000| Untracked 
|  87|0x0000000085700000, 0x0000000085800000, 0x0000000085800000|100%| O|  |TAMS 0x0000000085800000, 0x0000000085700000| Untracked 
|  88|0x0000000085800000, 0x0000000085900000, 0x0000000085900000|100%| O|  |TAMS 0x0000000085900000, 0x0000000085800000| Untracked 
|  89|0x0000000085900000, 0x0000000085a00000, 0x0000000085a00000|100%| O|  |TAMS 0x0000000085900000, 0x0000000085900000| Untracked 
|  90|0x0000000085a00000, 0x0000000085b00000, 0x0000000085b00000|100%|HS|  |TAMS 0x0000000085a00000, 0x0000000085a00000| Complete 
|  91|0x0000000085b00000, 0x0000000085c00000, 0x0000000085c00000|100%| O|  |TAMS 0x0000000085b00000, 0x0000000085b00000| Untracked 
|  92|0x0000000085c00000, 0x0000000085d00000, 0x0000000085d00000|100%| O|  |TAMS 0x0000000085c00000, 0x0000000085c00000| Untracked 
|  93|0x0000000085d00000, 0x0000000085e00000, 0x0000000085e00000|100%| O|  |TAMS 0x0000000085d00000, 0x0000000085d00000| Untracked 
|  94|0x0000000085e00000, 0x0000000085f00000, 0x0000000085f00000|100%| O|  |TAMS 0x0000000085e00000, 0x0000000085e00000| Untracked 
|  95|0x0000000085f00000, 0x0000000086000000, 0x0000000086000000|100%| O|  |TAMS 0x0000000085f00000, 0x0000000085f00000| Untracked 
|  96|0x0000000086000000, 0x0000000086100000, 0x0000000086100000|100%|HS|  |TAMS 0x0000000086000000, 0x0000000086000000| Complete 
|  97|0x0000000086100000, 0x0000000086200000, 0x0000000086200000|100%| O|  |TAMS 0x0000000086100000, 0x0000000086100000| Untracked 
|  98|0x0000000086200000, 0x0000000086300000, 0x0000000086300000|100%|HS|  |TAMS 0x0000000086200000, 0x0000000086200000| Complete 
|  99|0x0000000086300000, 0x0000000086400000, 0x0000000086400000|100%|HC|  |TAMS 0x0000000086300000, 0x0000000086300000| Complete 
| 100|0x0000000086400000, 0x0000000086500000, 0x0000000086500000|100%|HS|  |TAMS 0x0000000086400000, 0x0000000086400000| Complete 
| 101|0x0000000086500000, 0x0000000086600000, 0x0000000086600000|100%| O|  |TAMS 0x0000000086500000, 0x0000000086500000| Untracked 
| 102|0x0000000086600000, 0x0000000086700000, 0x0000000086700000|100%| O|  |TAMS 0x0000000086600000, 0x0000000086600000| Untracked 
| 103|0x0000000086700000, 0x0000000086800000, 0x0000000086800000|100%| O|  |TAMS 0x0000000086700000, 0x0000000086700000| Untracked 
| 104|0x0000000086800000, 0x0000000086900000, 0x0000000086900000|100%| O|  |TAMS 0x0000000086800000, 0x0000000086800000| Untracked 
| 105|0x0000000086900000, 0x0000000086a00000, 0x0000000086a00000|100%| O|  |TAMS 0x0000000086900000, 0x0000000086900000| Untracked 
| 106|0x0000000086a00000, 0x0000000086b00000, 0x0000000086b00000|100%| O|  |TAMS 0x0000000086a00000, 0x0000000086a00000| Untracked 
| 107|0x0000000086b00000, 0x0000000086c00000, 0x0000000086c00000|100%| O|  |TAMS 0x0000000086b00000, 0x0000000086b00000| Untracked 
| 108|0x0000000086c00000, 0x0000000086d00000, 0x0000000086d00000|100%| O|  |TAMS 0x0000000086c00000, 0x0000000086c00000| Untracked 
| 109|0x0000000086d00000, 0x0000000086e00000, 0x0000000086e00000|100%| O|  |TAMS 0x0000000086d00000, 0x0000000086d00000| Untracked 
| 110|0x0000000086e00000, 0x0000000086f00000, 0x0000000086f00000|100%| O|  |TAMS 0x0000000086e00000, 0x0000000086e00000| Untracked 
| 111|0x0000000086f00000, 0x0000000087000000, 0x0000000087000000|100%| O|  |TAMS 0x0000000086f00000, 0x0000000086f00000| Untracked 
| 112|0x0000000087000000, 0x0000000087100000, 0x0000000087100000|100%| O|  |TAMS 0x0000000087000000, 0x0000000087000000| Untracked 
| 113|0x0000000087100000, 0x0000000087200000, 0x0000000087200000|100%| O|  |TAMS 0x0000000087100000, 0x0000000087100000| Untracked 
| 114|0x0000000087200000, 0x0000000087300000, 0x0000000087300000|100%| O|  |TAMS 0x0000000087200000, 0x0000000087200000| Untracked 
| 115|0x0000000087300000, 0x0000000087400000, 0x0000000087400000|100%| O|  |TAMS 0x0000000087300000, 0x0000000087300000| Untracked 
| 116|0x0000000087400000, 0x0000000087500000, 0x0000000087500000|100%| O|  |TAMS 0x0000000087400000, 0x0000000087400000| Untracked 
| 117|0x0000000087500000, 0x0000000087600000, 0x0000000087600000|100%| O|  |TAMS 0x0000000087500000, 0x0000000087500000| Untracked 
| 118|0x0000000087600000, 0x0000000087700000, 0x0000000087700000|100%| O|  |TAMS 0x0000000087600000, 0x0000000087600000| Untracked 
| 119|0x0000000087700000, 0x0000000087800000, 0x0000000087800000|100%| O|  |TAMS 0x0000000087700000, 0x0000000087700000| Untracked 
| 120|0x0000000087800000, 0x0000000087900000, 0x0000000087900000|100%| O|  |TAMS 0x0000000087800000, 0x0000000087800000| Untracked 
| 121|0x0000000087900000, 0x0000000087a00000, 0x0000000087a00000|100%| O|  |TAMS 0x0000000087900000, 0x0000000087900000| Untracked 
| 122|0x0000000087a00000, 0x0000000087b00000, 0x0000000087b00000|100%| O|  |TAMS 0x0000000087a00000, 0x0000000087a00000| Untracked 
| 123|0x0000000087b00000, 0x0000000087c00000, 0x0000000087c00000|100%| O|  |TAMS 0x0000000087b00000, 0x0000000087b00000| Untracked 
| 124|0x0000000087c00000, 0x0000000087d00000, 0x0000000087d00000|100%| O|  |TAMS 0x0000000087c00000, 0x0000000087c00000| Untracked 
| 125|0x0000000087d00000, 0x0000000087e00000, 0x0000000087e00000|100%| O|  |TAMS 0x0000000087d00000, 0x0000000087d00000| Untracked 
| 126|0x0000000087e00000, 0x0000000087f00000, 0x0000000087f00000|100%| O|  |TAMS 0x0000000087e00000, 0x0000000087e00000| Untracked 
| 127|0x0000000087f00000, 0x0000000088000000, 0x0000000088000000|100%| O|  |TAMS 0x0000000087f00000, 0x0000000087f00000| Untracked 
| 128|0x0000000088000000, 0x0000000088100000, 0x0000000088100000|100%| O|  |TAMS 0x0000000088000000, 0x0000000088000000| Untracked 
| 129|0x0000000088100000, 0x0000000088200000, 0x0000000088200000|100%| O|  |TAMS 0x0000000088100000, 0x0000000088100000| Untracked 
| 130|0x0000000088200000, 0x0000000088300000, 0x0000000088300000|100%| O|  |TAMS 0x0000000088200000, 0x0000000088200000| Untracked 
| 131|0x0000000088300000, 0x0000000088400000, 0x0000000088400000|100%| O|  |TAMS 0x0000000088300000, 0x0000000088300000| Untracked 
| 132|0x0000000088400000, 0x0000000088500000, 0x0000000088500000|100%| O|  |TAMS 0x0000000088400000, 0x0000000088400000| Untracked 
| 133|0x0000000088500000, 0x0000000088600000, 0x0000000088600000|100%| O|  |TAMS 0x0000000088500000, 0x0000000088500000| Untracked 
| 134|0x0000000088600000, 0x0000000088700000, 0x0000000088700000|100%| O|  |TAMS 0x0000000088600000, 0x0000000088600000| Untracked 
| 135|0x0000000088700000, 0x0000000088800000, 0x0000000088800000|100%| O|  |TAMS 0x0000000088700000, 0x0000000088700000| Untracked 
| 136|0x0000000088800000, 0x0000000088900000, 0x0000000088900000|100%| O|  |TAMS 0x0000000088800000, 0x0000000088800000| Untracked 
| 137|0x0000000088900000, 0x0000000088a00000, 0x0000000088a00000|100%| O|  |TAMS 0x0000000088900000, 0x0000000088900000| Untracked 
| 138|0x0000000088a00000, 0x0000000088b00000, 0x0000000088b00000|100%| O|  |TAMS 0x0000000088a00000, 0x0000000088a00000| Untracked 
| 139|0x0000000088b00000, 0x0000000088c00000, 0x0000000088c00000|100%| O|  |TAMS 0x0000000088b00000, 0x0000000088b00000| Untracked 
| 140|0x0000000088c00000, 0x0000000088d00000, 0x0000000088d00000|100%| O|  |TAMS 0x0000000088c00000, 0x0000000088c00000| Untracked 
| 141|0x0000000088d00000, 0x0000000088e00000, 0x0000000088e00000|100%| O|  |TAMS 0x0000000088d00000, 0x0000000088d00000| Untracked 
| 142|0x0000000088e00000, 0x0000000088f00000, 0x0000000088f00000|100%| O|  |TAMS 0x0000000088e00000, 0x0000000088e00000| Untracked 
| 143|0x0000000088f00000, 0x0000000089000000, 0x0000000089000000|100%| O|  |TAMS 0x0000000088f00000, 0x0000000088f00000| Untracked 
| 144|0x0000000089000000, 0x0000000089000000, 0x0000000089100000|  0%| F|  |TAMS 0x0000000089000000, 0x0000000089000000| Untracked 
| 145|0x0000000089100000, 0x0000000089100000, 0x0000000089200000|  0%| F|  |TAMS 0x0000000089100000, 0x0000000089100000| Untracked 
| 146|0x0000000089200000, 0x0000000089200000, 0x0000000089300000|  0%| F|  |TAMS 0x0000000089200000, 0x0000000089200000| Untracked 
| 147|0x0000000089300000, 0x0000000089300000, 0x0000000089400000|  0%| F|  |TAMS 0x0000000089300000, 0x0000000089300000| Untracked 
| 148|0x0000000089400000, 0x0000000089500000, 0x0000000089500000|100%| O|  |TAMS 0x0000000089400000, 0x0000000089400000| Untracked 
| 149|0x0000000089500000, 0x0000000089600000, 0x0000000089600000|100%| O|  |TAMS 0x0000000089500000, 0x0000000089500000| Untracked 
| 150|0x0000000089600000, 0x0000000089624200, 0x0000000089700000| 14%| O|  |TAMS 0x0000000089600000, 0x0000000089600000| Untracked 
| 151|0x0000000089700000, 0x0000000089700000, 0x0000000089800000|  0%| F|  |TAMS 0x0000000089700000, 0x0000000089700000| Untracked 
| 152|0x0000000089800000, 0x0000000089800000, 0x0000000089900000|  0%| F|  |TAMS 0x0000000089800000, 0x0000000089800000| Untracked 
| 153|0x0000000089900000, 0x0000000089900000, 0x0000000089a00000|  0%| F|  |TAMS 0x0000000089900000, 0x0000000089900000| Untracked 
| 154|0x0000000089a00000, 0x0000000089a00000, 0x0000000089b00000|  0%| F|  |TAMS 0x0000000089a00000, 0x0000000089a00000| Untracked 
| 155|0x0000000089b00000, 0x0000000089b00000, 0x0000000089c00000|  0%| F|  |TAMS 0x0000000089b00000, 0x0000000089b00000| Untracked 
| 156|0x0000000089c00000, 0x0000000089c00000, 0x0000000089d00000|  0%| F|  |TAMS 0x0000000089c00000, 0x0000000089c00000| Untracked 
| 157|0x0000000089d00000, 0x0000000089d00000, 0x0000000089e00000|  0%| F|  |TAMS 0x0000000089d00000, 0x0000000089d00000| Untracked 
| 158|0x0000000089e00000, 0x0000000089e00000, 0x0000000089f00000|  0%| F|  |TAMS 0x0000000089e00000, 0x0000000089e00000| Untracked 
| 159|0x0000000089f00000, 0x0000000089f00000, 0x000000008a000000|  0%| F|  |TAMS 0x0000000089f00000, 0x0000000089f00000| Untracked 
| 160|0x000000008a000000, 0x000000008a000000, 0x000000008a100000|  0%| F|  |TAMS 0x000000008a000000, 0x000000008a000000| Untracked 
| 161|0x000000008a100000, 0x000000008a100000, 0x000000008a200000|  0%| F|  |TAMS 0x000000008a100000, 0x000000008a100000| Untracked 
| 162|0x000000008a200000, 0x000000008a200000, 0x000000008a300000|  0%| F|  |TAMS 0x000000008a200000, 0x000000008a200000| Untracked 
| 163|0x000000008a300000, 0x000000008a300000, 0x000000008a400000|  0%| F|  |TAMS 0x000000008a300000, 0x000000008a300000| Untracked 
| 164|0x000000008a400000, 0x000000008a400000, 0x000000008a500000|  0%| F|  |TAMS 0x000000008a400000, 0x000000008a400000| Untracked 
| 165|0x000000008a500000, 0x000000008a500000, 0x000000008a600000|  0%| F|  |TAMS 0x000000008a500000, 0x000000008a500000| Untracked 
| 166|0x000000008a600000, 0x000000008a600000, 0x000000008a700000|  0%| F|  |TAMS 0x000000008a600000, 0x000000008a600000| Untracked 
| 167|0x000000008a700000, 0x000000008a700000, 0x000000008a800000|  0%| F|  |TAMS 0x000000008a700000, 0x000000008a700000| Untracked 
| 168|0x000000008a800000, 0x000000008a876a60, 0x000000008a900000| 46%| S|CS|TAMS 0x000000008a800000, 0x000000008a800000| Complete 
| 169|0x000000008a900000, 0x000000008a900000, 0x000000008aa00000|  0%| F|  |TAMS 0x000000008a900000, 0x000000008a900000| Untracked 
| 170|0x000000008aa00000, 0x000000008aa00000, 0x000000008ab00000|  0%| F|  |TAMS 0x000000008aa00000, 0x000000008aa00000| Untracked 
| 171|0x000000008ab00000, 0x000000008ac00000, 0x000000008ac00000|100%| S|CS|TAMS 0x000000008ab00000, 0x000000008ab00000| Complete 
| 172|0x000000008ac00000, 0x000000008ac00000, 0x000000008ad00000|  0%| F|  |TAMS 0x000000008ac00000, 0x000000008ac00000| Untracked 
| 173|0x000000008ad00000, 0x000000008ae00000, 0x000000008ae00000|100%| S|CS|TAMS 0x000000008ad00000, 0x000000008ad00000| Complete 
| 174|0x000000008ae00000, 0x000000008ae00000, 0x000000008af00000|  0%| F|  |TAMS 0x000000008ae00000, 0x000000008ae00000| Untracked 
| 175|0x000000008af00000, 0x000000008af00000, 0x000000008b000000|  0%| F|  |TAMS 0x000000008af00000, 0x000000008af00000| Untracked 
| 176|0x000000008b000000, 0x000000008b000000, 0x000000008b100000|  0%| F|  |TAMS 0x000000008b000000, 0x000000008b000000| Untracked 
| 177|0x000000008b100000, 0x000000008b100000, 0x000000008b200000|  0%| F|  |TAMS 0x000000008b100000, 0x000000008b100000| Untracked 
| 178|0x000000008b200000, 0x000000008b200000, 0x000000008b300000|  0%| F|  |TAMS 0x000000008b200000, 0x000000008b200000| Untracked 
| 179|0x000000008b300000, 0x000000008b300000, 0x000000008b400000|  0%| F|  |TAMS 0x000000008b300000, 0x000000008b300000| Untracked 
| 180|0x000000008b400000, 0x000000008b400000, 0x000000008b500000|  0%| F|  |TAMS 0x000000008b400000, 0x000000008b400000| Untracked 
| 181|0x000000008b500000, 0x000000008b500000, 0x000000008b600000|  0%| F|  |TAMS 0x000000008b500000, 0x000000008b500000| Untracked 
| 182|0x000000008b600000, 0x000000008b600000, 0x000000008b700000|  0%| F|  |TAMS 0x000000008b600000, 0x000000008b600000| Untracked 
| 183|0x000000008b700000, 0x000000008b700000, 0x000000008b800000|  0%| F|  |TAMS 0x000000008b700000, 0x000000008b700000| Untracked 
| 184|0x000000008b800000, 0x000000008b800000, 0x000000008b900000|  0%| F|  |TAMS 0x000000008b800000, 0x000000008b800000| Untracked 
| 185|0x000000008b900000, 0x000000008b900000, 0x000000008ba00000|  0%| F|  |TAMS 0x000000008b900000, 0x000000008b900000| Untracked 
| 186|0x000000008ba00000, 0x000000008ba00000, 0x000000008bb00000|  0%| F|  |TAMS 0x000000008ba00000, 0x000000008ba00000| Untracked 
| 187|0x000000008bb00000, 0x000000008bb00000, 0x000000008bc00000|  0%| F|  |TAMS 0x000000008bb00000, 0x000000008bb00000| Untracked 
| 188|0x000000008bc00000, 0x000000008bc00000, 0x000000008bd00000|  0%| F|  |TAMS 0x000000008bc00000, 0x000000008bc00000| Untracked 
| 189|0x000000008bd00000, 0x000000008bd00000, 0x000000008be00000|  0%| F|  |TAMS 0x000000008bd00000, 0x000000008bd00000| Untracked 
| 190|0x000000008be00000, 0x000000008be00000, 0x000000008bf00000|  0%| F|  |TAMS 0x000000008be00000, 0x000000008be00000| Untracked 
| 191|0x000000008bf00000, 0x000000008bf00000, 0x000000008c000000|  0%| F|  |TAMS 0x000000008bf00000, 0x000000008bf00000| Untracked 
| 192|0x000000008c000000, 0x000000008c000000, 0x000000008c100000|  0%| F|  |TAMS 0x000000008c000000, 0x000000008c000000| Untracked 
| 193|0x000000008c100000, 0x000000008c100000, 0x000000008c200000|  0%| F|  |TAMS 0x000000008c100000, 0x000000008c100000| Untracked 
| 194|0x000000008c200000, 0x000000008c200000, 0x000000008c300000|  0%| F|  |TAMS 0x000000008c200000, 0x000000008c200000| Untracked 
| 195|0x000000008c300000, 0x000000008c300000, 0x000000008c400000|  0%| F|  |TAMS 0x000000008c300000, 0x000000008c300000| Untracked 
| 196|0x000000008c400000, 0x000000008c400000, 0x000000008c500000|  0%| F|  |TAMS 0x000000008c400000, 0x000000008c400000| Untracked 
| 197|0x000000008c500000, 0x000000008c5d78b0, 0x000000008c600000| 84%| E|  |TAMS 0x000000008c500000, 0x000000008c500000| Complete 
| 198|0x000000008c600000, 0x000000008c700000, 0x000000008c700000|100%| E|CS|TAMS 0x000000008c600000, 0x000000008c600000| Complete 
| 253|0x000000008fd00000, 0x000000008fe00000, 0x000000008fe00000|100%| E|  |TAMS 0x000000008fd00000, 0x000000008fd00000| Complete 

Card table byte_map: [0x000002ac7a930000,0x000002ac7ad30000] _byte_map_base: 0x000002ac7a530000

Marking Bits (Prev, Next): (CMBitMap*) 0x000002ac72a96d20, (CMBitMap*) 0x000002ac72a96d60
 Prev Bits: [0x000002ac7b130000, 0x000002ac7d130000)
 Next Bits: [0x000002ac7d130000, 0x000002ac7f130000)

Polling page: 0x000002ac708c0000

Metaspace:

Usage:
  Non-class:     86.20 MB used.
      Class:     13.90 MB used.
       Both:    100.10 MB used.

Virtual space:
  Non-class space:      128.00 MB reserved,      86.63 MB ( 68%) committed,  2 nodes.
      Class space:      416.00 MB reserved,      14.31 MB (  3%) committed,  1 nodes.
             Both:      544.00 MB reserved,     100.94 MB ( 19%) committed. 

Chunk freelists:
   Non-Class:  8.94 MB
       Class:  1.57 MB
        Both:  10.51 MB

MaxMetaspaceSize: 512.00 MB
CompressedClassSpaceSize: 416.00 MB
Initial GC threshold: 21.00 MB
Current GC threshold: 137.94 MB
CDS: on
MetaspaceReclaimPolicy: balanced
 - commit_granule_bytes: 65536.
 - commit_granule_words: 8192.
 - virtual_space_node_default_size: 8388608.
 - enlarge_chunks_in_place: 1.
 - new_chunks_are_fully_committed: 0.
 - uncommit_free_chunks: 1.
 - use_allocation_guard: 0.
 - handle_deallocations: 1.


Internal statistics:

num_allocs_failed_limit: 6.
num_arena_births: 1178.
num_arena_deaths: 0.
num_vsnodes_births: 3.
num_vsnodes_deaths: 0.
num_space_committed: 1615.
num_space_uncommitted: 0.
num_chunks_returned_to_freelist: 6.
num_chunks_taken_from_freelist: 5475.
num_chunk_merges: 6.
num_chunk_splits: 3563.
num_chunks_enlarged: 2291.
num_inconsistent_stats: 0.

CodeHeap 'non-profiled nmethods': size=120000Kb used=8365Kb max_used=8365Kb free=111634Kb
 bounds [0x000002ac07ad0000, 0x000002ac08300000, 0x000002ac0f000000]
CodeHeap 'profiled nmethods': size=120000Kb used=24896Kb max_used=24896Kb free=95103Kb
 bounds [0x000002ac00000000, 0x000002ac01860000, 0x000002ac07530000]
CodeHeap 'non-nmethods': size=5760Kb used=2432Kb max_used=2599Kb free=3327Kb
 bounds [0x000002ac07530000, 0x000002ac077d0000, 0x000002ac07ad0000]
 total_blobs=13495 nmethods=12525 adapters=882
 compilation: enabled
              stopped_count=0, restarted_count=0
 full_count=0

Compilation events (20 events):
Event: 51.718 Thread 0x000002ac7f66bee0 14713   !   3       org.gradle.execution.plan.DefaultPlanExecutor$ExecutorWorker::markFinished (54 bytes)
Event: 51.719 Thread 0x000002ac7f66bee0 nmethod 14713 0x000002ac01842790 code [0x000002ac018429c0, 0x000002ac01843338]
Event: 51.719 Thread 0x000002ac7f66bee0 14717       3       org.gradle.execution.taskgraph.DefaultTaskExecutionGraph$InvokeNodeExecutorsAction::execute (85 bytes)
Event: 51.720 Thread 0x000002ac7f66bee0 nmethod 14717 0x000002ac01843810 code [0x000002ac01843b40, 0x000002ac01844ee8]
Event: 51.720 Thread 0x000002ac7f66bee0 14714       3       org.gradle.execution.taskgraph.DefaultTaskExecutionGraph$BuildOperationAwareExecutionAction$$Lambda$1498/0x000002ac129d66b0::run (12 bytes)
Event: 51.720 Thread 0x000002ac7f66bee0 nmethod 14714 0x000002ac01845590 code [0x000002ac01845740, 0x000002ac01845988]
Event: 51.720 Thread 0x000002ac7f66bee0 14715       3       org.gradle.execution.taskgraph.DefaultTaskExecutionGraph$BuildOperationAwareExecutionAction::lambda$execute$0 (11 bytes)
Event: 51.720 Thread 0x000002ac7f66bee0 nmethod 14715 0x000002ac01845a90 code [0x000002ac01845c40, 0x000002ac01845e08]
Event: 51.720 Thread 0x000002ac7f66bee0 14716       3       org.gradle.execution.taskgraph.DefaultTaskExecutionGraph$InvokeNodeExecutorsAction::execute (9 bytes)
Event: 51.721 Thread 0x000002ac7f66bee0 nmethod 14716 0x000002ac01845f10 code [0x000002ac018460c0, 0x000002ac018462e8]
Event: 51.721 Thread 0x000002ac7f66bee0 14718       3       org.gradle.execution.ProjectExecutionServiceRegistry::forProject (23 bytes)
Event: 51.721 Thread 0x000002ac7f66bee0 nmethod 14718 0x000002ac01846390 code [0x000002ac01846580, 0x000002ac01846b68]
Event: 51.721 Thread 0x000002ac7f66bee0 14719       3       org.gradle.execution.plan.LocalTaskNodeExecutor::execute (97 bytes)
Event: 51.722 Thread 0x000002ac7f66bee0 nmethod 14719 0x000002ac01846e10 code [0x000002ac018470a0, 0x000002ac018481d8]
Event: 51.722 Thread 0x000002ac7f66bee0 14720       3       org.gradle.execution.plan.DefaultPlanExecutor$ExecutorWorker$$Lambda$1509/0x000002ac129e4f68::run (20 bytes)
Event: 51.723 Thread 0x000002ac7f66bee0 nmethod 14720 0x000002ac01848690 code [0x000002ac01848880, 0x000002ac01848e28]
Event: 51.723 Thread 0x000002ac7f66bee0 14721   !   3       org.gradle.execution.plan.DefaultPlanExecutor$ExecutorWorker::lambda$markFinished$2 (32 bytes)
Event: 51.723 Thread 0x000002ac7f66bee0 nmethod 14721 0x000002ac01849210 code [0x000002ac01849400, 0x000002ac01849948]
Event: 51.723 Thread 0x000002ac7f66bee0 14722       1       org.gradle.internal.snapshot.SingletonChildMap::access$000 (5 bytes)
Event: 51.723 Thread 0x000002ac7f66bee0 nmethod 14722 0x000002ac082f5590 code [0x000002ac082f5720, 0x000002ac082f57d8]

GC Heap History (20 events):
Event: 44.697 GC heap before
{Heap before GC invocations=56 (full 0):
 garbage-first heap   total 204800K, used 167265K [0x0000000080000000, 0x0000000100000000)
  region size 1024K, 65 young (66560K), 7 survivors (7168K)
 Metaspace       used 92506K, committed 93312K, reserved 557056K
  class space    used 12934K, committed 13312K, reserved 425984K
}
Event: 44.717 GC heap after
{Heap after GC invocations=57 (full 0):
 garbage-first heap   total 204800K, used 121394K [0x0000000080000000, 0x0000000100000000)
  region size 1024K, 9 young (9216K), 9 survivors (9216K)
 Metaspace       used 92506K, committed 93312K, reserved 557056K
  class space    used 12934K, committed 13312K, reserved 425984K
}
Event: 45.654 GC heap before
{Heap before GC invocations=57 (full 0):
 garbage-first heap   total 204800K, used 165426K [0x0000000080000000, 0x0000000100000000)
  region size 1024K, 52 young (53248K), 9 survivors (9216K)
 Metaspace       used 94868K, committed 95680K, reserved 557056K
  class space    used 13255K, committed 13632K, reserved 425984K
}
Event: 45.666 GC heap after
{Heap after GC invocations=58 (full 0):
 garbage-first heap   total 204800K, used 125663K [0x0000000080000000, 0x0000000100000000)
  region size 1024K, 4 young (4096K), 4 survivors (4096K)
 Metaspace       used 94868K, committed 95680K, reserved 557056K
  class space    used 13255K, committed 13632K, reserved 425984K
}
Event: 46.591 GC heap before
{Heap before GC invocations=58 (full 0):
 garbage-first heap   total 204800K, used 167647K [0x0000000080000000, 0x0000000100000000)
  region size 1024K, 45 young (46080K), 4 survivors (4096K)
 Metaspace       used 98561K, committed 99520K, reserved 557056K
  class space    used 13758K, committed 14208K, reserved 425984K
}
Event: 46.606 GC heap after
{Heap after GC invocations=59 (full 0):
 garbage-first heap   total 204800K, used 129425K [0x0000000080000000, 0x0000000100000000)
  region size 1024K, 4 young (4096K), 4 survivors (4096K)
 Metaspace       used 98561K, committed 99520K, reserved 557056K
  class space    used 13758K, committed 14208K, reserved 425984K
}
Event: 47.314 GC heap before
{Heap before GC invocations=59 (full 0):
 garbage-first heap   total 204800K, used 169361K [0x0000000080000000, 0x0000000100000000)
  region size 1024K, 43 young (44032K), 4 survivors (4096K)
 Metaspace       used 100336K, committed 101248K, reserved 557056K
  class space    used 13986K, committed 14400K, reserved 425984K
}
Event: 47.326 GC heap after
{Heap after GC invocations=60 (full 0):
 garbage-first heap   total 204800K, used 132354K [0x0000000080000000, 0x0000000100000000)
  region size 1024K, 4 young (4096K), 4 survivors (4096K)
 Metaspace       used 100336K, committed 101248K, reserved 557056K
  class space    used 13986K, committed 14400K, reserved 425984K
}
Event: 47.995 GC heap before
{Heap before GC invocations=60 (full 0):
 garbage-first heap   total 204800K, used 170242K [0x0000000080000000, 0x0000000100000000)
  region size 1024K, 41 young (41984K), 4 survivors (4096K)
 Metaspace       used 101034K, committed 101952K, reserved 557056K
  class space    used 14061K, committed 14528K, reserved 425984K
}
Event: 48.010 GC heap after
{Heap after GC invocations=61 (full 0):
 garbage-first heap   total 204800K, used 136670K [0x0000000080000000, 0x0000000100000000)
  region size 1024K, 5 young (5120K), 5 survivors (5120K)
 Metaspace       used 101034K, committed 101952K, reserved 557056K
  class space    used 14061K, committed 14528K, reserved 425984K
}
Event: 48.777 GC heap before
{Heap before GC invocations=61 (full 0):
 garbage-first heap   total 204800K, used 170462K [0x0000000080000000, 0x0000000100000000)
  region size 1024K, 39 young (39936K), 5 survivors (5120K)
 Metaspace       used 101812K, committed 102720K, reserved 557056K
  class space    used 14169K, committed 14592K, reserved 425984K
}
Event: 48.789 GC heap after
{Heap after GC invocations=62 (full 0):
 garbage-first heap   total 204800K, used 139574K [0x0000000080000000, 0x0000000100000000)
  region size 1024K, 3 young (3072K), 3 survivors (3072K)
 Metaspace       used 101812K, committed 102720K, reserved 557056K
  class space    used 14169K, committed 14592K, reserved 425984K
}
Event: 49.629 GC heap before
{Heap before GC invocations=62 (full 0):
 garbage-first heap   total 204800K, used 173366K [0x0000000080000000, 0x0000000100000000)
  region size 1024K, 36 young (36864K), 3 survivors (3072K)
 Metaspace       used 102267K, committed 103168K, reserved 557056K
  class space    used 14228K, committed 14656K, reserved 425984K
}
Event: 49.639 GC heap after
{Heap after GC invocations=63 (full 0):
 garbage-first heap   total 204800K, used 143654K [0x0000000080000000, 0x0000000100000000)
  region size 1024K, 4 young (4096K), 4 survivors (4096K)
 Metaspace       used 102267K, committed 103168K, reserved 557056K
  class space    used 14228K, committed 14656K, reserved 425984K
}
Event: 50.334 GC heap before
{Heap before GC invocations=63 (full 0):
 garbage-first heap   total 204800K, used 172326K [0x0000000080000000, 0x0000000100000000)
  region size 1024K, 33 young (33792K), 4 survivors (4096K)
 Metaspace       used 102277K, committed 103168K, reserved 557056K
  class space    used 14228K, committed 14656K, reserved 425984K
}
Event: 50.341 GC heap after
{Heap after GC invocations=64 (full 0):
 garbage-first heap   total 204800K, used 145011K [0x0000000080000000, 0x0000000100000000)
  region size 1024K, 2 young (2048K), 2 survivors (2048K)
 Metaspace       used 102277K, committed 103168K, reserved 557056K
  class space    used 14228K, committed 14656K, reserved 425984K
}
Event: 50.904 GC heap before
{Heap before GC invocations=64 (full 0):
 garbage-first heap   total 204800K, used 176755K [0x0000000080000000, 0x0000000100000000)
  region size 1024K, 30 young (30720K), 2 survivors (2048K)
 Metaspace       used 102319K, committed 103232K, reserved 557056K
  class space    used 14229K, committed 14656K, reserved 425984K
}
Event: 50.909 GC heap after
{Heap after GC invocations=65 (full 0):
 garbage-first heap   total 204800K, used 147284K [0x0000000080000000, 0x0000000100000000)
  region size 1024K, 4 young (4096K), 4 survivors (4096K)
 Metaspace       used 102319K, committed 103232K, reserved 557056K
  class space    used 14229K, committed 14656K, reserved 425984K
}
Event: 51.289 GC heap before
{Heap before GC invocations=65 (full 0):
 garbage-first heap   total 204800K, used 173908K [0x0000000080000000, 0x0000000100000000)
  region size 1024K, 31 young (31744K), 4 survivors (4096K)
 Metaspace       used 102403K, committed 103296K, reserved 557056K
  class space    used 14229K, committed 14656K, reserved 425984K
}
Event: 51.295 GC heap after
{Heap after GC invocations=66 (full 0):
 garbage-first heap   total 204800K, used 149547K [0x0000000080000000, 0x0000000100000000)
  region size 1024K, 3 young (3072K), 3 survivors (3072K)
 Metaspace       used 102403K, committed 103296K, reserved 557056K
  class space    used 14229K, committed 14656K, reserved 425984K
}

Dll operation events (14 events):
Event: 0.014 Loaded shared library C:\Program Files\Microsoft\jdk-17.0.8.7-hotspot\bin\java.dll
Event: 0.031 Loaded shared library C:\Program Files\Microsoft\jdk-17.0.8.7-hotspot\bin\jsvml.dll
Event: 0.091 Loaded shared library C:\Program Files\Microsoft\jdk-17.0.8.7-hotspot\bin\zip.dll
Event: 0.095 Loaded shared library C:\Program Files\Microsoft\jdk-17.0.8.7-hotspot\bin\instrument.dll
Event: 0.101 Loaded shared library C:\Program Files\Microsoft\jdk-17.0.8.7-hotspot\bin\net.dll
Event: 0.103 Loaded shared library C:\Program Files\Microsoft\jdk-17.0.8.7-hotspot\bin\nio.dll
Event: 0.107 Loaded shared library C:\Program Files\Microsoft\jdk-17.0.8.7-hotspot\bin\zip.dll
Event: 0.379 Loaded shared library C:\Program Files\Microsoft\jdk-17.0.8.7-hotspot\bin\jimage.dll
Event: 0.478 Loaded shared library C:\Program Files\Microsoft\jdk-17.0.8.7-hotspot\bin\verify.dll
Event: 0.715 Loaded shared library C:\Users\Hamza Pervaiz\.gradle\native\68d5fa5c4cc2d200863cafc0d521ce42e7d3e7ee720ec0a83991735586a16f82\windows-amd64\native-platform.dll
Event: 0.741 Loaded shared library C:\Users\Hamza Pervaiz\.gradle\native\e376f236ea51e6404a007f0833ffe2c6e607c4080706a723a18a27aeea778392\windows-amd64\native-platform-file-events.dll
Event: 2.147 Loaded shared library C:\Program Files\Microsoft\jdk-17.0.8.7-hotspot\bin\management.dll
Event: 2.150 Loaded shared library C:\Program Files\Microsoft\jdk-17.0.8.7-hotspot\bin\management_ext.dll
Event: 2.830 Loaded shared library C:\Program Files\Microsoft\jdk-17.0.8.7-hotspot\bin\sunmscapi.dll

Deoptimization events (20 events):
Event: 51.429 Thread 0x000002ac33373430 Uncommon trap: trap_request=0xffffffc6 fr.pc=0x000002ac0815adc8 relative=0x00000000000000a8
Event: 51.429 Thread 0x000002ac33373430 Uncommon trap: reason=bimorphic_or_optimized_type_check action=maybe_recompile pc=0x000002ac0815adc8 method=org.gradle.execution.plan.ActionNode.hasPendingPreExecutionNodes()Z @ 11 c2
Event: 51.429 Thread 0x000002ac33373430 DEOPT PACKING pc=0x000002ac0815adc8 sp=0x000000aeacafece0
Event: 51.429 Thread 0x000002ac33373430 DEOPT UNPACKING pc=0x000002ac075869a3 sp=0x000000aeacafec68 mode 2
Event: 51.441 Thread 0x000002ac33373430 Uncommon trap: trap_request=0xffffffc6 fr.pc=0x000002ac082c97f0 relative=0x0000000000003f30
Event: 51.441 Thread 0x000002ac33373430 Uncommon trap: reason=bimorphic_or_optimized_type_check action=maybe_recompile pc=0x000002ac082c97f0 method=org.gradle.internal.snapshot.impl.AbstractValueProcessor.processValue(Ljava/lang/Object;Lorg/gradle/internal/snapshot/impl/AbstractValueProcessor$V
Event: 51.441 Thread 0x000002ac33373430 DEOPT PACKING pc=0x000002ac082c97f0 sp=0x000000aeacafcac0
Event: 51.441 Thread 0x000002ac33373430 DEOPT UNPACKING pc=0x000002ac075869a3 sp=0x000000aeacafcab8 mode 2
Event: 51.447 Thread 0x000002ac33373430 Uncommon trap: trap_request=0xffffffc6 fr.pc=0x000002ac0815adc8 relative=0x00000000000000a8
Event: 51.447 Thread 0x000002ac33373430 Uncommon trap: reason=bimorphic_or_optimized_type_check action=maybe_recompile pc=0x000002ac0815adc8 method=org.gradle.execution.plan.ActionNode.hasPendingPreExecutionNodes()Z @ 11 c2
Event: 51.447 Thread 0x000002ac33373430 DEOPT PACKING pc=0x000002ac0815adc8 sp=0x000000aeacafece0
Event: 51.447 Thread 0x000002ac33373430 DEOPT UNPACKING pc=0x000002ac075869a3 sp=0x000000aeacafec68 mode 2
Event: 51.676 Thread 0x000002ac3336e330 Uncommon trap: trap_request=0xffffff45 fr.pc=0x000002ac07e1eb14 relative=0x0000000000002074
Event: 51.676 Thread 0x000002ac3336e330 Uncommon trap: reason=unstable_if action=reinterpret pc=0x000002ac07e1eb14 method=java.util.concurrent.ConcurrentHashMap.transfer([Ljava/util/concurrent/ConcurrentHashMap$Node;[Ljava/util/concurrent/ConcurrentHashMap$Node;)V @ 34 c2
Event: 51.677 Thread 0x000002ac3336e330 DEOPT PACKING pc=0x000002ac07e1eb14 sp=0x000000aeac3fe040
Event: 51.677 Thread 0x000002ac3336e330 DEOPT UNPACKING pc=0x000002ac075869a3 sp=0x000000aeac3fe008 mode 2
Event: 51.685 Thread 0x000002ac33372a10 Uncommon trap: trap_request=0xffffff45 fr.pc=0x000002ac07e1e770 relative=0x0000000000001cd0
Event: 51.685 Thread 0x000002ac33372a10 Uncommon trap: reason=unstable_if action=reinterpret pc=0x000002ac07e1e770 method=java.util.concurrent.ConcurrentHashMap.transfer([Ljava/util/concurrent/ConcurrentHashMap$Node;[Ljava/util/concurrent/ConcurrentHashMap$Node;)V @ 347 c2
Event: 51.685 Thread 0x000002ac33372a10 DEOPT PACKING pc=0x000002ac07e1e770 sp=0x000000aeac1fe2a0
Event: 51.685 Thread 0x000002ac33372a10 DEOPT UNPACKING pc=0x000002ac075869a3 sp=0x000000aeac1fe250 mode 2

Classes unloaded (0 events):
No events

Classes redefined (0 events):
No events

Internal exceptions (20 events):
Event: 47.571 Thread 0x000002ac31c339c0 Exception <a 'sun/nio/fs/WindowsException'{0x000000008bb25718}> (0x000000008bb25718) 
thrown [s\src\hotspot\share\prims\jni.cpp, line 516]
Event: 47.571 Thread 0x000002ac31c339c0 Exception <a 'sun/nio/fs/WindowsException'{0x000000008bb26dd8}> (0x000000008bb26dd8) 
thrown [s\src\hotspot\share\prims\jni.cpp, line 516]
Event: 47.572 Thread 0x000002ac31c339c0 Exception <a 'sun/nio/fs/WindowsException'{0x000000008bb28498}> (0x000000008bb28498) 
thrown [s\src\hotspot\share\prims\jni.cpp, line 516]
Event: 48.223 Thread 0x000002ac3336ed50 Exception <a 'java/lang/NoSuchMethodError'{0x000000008bb768e0}: 'void java.lang.invoke.DirectMethodHandle$Holder.invokeStatic(java.lang.Object, java.lang.Object, java.lang.Object, java.lang.Object, int, java.lang.Object, java.lang.Object)'> (0x000000008bb768e0) 
thrown [s\src\hotspot\share\interpreter\linkResolver.cpp, line 759]
Event: 48.277 Thread 0x000002ac32df77f0 Exception <a 'java/lang/NoSuchMethodError'{0x000000008baa9b48}: 'java.lang.Object java.lang.invoke.DirectMethodHandle$Holder.invokeSpecialIFC(java.lang.Object, java.lang.Object, java.lang.Object)'> (0x000000008baa9b48) 
thrown [s\src\hotspot\share\interpreter\linkResolver.cpp, line 759]
Event: 48.278 Thread 0x000002ac32df6dd0 Exception <a 'java/lang/NoSuchMethodError'{0x000000008ba5f088}: 'java.lang.Object java.lang.invoke.DirectMethodHandle$Holder.invokeSpecialIFC(java.lang.Object, java.lang.Object, java.lang.Object)'> (0x000000008ba5f088) 
thrown [s\src\hotspot\share\interpreter\linkResolver.cpp, line 759]
Event: 48.278 Thread 0x000002ac3336ed50 Exception <a 'java/lang/NoSuchMethodError'{0x000000008b90e428}: 'java.lang.Object java.lang.invoke.DirectMethodHandle$Holder.invokeSpecialIFC(java.lang.Object, java.lang.Object, java.lang.Object)'> (0x000000008b90e428) 
thrown [s\src\hotspot\share\interpreter\linkResolver.cpp, line 759]
Event: 48.278 Thread 0x000002ac32df72e0 Exception <a 'java/lang/NoSuchMethodError'{0x000000008ba8c2e0}: 'java.lang.Object java.lang.invoke.DirectMethodHandle$Holder.invokeSpecialIFC(java.lang.Object, java.lang.Object, java.lang.Object)'> (0x000000008ba8c2e0) 
thrown [s\src\hotspot\share\interpreter\linkResolver.cpp, line 759]
Event: 48.596 Thread 0x000002ac3336ed50 Exception <a 'java/lang/NoSuchMethodError'{0x000000008ad85e50}: 'void java.lang.invoke.DirectMethodHandle$Holder.invokeVirtual(java.lang.Object, java.lang.Object)'> (0x000000008ad85e50) 
thrown [s\src\hotspot\share\interpreter\linkResolver.cpp, line 759]
Event: 49.325 Thread 0x000002ac3336ed50 Exception <a 'java/lang/ClassNotFoundException'{0x000000008af9b5d8}: groovy/util/FileTreeBuilderBeanInfo> (0x000000008af9b5d8) 
thrown [s\src\hotspot\share\classfile\systemDictionary.cpp, line 256]
Event: 49.328 Thread 0x000002ac3336ed50 Exception <a 'java/lang/ClassNotFoundException'{0x000000008affdfd0}: groovy/util/FileTreeBuilderCustomizer> (0x000000008affdfd0) 
thrown [s\src\hotspot\share\classfile\systemDictionary.cpp, line 256]
Event: 49.341 Thread 0x000002ac3336ed50 Exception <a 'java/lang/ClassNotFoundException'{0x000000008ae449e8}: java/io/BufferedWriterBeanInfo> (0x000000008ae449e8) 
thrown [s\src\hotspot\share\classfile\systemDictionary.cpp, line 256]
Event: 49.341 Thread 0x000002ac3336ed50 Exception <a 'java/lang/ClassNotFoundException'{0x000000008ae4ab88}: java/io/WriterBeanInfo> (0x000000008ae4ab88) 
thrown [s\src\hotspot\share\classfile\systemDictionary.cpp, line 256]
Event: 49.342 Thread 0x000002ac3336ed50 Exception <a 'java/lang/ClassNotFoundException'{0x000000008ae50d48}: java/io/WriterCustomizer> (0x000000008ae50d48) 
thrown [s\src\hotspot\share\classfile\systemDictionary.cpp, line 256]
Event: 49.342 Thread 0x000002ac3336ed50 Exception <a 'java/lang/ClassNotFoundException'{0x000000008ae5fe10}: java/io/BufferedWriterCustomizer> (0x000000008ae5fe10) 
thrown [s\src\hotspot\share\classfile\systemDictionary.cpp, line 256]
Event: 49.466 Thread 0x000002ac33373430 Exception <a 'java/lang/NoSuchMethodError'{0x000000008aef3fc8}: static Lcom/android/build/api/variant/BuildConfigField;.<clinit>()V> (0x000000008aef3fc8) 
thrown [s\src\hotspot\share\prims\jni.cpp, line 1107]
Event: 51.406 Thread 0x000002ac33373430 Exception <a 'java/lang/NoSuchMethodError'{0x000000008bf015a0}: static Lcom/android/build/api/variant/impl/ResValueKeyImpl;.<clinit>()V> (0x000000008bf015a0) 
thrown [s\src\hotspot\share\prims\jni.cpp, line 1107]
Event: 51.407 Thread 0x000002ac33373430 Exception <a 'java/lang/NoSuchMethodError'{0x000000008bf10518}: static Lcom/android/build/api/variant/ResValue;.<clinit>()V> (0x000000008bf10518) 
thrown [s\src\hotspot\share\prims\jni.cpp, line 1107]
Event: 51.417 Thread 0x000002ac33373430 Exception <a 'sun/nio/fs/WindowsException'{0x000000008bf44d80}> (0x000000008bf44d80) 
thrown [s\src\hotspot\share\prims\jni.cpp, line 516]
Event: 51.435 Thread 0x000002ac33373430 Exception <a 'sun/nio/fs/WindowsException'{0x000000008bfc7940}> (0x000000008bfc7940) 
thrown [s\src\hotspot\share\prims\jni.cpp, line 516]

VM Operations (20 events):
Event: 49.332 Executing VM operation: HandshakeAllThreads
Event: 49.332 Executing VM operation: HandshakeAllThreads done
Event: 49.335 Executing VM operation: HandshakeAllThreads
Event: 49.336 Executing VM operation: HandshakeAllThreads done
Event: 49.464 Executing VM operation: ICBufferFull
Event: 49.464 Executing VM operation: ICBufferFull done
Event: 49.629 Executing VM operation: G1CollectForAllocation
Event: 49.639 Executing VM operation: G1CollectForAllocation done
Event: 50.334 Executing VM operation: G1CollectForAllocation
Event: 50.341 Executing VM operation: G1CollectForAllocation done
Event: 50.904 Executing VM operation: G1CollectForAllocation
Event: 50.911 Executing VM operation: G1CollectForAllocation done
Event: 51.288 Executing VM operation: G1CollectForAllocation
Event: 51.297 Executing VM operation: G1CollectForAllocation done
Event: 51.424 Executing VM operation: HandshakeAllThreads
Event: 51.424 Executing VM operation: HandshakeAllThreads done
Event: 51.426 Executing VM operation: HandshakeAllThreads
Event: 51.426 Executing VM operation: HandshakeAllThreads done
Event: 51.619 Executing VM operation: ICBufferFull
Event: 51.620 Executing VM operation: ICBufferFull done

Events (20 events):
Event: 49.143 Thread 0x000002ac35075d80 Thread added: 0x000002ac35075d80
Event: 49.144 Thread 0x000002ac350776d0 Thread added: 0x000002ac350776d0
Event: 49.270 Thread 0x000002ac35078b10 Thread added: 0x000002ac35078b10
Event: 49.341 loading class java/io/BufferedWriterBeanInfo
Event: 49.341 loading class java/io/BufferedWriterBeanInfo done
Event: 49.341 loading class java/io/BufferedWriterBeanInfo
Event: 49.341 loading class java/io/BufferedWriterBeanInfo done
Event: 49.341 loading class java/io/WriterBeanInfo
Event: 49.341 loading class java/io/WriterBeanInfo done
Event: 49.341 loading class java/io/WriterBeanInfo
Event: 49.341 loading class java/io/WriterBeanInfo done
Event: 49.341 loading class java/io/WriterCustomizer
Event: 49.341 loading class java/io/WriterCustomizer done
Event: 49.342 loading class java/io/WriterCustomizer
Event: 49.342 loading class java/io/WriterCustomizer done
Event: 49.342 loading class java/io/BufferedWriterCustomizer
Event: 49.342 loading class java/io/BufferedWriterCustomizer done
Event: 49.342 loading class java/io/BufferedWriterCustomizer
Event: 49.342 loading class java/io/BufferedWriterCustomizer done
Event: 49.565 Thread 0x000002ac35079f50 Thread added: 0x000002ac35079f50


Dynamic libraries:
0x00007ff77ac80000 - 0x00007ff77ac8e000 	C:\Program Files\Microsoft\jdk-17.0.8.7-hotspot\bin\java.exe
0x00007ffdfaaa0000 - 0x00007ffdfac90000 	C:\Windows\SYSTEM32\ntdll.dll
0x00007ffdfa1e0000 - 0x00007ffdfa292000 	C:\Windows\System32\KERNEL32.DLL
0x00007ffdf8040000 - 0x00007ffdf82e3000 	C:\Windows\System32\KERNELBASE.dll
0x00007ffdf7a50000 - 0x00007ffdf7b4a000 	C:\Windows\System32\ucrtbase.dll
0x00007ffdcd420000 - 0x00007ffdcd43b000 	C:\Program Files\Microsoft\jdk-17.0.8.7-hotspot\bin\VCRUNTIME140.dll
0x00007ffdcd350000 - 0x00007ffdcd367000 	C:\Program Files\Microsoft\jdk-17.0.8.7-hotspot\bin\jli.dll
0x00007ffdf8cb0000 - 0x00007ffdf8e44000 	C:\Windows\System32\USER32.dll
0x00007ffde7de0000 - 0x00007ffde8065000 	C:\Windows\WinSxS\amd64_microsoft.windows.common-controls_6595b64144ccf1df_6.0.18362.418_none_e6c6b287130d565d\COMCTL32.dll
0x00007ffdf8ac0000 - 0x00007ffdf8ae1000 	C:\Windows\System32\win32u.dll
0x00007ffdfa730000 - 0x00007ffdfa756000 	C:\Windows\System32\GDI32.dll
0x00007ffdf7ea0000 - 0x00007ffdf8034000 	C:\Windows\System32\gdi32full.dll
0x00007ffdf7b50000 - 0x00007ffdf7bee000 	C:\Windows\System32\msvcp_win.dll
0x00007ffdf8c10000 - 0x00007ffdf8cae000 	C:\Windows\System32\msvcrt.dll
0x00007ffdfa320000 - 0x00007ffdfa656000 	C:\Windows\System32\combase.dll
0x00007ffdfa090000 - 0x00007ffdfa1b0000 	C:\Windows\System32\RPCRT4.dll
0x00007ffdf7d70000 - 0x00007ffdf7df0000 	C:\Windows\System32\bcryptPrimitives.dll
0x00007ffdfa1b0000 - 0x00007ffdfa1de000 	C:\Windows\System32\IMM32.DLL
0x00007ffddeb80000 - 0x00007ffddeb8c000 	C:\Program Files\Microsoft\jdk-17.0.8.7-hotspot\bin\vcruntime140_1.dll
0x00007ffdc46e0000 - 0x00007ffdc476d000 	C:\Program Files\Microsoft\jdk-17.0.8.7-hotspot\bin\msvcp140.dll
0x00007ffd7d700000 - 0x00007ffd7e365000 	C:\Program Files\Microsoft\jdk-17.0.8.7-hotspot\bin\server\jvm.dll
0x00007ffdf9060000 - 0x00007ffdf9103000 	C:\Windows\System32\ADVAPI32.dll
0x00007ffdf9aa0000 - 0x00007ffdf9b37000 	C:\Windows\System32\sechost.dll
0x00007ffdf7980000 - 0x00007ffdf79ca000 	C:\Windows\System32\POWRPROF.dll
0x00007ffdf7970000 - 0x00007ffdf7980000 	C:\Windows\System32\UMPDC.dll
0x00007ffdf1060000 - 0x00007ffdf106a000 	C:\Windows\SYSTEM32\VERSION.dll
0x00007ffddd740000 - 0x00007ffddd749000 	C:\Windows\SYSTEM32\WSOCK32.dll
0x00007ffdf5650000 - 0x00007ffdf5674000 	C:\Windows\SYSTEM32\WINMM.dll
0x00007ffdf8ec0000 - 0x00007ffdf8f2f000 	C:\Windows\System32\WS2_32.dll
0x00007ffdf54f0000 - 0x00007ffdf551d000 	C:\Windows\SYSTEM32\WINMMBASE.dll
0x00007ffdf82f0000 - 0x00007ffdf833a000 	C:\Windows\System32\cfgmgr32.dll
0x00007ffdf79f0000 - 0x00007ffdf7a01000 	C:\Windows\System32\kernel.appcore.dll
0x00007ffddd4f0000 - 0x00007ffddd4fa000 	C:\Program Files\Microsoft\jdk-17.0.8.7-hotspot\bin\jimage.dll
0x00007ffdf6230000 - 0x00007ffdf6424000 	C:\Windows\SYSTEM32\DBGHELP.DLL
0x00007ffde1750000 - 0x00007ffde177a000 	C:\Windows\SYSTEM32\dbgcore.DLL
0x00007ffdd1050000 - 0x00007ffdd105e000 	C:\Program Files\Microsoft\jdk-17.0.8.7-hotspot\bin\instrument.dll
0x00007ffdcd060000 - 0x00007ffdcd085000 	C:\Program Files\Microsoft\jdk-17.0.8.7-hotspot\bin\java.dll
0x00007ffda5e30000 - 0x00007ffda5f07000 	C:\Program Files\Microsoft\jdk-17.0.8.7-hotspot\bin\jsvml.dll
0x00007ffdf9200000 - 0x00007ffdf98e5000 	C:\Windows\System32\SHELL32.dll
0x00007ffdf8f30000 - 0x00007ffdf8fd9000 	C:\Windows\System32\shcore.dll
0x00007ffdf8340000 - 0x00007ffdf8abf000 	C:\Windows\System32\windows.storage.dll
0x00007ffdf7a10000 - 0x00007ffdf7a2f000 	C:\Windows\System32\profapi.dll
0x00007ffdfa030000 - 0x00007ffdfa082000 	C:\Windows\System32\shlwapi.dll
0x00007ffdf7a30000 - 0x00007ffdf7a47000 	C:\Windows\System32\cryptsp.dll
0x00007ffdc4890000 - 0x00007ffdc48a8000 	C:\Program Files\Microsoft\jdk-17.0.8.7-hotspot\bin\zip.dll
0x00007ffdcce40000 - 0x00007ffdcce59000 	C:\Program Files\Microsoft\jdk-17.0.8.7-hotspot\bin\net.dll
0x00007ffde8ea0000 - 0x00007ffde8f90000 	C:\Windows\SYSTEM32\WINHTTP.dll
0x00007ffdf7130000 - 0x00007ffdf7197000 	C:\Windows\system32\mswsock.dll
0x00007ffdc48b0000 - 0x00007ffdc48c6000 	C:\Program Files\Microsoft\jdk-17.0.8.7-hotspot\bin\nio.dll
0x00007ffdd3e60000 - 0x00007ffdd3e70000 	C:\Program Files\Microsoft\jdk-17.0.8.7-hotspot\bin\verify.dll
0x00007ffdc46b0000 - 0x00007ffdc46d7000 	C:\Users\Hamza Pervaiz\.gradle\native\68d5fa5c4cc2d200863cafc0d521ce42e7d3e7ee720ec0a83991735586a16f82\windows-amd64\native-platform.dll
0x00007ffd94d00000 - 0x00007ffd94e44000 	C:\Users\Hamza Pervaiz\.gradle\native\e376f236ea51e6404a007f0833ffe2c6e607c4080706a723a18a27aeea778392\windows-amd64\native-platform-file-events.dll
0x00007ffdd2b40000 - 0x00007ffdd2b49000 	C:\Program Files\Microsoft\jdk-17.0.8.7-hotspot\bin\management.dll
0x00007ffdd1d50000 - 0x00007ffdd1d5b000 	C:\Program Files\Microsoft\jdk-17.0.8.7-hotspot\bin\management_ext.dll
0x00007ffdf8eb0000 - 0x00007ffdf8eb8000 	C:\Windows\System32\PSAPI.DLL
0x00007ffdf6cb0000 - 0x00007ffdf6ce3000 	C:\Windows\system32\rsaenh.dll
0x00007ffdf7d40000 - 0x00007ffdf7d66000 	C:\Windows\System32\bcrypt.dll
0x00007ffdf7890000 - 0x00007ffdf78b5000 	C:\Windows\SYSTEM32\USERENV.dll
0x00007ffdf72b0000 - 0x00007ffdf72bc000 	C:\Windows\SYSTEM32\CRYPTBASE.dll
0x00007ffdf6e50000 - 0x00007ffdf6e8a000 	C:\Windows\SYSTEM32\IPHLPAPI.DLL
0x00007ffdf8b50000 - 0x00007ffdf8b58000 	C:\Windows\System32\NSI.dll
0x00007ffdf0cf0000 - 0x00007ffdf0d06000 	C:\Windows\SYSTEM32\dhcpcsvc6.DLL
0x00007ffdf0cd0000 - 0x00007ffdf0cec000 	C:\Windows\SYSTEM32\dhcpcsvc.DLL
0x00007ffdf6e90000 - 0x00007ffdf6f5a000 	C:\Windows\SYSTEM32\DNSAPI.dll
0x00007ffdd0e70000 - 0x00007ffdd0e7e000 	C:\Program Files\Microsoft\jdk-17.0.8.7-hotspot\bin\sunmscapi.dll
0x00007ffdf7bf0000 - 0x00007ffdf7d39000 	C:\Windows\System32\CRYPT32.dll
0x00007ffdf79d0000 - 0x00007ffdf79e2000 	C:\Windows\System32\MSASN1.dll
0x00007ffdf73b0000 - 0x00007ffdf73d6000 	C:\Windows\SYSTEM32\ncrypt.dll
0x00007ffdf7370000 - 0x00007ffdf73ab000 	C:\Windows\SYSTEM32\NTASN1.dll
0x00007ffdd0ca0000 - 0x00007ffdd0ca7000 	C:\Windows\system32\wshunix.dll
0x00007ffde8820000 - 0x00007ffde882a000 	C:\Windows\System32\rasadhlp.dll
0x00007ffdf0290000 - 0x00007ffdf0307000 	C:\Windows\System32\fwpuclnt.dll
0x00007ffdf2b60000 - 0x00007ffdf2b76000 	C:\Windows\system32\napinsp.dll
0x00007ffdf1070000 - 0x00007ffdf108a000 	C:\Windows\system32\pnrpnsp.dll
0x00007ffdf2650000 - 0x00007ffdf265e000 	C:\Windows\System32\winrnr.dll
0x00007ffdf3d40000 - 0x00007ffdf3d5c000 	C:\Windows\system32\NLAapi.dll
0x00007ffdf0470000 - 0x00007ffdf0485000 	C:\Windows\system32\wshbth.dll

dbghelp: loaded successfully - version: 4.0.5 - missing functions: none
symbol engine: initialized successfully - sym options: 0x614 - pdb path: .;C:\Program Files\Microsoft\jdk-17.0.8.7-hotspot\bin;C:\Windows\SYSTEM32;C:\Windows\WinSxS\amd64_microsoft.windows.common-controls_6595b64144ccf1df_6.0.18362.418_none_e6c6b287130d565d;C:\Program Files\Microsoft\jdk-17.0.8.7-hotspot\bin\server;C:\Users\Hamza Pervaiz\.gradle\native\68d5fa5c4cc2d200863cafc0d521ce42e7d3e7ee720ec0a83991735586a16f82\windows-amd64;C:\Users\Hamza Pervaiz\.gradle\native\e376f236ea51e6404a007f0833ffe2c6e607c4080706a723a18a27aeea778392\windows-amd64

VM Arguments:
jvm_args: -XX:MaxMetaspaceSize=512m --add-opens=java.base/java.util=ALL-UNNAMED --add-opens=java.base/java.lang=ALL-UNNAMED --add-opens=java.base/java.lang.invoke=ALL-UNNAMED --add-opens=java.prefs/java.util.prefs=ALL-UNNAMED --add-opens=java.base/java.nio.charset=ALL-UNNAMED --add-opens=java.base/java.net=ALL-UNNAMED --add-opens=java.base/java.util.concurrent.atomic=ALL-UNNAMED -Xmx2048m -Dfile.encoding=windows-1252 -Duser.country=US -Duser.language=en -Duser.variant -javaagent:C:\Users\Hamza Pervaiz\.gradle\wrapper\dists\gradle-8.3-all\6en3ugtfdg5xnpx44z4qbwgas\gradle-8.3\lib\agents\gradle-instrumentation-agent-8.3.jar 
java_command: org.gradle.launcher.daemon.bootstrap.GradleDaemon 8.3
java_class_path (initial): C:\Users\Hamza Pervaiz\.gradle\wrapper\dists\gradle-8.3-all\6en3ugtfdg5xnpx44z4qbwgas\gradle-8.3\lib\gradle-launcher-8.3.jar
Launcher Type: SUN_STANDARD

[Global flags]
     intx CICompilerCount                          = 3                                         {product} {ergonomic}
   size_t CompressedClassSpaceSize                 = 436207616                                 {product} {ergonomic}
     uint ConcGCThreads                            = 1                                         {product} {ergonomic}
     uint G1ConcRefinementThreads                  = 4                                         {product} {ergonomic}
   size_t G1HeapRegionSize                         = 1048576                                   {product} {ergonomic}
    uintx GCDrainStackTargetSize                   = 64                                        {product} {ergonomic}
   size_t InitialHeapSize                          = 266338304                                 {product} {ergonomic}
   size_t MarkStackSize                            = 4194304                                   {product} {ergonomic}
   size_t MaxHeapSize                              = 2147483648                                {product} {command line}
   size_t MaxMetaspaceSize                         = 536870912                                 {product} {command line}
   size_t MaxNewSize                               = 1287651328                                {product} {ergonomic}
   size_t MinHeapDeltaBytes                        = 1048576                                   {product} {ergonomic}
   size_t MinHeapSize                              = 8388608                                   {product} {ergonomic}
    uintx NonNMethodCodeHeapSize                   = 5832780                                {pd product} {ergonomic}
    uintx NonProfiledCodeHeapSize                  = 122912730                              {pd product} {ergonomic}
    uintx ProfiledCodeHeapSize                     = 122912730                              {pd product} {ergonomic}
    uintx ReservedCodeCacheSize                    = 251658240                              {pd product} {ergonomic}
     bool SegmentedCodeCache                       = true                                      {product} {ergonomic}
   size_t SoftMaxHeapSize                          = 2147483648                             {manageable} {ergonomic}
     bool UseCompressedClassPointers               = true                           {product lp64_product} {ergonomic}
     bool UseCompressedOops                        = true                           {product lp64_product} {ergonomic}
     bool UseG1GC                                  = true                                      {product} {ergonomic}
     bool UseLargePagesIndividualAllocation        = false                                  {pd product} {ergonomic}

Logging:
Log output configuration:
 #0: stdout all=warning uptime,level,tags
 #1: stderr all=off uptime,level,tags

Environment Variables:
JAVA_HOME=C:\Program Files\Microsoft\jdk-17.0.8.7-hotspot\
CLASSPATH=E:\React Project\BottomNavigation\android\\gradle\wrapper\gradle-wrapper.jar
PATH=E:\React Project\BottomNavigation\node_modules\.bin;E:\React Project\BottomNavigation\node_modules\.bin;E:\React Project\node_modules\.bin;E:\node_modules\.bin;C:\Program Files\nodejs\node_modules\npm\node_modules\@npmcli\run-script\lib\node-gyp-bin;E:\React Project\BottomNavigation\node_modules\.bin;E:\React Project\node_modules\.bin;E:\node_modules\.bin;C:\Program Files\nodejs\node_modules\npm\node_modules\@npmcli\run-script\lib\node-gyp-bin;C:\Program Files\Microsoft\jdk-17.0.8.7-hotspot\bin;C:\Windows\system32;C:\Windows;C:\Windows\System32\Wbem;C:\Windows\System32\WindowsPowerShell\v1.0\;C:\Windows\System32\OpenSSH\;C:\ProgramData\chocolatey\bin;C:\Program Files\nodejs\;C:\Users\Hamza Pervaiz\AppData\Local\Microsoft\WindowsApps;C:\Users\Hamza Pervaiz\AppData\Roaming\npm;C:\Users\Hamza Pervaiz\AppData\Local\Android\Sdk;C:\Users\Hamza Pervaiz\AppData\Local\Android\Sdk\platform-tools;C:\Users\Hamza Pervaiz\AppData\Local\Android\Sdk\platforms;C:\Program Files\Microsoft\jdk-17.0.8.7-hotspot\bin;;C:\Users\Hamza Pervaiz\AppData\Local\Programs\Microsoft VS Code\bin
USERNAME=Hamza Pervaiz
LANG=en_US.UTF-8
OS=Windows_NT
PROCESSOR_IDENTIFIER=Intel64 Family 6 Model 142 Stepping 9, GenuineIntel
TMP=C:\Users\HAMZAP~1\AppData\Local\Temp
TEMP=C:\Users\HAMZAP~1\AppData\Local\Temp



---------------  S Y S T E M  ---------------

OS:
 Windows 10 , 64 bit Build 18362 (10.0.18362.329)
OS uptime: 2 days 19:01 hours
Hyper-V role detected

CPU: total 4 (initial active 4) (2 cores per cpu, 2 threads per core) family 6 model 142 stepping 9 microcode 0x8e, cx8, cmov, fxsr, ht, mmx, 3dnowpref, sse, sse2, sse3, ssse3, sse4.1, sse4.2, popcnt, lzcnt, tsc, tscinvbit, avx, avx2, aes, erms, clmul, bmi1, bmi2, adx, fma, vzeroupper, clflush, clflushopt, hv
Processor Information for all 4 processors :
  Max Mhz: 2901, Current Mhz: 2901, Mhz Limit: 2901

Memory: 4k page, system-wide physical 16169M (7794M free)
TotalPageFile size 18601M (AvailPageFile size 10901M)
current process WorkingSet (physical memory assigned to process): 493M, peak: 509M
current process commit charge ("private bytes"): 530M, peak: 546M

vm_info: OpenJDK 64-Bit Server VM (17.0.8+7-LTS) for windows-amd64 JRE (17.0.8+7-LTS), built on Jul  7 2023 17:21:55 by "MicrosoftCorporation" with MS VC++ 16.10 / 16.11 (VS2019)

END.
